#
# A fatal error has been detected by the Java Runtime Environment:
#
#  SIGSEGV (0xb) at pc=0x00007fa62ddf2d28, pid=5189, tid=0x00007fa5c2afc700
#
# JRE version: Java(TM) SE Runtime Environment (8.0_111-b14) (build 1.8.0_111-b14)
# Java VM: Java HotSpot(TM) 64-Bit Server VM (25.111-b14 mixed mode linux-amd64 compressed oops)
# Problematic frame:
# V  [libjvm.so+0x6d1d28]  jni_invoke_nonstatic(JNIEnv_*, JavaValue*, _jobject*, JNICallType, _jmethodID*, JNI_ArgumentPusher*, Thread*)+0x38
#
# Failed to write core dump. Core dumps have been disabled. To enable core dumping, try "ulimit -c unlimited" before starting Java again
#
# If you would like to submit a bug report, please visit:
#   http://bugreport.java.com/bugreport/crash.jsp
#

---------------  T H R E A D  ---------------

Current thread (0x00007fa6282d0000):  JavaThread "JavaFX Application Thread" [_thread_in_vm, id=5215, stack(0x00007fa5c29fc000,0x00007fa5c2afd000)]

siginfo: si_signo: 11 (SIGSEGV), si_code: 1 (SEGV_MAPERR), si_addr: 0x0000000000000001

Registers:
RAX=0x00007fa5c2afb140, RBX=0x00007fa5c2afb050, RCX=0x0000000000000001, RDX=0x0000000000000001
RSP=0x00007fa5c2afaea0, RBP=0x00007fa5c2afb020, RSI=0x00007fa5c2afb0b0, RDI=0x00007fa6282d01f8
R8 =0x00007fa628290b60, R9 =0x00007fa5c2afb050, R10=0x00007fa5b4000be0, R11=0x00007fa61915ab00
R12=0x00007fa6282d0000, R13=0x00007fa628290b60, R14=0x0000000000000001, R15=0x00007fa6282d01f8
RIP=0x00007fa62ddf2d28, EFLAGS=0x0000000000010202, CSGSFS=0x002b000000000033, ERR=0x0000000000000004
  TRAPNO=0x000000000000000e

Top of Stack: (sp=0x00007fa5c2afaea0)
0x00007fa5c2afaea0:   00007fa5c2afb5a0 00007fa5c2afb1c0
0x00007fa5c2afaeb0:   00007fa5c2afaf00 00007fa5c2afaf80
0x00007fa5c2afaec0:   00007fa5c2afb050 00007fa5c2afb0b0
0x00007fa5c2afaed0:   00007fa6282d01f8 00007fa62de12830
0x00007fa5c2afaee0:   00007fa5dc04d470 00007fa5dc04d480
0x00007fa5c2afaef0:   00007fa5dc04d858 00000000000003d8
0x00007fa5c2afaf00:   00007fa6282cf308 00000000d77b4430
0x00007fa5c2afaf10:   00007fa60000006f 00007fa60000000a
0x00007fa5c2afaf20:   00000000d7e532f0 00007fa600000000
0x00007fa5c2afaf30:   00007fa5c2afaf70 000000000f8d4d8f
0x00007fa5c2afaf40:   00007fa613840a00 0000000100000100
0x00007fa5c2afaf50:   00007fa6138c2348 00007fa5c2afaf08
0x00007fa5c2afaf60:   00007fa5c2afaf49 0000000800000005
0x00007fa5c2afaf70:   00007fa6138e7c00 00007fa6282cf310
0x00007fa5c2afaf80:   00007fa62e67faf0 00007fa62f18f6d0
0x00007fa5c2afaf90:   00000000282cf7b0 00007fa6282d0000
0x00007fa5c2afafa0:   0000000000000000 00007fa62ddf30fb
0x00007fa5c2afafb0:   00007fa61384ae48 00007fa6282d0000
0x00007fa5c2afafc0:   00007fa61384ae48 00007fa6282d0000
0x00007fa5c2afafd0:   00007fa5c2afb160 00007fa61384ae48
0x00007fa5c2afafe0:   00007fa61384ae48 00007fa61384ae48
0x00007fa5c2afaff0:   00007fa5dc04d470 00007fa5c2afb050
0x00007fa5c2afb000:   00007fa6282d0000 00007fa5c2afb090
0x00007fa5c2afb010:   00007fa628290b60 00007fa6282d01f8
0x00007fa5c2afb020:   00007fa5c2afb110 00007fa62ddf74cf
0x00007fa5c2afb030:   00007fa6282d0000 00007fa6107a1ff4
0x00007fa5c2afb040:   00007fa5c2afb128 0000000000000001
0x00007fa5c2afb050:   00007fa62e680750 00007fa62f18f6d0
0x00007fa5c2afb060:   00000000c2afb0d0 00007fa500000063
0x00007fa5c2afb070:   0000000000000000 0000003000000018
0x00007fa5c2afb080:   00007fa5c2afb200 00007fa5c2afb140
0x00007fa5c2afb090:   00007fa6282d0000 0000000000000000 

Instructions: (pc=0x00007fa62ddf2d28)
0x00007fa62ddf2d08:   00 00 48 85 d2 48 89 bd b0 fe ff ff 48 89 b5 a8
0x00007fa62ddf2d18:   fe ff ff 4c 89 8d a0 fe ff ff 0f 84 78 09 00 00
0x00007fa62ddf2d28:   4c 8b 22 4d 85 e4 0f 84 6c 09 00 00 48 8b 45 10
0x00007fa62ddf2d38:   48 8b 98 38 01 00 00 48 83 7b 18 f7 0f 87 16 07 

Register to memory mapping:

RAX=0x00007fa5c2afb140 is pointing into the stack for thread: 0x00007fa6282d0000
RBX=0x00007fa5c2afb050 is pointing into the stack for thread: 0x00007fa6282d0000
RCX=0x0000000000000001 is an unknown value
RDX=0x0000000000000001 is an unknown value
RSP=0x00007fa5c2afaea0 is pointing into the stack for thread: 0x00007fa6282d0000
RBP=0x00007fa5c2afb020 is pointing into the stack for thread: 0x00007fa6282d0000
RSI=0x00007fa5c2afb0b0 is pointing into the stack for thread: 0x00007fa6282d0000
RDI=0x00007fa6282d01f8 is an unknown value
R8 =0x00007fa628290b60 is an unknown value
R9 =0x00007fa5c2afb050 is pointing into the stack for thread: 0x00007fa6282d0000
R10=0x00007fa5b4000be0 is an unknown value
R11=0x00007fa61915ab00 is at entry_point+32 in (nmethod*)0x00007fa61915a990
R12=0x00007fa6282d0000 is a thread
R13=0x00007fa628290b60 is an unknown value
R14=0x0000000000000001 is an unknown value
R15=0x00007fa6282d01f8 is an unknown value


Stack: [0x00007fa5c29fc000,0x00007fa5c2afd000],  sp=0x00007fa5c2afaea0,  free space=1019k
Native frames: (J=compiled Java code, j=interpreted, Vv=VM code, C=native code)
V  [libjvm.so+0x6d1d28]  jni_invoke_nonstatic(JNIEnv_*, JavaValue*, _jobject*, JNICallType, _jmethodID*, JNI_ArgumentPusher*, Thread*)+0x38
V  [libjvm.so+0x6d64cf]  jni_CallVoidMethodV+0x10f
C  [libglass.so+0x18641]  JNIEnv_::CallVoidMethod(_jobject*, _jmethodID*, ...)+0x81
C  [libglass.so+0x14f0f]  WindowContextBase::process_key(_GdkEventKey*)+0x20f
C  [libglass.so+0x19f60]  WindowContextBase::im_filter_keypress(_GdkEventKey*)+0x1c0
C  [libglass.so+0x1a91c]  process_events(_GdkEvent*, void*)+0x22c
C  [libgdk-x11-2.0.so.0+0x5acdc]

Java frames: (J=compiled Java code, j=interpreted, Vv=VM code)
j  com.sun.glass.ui.gtk.GtkApplication._runLoop(Ljava/lang/Runnable;Z)V+0
j  com.sun.glass.ui.gtk.GtkApplication.lambda$null$49(Ljava/lang/Runnable;Z)V+7
j  com.sun.glass.ui.gtk.GtkApplication$$Lambda$41.run()V+12
j  java.lang.Thread.run()V+11
v  ~StubRoutines::call_stub

---------------  P R O C E S S  ---------------

Java Threads: ( => current thread )
  0x00007fa5b456c800 JavaThread "Thread-4" daemon [_thread_in_vm, id=5229, stack(0x00007fa5a9af9000,0x00007fa5a9bfa000)]
  0x00007fa5f8002800 JavaThread "Keep-Alive-Timer" daemon [_thread_blocked, id=5228, stack(0x00007fa5a9dfa000,0x00007fa5a9efb000)]
  0x00007fa59c001000 JavaThread "ForkJoinPool.commonPool-worker-3" daemon [_thread_blocked, id=5227, stack(0x00007fa5a9efb000,0x00007fa5a9ffc000)]
  0x00007fa5b43b1800 JavaThread "ForkJoinPool.commonPool-worker-1" daemon [_thread_blocked, id=5225, stack(0x00007fa5aa0fd000,0x00007fa5aa1fe000)]
  0x00007fa5b43bc000 JavaThread "FX Access Thread (Visual Debugger)" daemon [_thread_blocked, id=5220, stack(0x00007fa5c064e000,0x00007fa5c074f000)]
  0x00007fa5b434e800 JavaThread "Prism Font Disposer" daemon [_thread_blocked, id=5219, stack(0x00007fa5c1a1d000,0x00007fa5c1b1e000)]
  0x00007fa6282d3800 JavaThread "JavaFX-Launcher" [_thread_blocked, id=5216, stack(0x00007fa5c28fb000,0x00007fa5c29fc000)]
=>0x00007fa6282d0000 JavaThread "JavaFX Application Thread" [_thread_in_vm, id=5215, stack(0x00007fa5c29fc000,0x00007fa5c2afd000)]
  0x00007fa6282cb800 JavaThread "Thread-1" daemon [_thread_blocked, id=5214, stack(0x00007fa5c2afd000,0x00007fa5c2bfe000)]
  0x00007fa62827a000 JavaThread "QuantumRenderer-0" daemon [_thread_blocked, id=5213, stack(0x00007fa61123f000,0x00007fa611340000)]
  0x00007fa62819a000 JavaThread "Service Thread" daemon [_thread_blocked, id=5211, stack(0x00007fa6114d7000,0x00007fa6115d8000)]
  0x00007fa628196800 JavaThread "C1 CompilerThread2" daemon [_thread_blocked, id=5210, stack(0x00007fa6115d8000,0x00007fa6116d9000)]
  0x00007fa628195000 JavaThread "C2 CompilerThread1" daemon [_thread_blocked, id=5209, stack(0x00007fa6116d9000,0x00007fa6117da000)]
  0x00007fa628192000 JavaThread "C2 CompilerThread0" daemon [_thread_blocked, id=5208, stack(0x00007fa6117da000,0x00007fa6118db000)]
  0x00007fa5f0001000 JavaThread "JDWP Command Reader" daemon [_thread_in_native, id=5206, stack(0x00007fa6118db000,0x00007fa6119dc000)]
  0x00007fa62818f800 JavaThread "JDWP Event Helper Thread" daemon [_thread_blocked, id=5205, stack(0x00007fa6119dc000,0x00007fa611add000)]
  0x00007fa62818c000 JavaThread "JDWP Transport Listener: dt_socket" daemon [_thread_blocked, id=5202, stack(0x00007fa611add000,0x00007fa611bde000)]
  0x00007fa62817f800 JavaThread "Signal Dispatcher" daemon [_thread_blocked, id=5201, stack(0x00007fa611de2000,0x00007fa611ee3000)]
  0x00007fa62814d800 JavaThread "Finalizer" daemon [_thread_blocked, id=5200, stack(0x00007fa611ee3000,0x00007fa611fe4000)]
  0x00007fa628149000 JavaThread "Reference Handler" daemon [_thread_blocked, id=5199, stack(0x00007fa611fe4000,0x00007fa6120e5000)]
  0x00007fa62800c800 JavaThread "main" [_thread_blocked, id=5193, stack(0x00007fa62f20b000,0x00007fa62f30c000)]

Other Threads:
  0x00007fa628141800 VMThread [stack: 0x00007fa6120e5000,0x00007fa6121e6000] [id=5198]
  0x00007fa62819d000 WatcherThread [stack: 0x00007fa6113d6000,0x00007fa6114d7000] [id=5212]

VM state:synchronizing (normal execution)

VM Mutex/Monitor currently owned by a thread:  ([mutex/lock_event])
[0x00007fa628008970] Threads_lock - owner thread: 0x00007fa628141800

Heap:
 PSYoungGen      total 36864K, used 19556K [0x00000000d7000000, 0x00000000d9900000, 0x0000000100000000)
  eden space 31744K, 61% used [0x00000000d7000000,0x00000000d8319350,0x00000000d8f00000)
  from space 5120K, 0% used [0x00000000d8f00000,0x00000000d8f00000,0x00000000d9400000)
  to   space 5120K, 0% used [0x00000000d9400000,0x00000000d9400000,0x00000000d9900000)
 ParOldGen       total 75776K, used 14724K [0x0000000085000000, 0x0000000089a00000, 0x00000000d7000000)
  object space 75776K, 19% used [0x0000000085000000,0x0000000085e61330,0x0000000089a00000)
 Metaspace       used 22931K, capacity 24034K, committed 24192K, reserved 1071104K
  class space    used 3175K, capacity 3422K, committed 3456K, reserved 1048576K

Card table byte_map: [0x00007fa61822e000,0x00007fa618607000] byte_map_base: 0x00007fa617e06000

Marking Bits: (ParMarkBitMap*) 0x00007fa62e6e4220
 Begin Bits: [0x00007fa613f1b000, 0x00007fa615ddb000)
 End Bits:   [0x00007fa615ddb000, 0x00007fa617c9b000)

Polling page: 0x00007fa62f330000

CodeCache: size=245760Kb used=7831Kb max_used=7831Kb free=237928Kb
 bounds [0x00007fa6189c7000, 0x00007fa619177000, 0x00007fa6279c7000]
 total_blobs=3271 nmethods=2554 adapters=638
 compilation: enabled

Compilation events (10 events):
Event: 12,371 Thread 0x00007fa628196800 2808       3       javafx.animation.Animation::impl_stop (31 bytes)
Event: 12,372 Thread 0x00007fa628196800 nmethod 2808 0x00007fa61916db10 code [0x00007fa61916dde0, 0x00007fa61916f408]
Event: 12,566 Thread 0x00007fa628196800 2810   !   3       java.util.concurrent.locks.AbstractQueuedSynchronizer::acquireQueued (93 bytes)
Event: 12,567 Thread 0x00007fa628196800 nmethod 2810 0x00007fa619170210 code [0x00007fa619170440, 0x00007fa619170f78]
Event: 12,623 Thread 0x00007fa628196800 2811       3       javafx.scene.Node::getId (22 bytes)
Event: 12,627 Thread 0x00007fa628196800 nmethod 2811 0x00007fa619171650 code [0x00007fa6191717e0, 0x00007fa619171b48]
Event: 12,627 Thread 0x00007fa628196800 2812       3       com.sun.javafx.tk.quantum.QuantumToolkit::requestNextPulse (9 bytes)
Event: 12,628 Thread 0x00007fa628196800 nmethod 2812 0x00007fa619171c10 code [0x00007fa619171d80, 0x00007fa619171ff0]
Event: 12,643 Thread 0x00007fa628196800 2813 %     3       com.sun.javafx.image.impl.ByteBgra$ToIntArgbSameConv::doConvert @ 25 (109 bytes)
Event: 12,644 Thread 0x00007fa628196800 nmethod 2813% 0x00007fa6191720d0 code [0x00007fa619172260, 0x00007fa619172710]

GC Heap History (8 events):
Event: 1,669 GC heap before
{Heap before GC invocations=1 (full 0):
 PSYoungGen      total 36864K, used 31740K [0x00000000d7000000, 0x00000000d9900000, 0x0000000100000000)
  eden space 31744K, 99% used [0x00000000d7000000,0x00000000d8eff3c8,0x00000000d8f00000)
  from space 5120K, 0% used [0x00000000d9400000,0x00000000d9400000,0x00000000d9900000)
  to   space 5120K, 0% used [0x00000000d8f00000,0x00000000d8f00000,0x00000000d9400000)
 ParOldGen       total 84992K, used 16388K [0x0000000085000000, 0x000000008a300000, 0x00000000d7000000)
  object space 84992K, 19% used [0x0000000085000000,0x0000000086001248,0x000000008a300000)
 Metaspace       used 10469K, capacity 10860K, committed 11136K, reserved 1058816K
  class space    used 1206K, capacity 1334K, committed 1408K, reserved 1048576K
Event: 1,680 GC heap after
Heap after GC invocations=1 (full 0):
 PSYoungGen      total 36864K, used 5102K [0x00000000d7000000, 0x00000000d9900000, 0x0000000100000000)
  eden space 31744K, 0% used [0x00000000d7000000,0x00000000d7000000,0x00000000d8f00000)
  from space 5120K, 99% used [0x00000000d8f00000,0x00000000d93fb9c0,0x00000000d9400000)
  to   space 5120K, 0% used [0x00000000d9400000,0x00000000d9400000,0x00000000d9900000)
 ParOldGen       total 84992K, used 22065K [0x0000000085000000, 0x000000008a300000, 0x00000000d7000000)
  object space 84992K, 25% used [0x0000000085000000,0x000000008658c7a0,0x000000008a300000)
 Metaspace       used 10469K, capacity 10860K, committed 11136K, reserved 1058816K
  class space    used 1206K, capacity 1334K, committed 1408K, reserved 1048576K
}
Event: 5,472 GC heap before
{Heap before GC invocations=2 (full 0):
 PSYoungGen      total 36864K, used 36846K [0x00000000d7000000, 0x00000000d9900000, 0x0000000100000000)
  eden space 31744K, 100% used [0x00000000d7000000,0x00000000d8f00000,0x00000000d8f00000)
  from space 5120K, 99% used [0x00000000d8f00000,0x00000000d93fb9c0,0x00000000d9400000)
  to   space 5120K, 0% used [0x00000000d9400000,0x00000000d9400000,0x00000000d9900000)
 ParOldGen       total 84992K, used 22065K [0x0000000085000000, 0x000000008a300000, 0x00000000d7000000)
  object space 84992K, 25% used [0x0000000085000000,0x000000008658c7a0,0x000000008a300000)
 Metaspace       used 19432K, capacity 20350K, committed 20480K, reserved 1067008K
  class space    used 2578K, capacity 2797K, committed 2816K, reserved 1048576K
Event: 5,488 GC heap after
Heap after GC invocations=2 (full 0):
 PSYoungGen      total 36864K, used 5118K [0x00000000d7000000, 0x00000000d9900000, 0x0000000100000000)
  eden space 31744K, 0% used [0x00000000d7000000,0x00000000d7000000,0x00000000d8f00000)
  from space 5120K, 99% used [0x00000000d9400000,0x00000000d98ff9c8,0x00000000d9900000)
  to   space 5120K, 0% used [0x00000000d8f00000,0x00000000d8f00000,0x00000000d9400000)
 ParOldGen       total 84992K, used 27376K [0x0000000085000000, 0x000000008a300000, 0x00000000d7000000)
  object space 84992K, 32% used [0x0000000085000000,0x0000000086abc340,0x000000008a300000)
 Metaspace       used 19432K, capacity 20350K, committed 20480K, reserved 1067008K
  class space    used 2578K, capacity 2797K, committed 2816K, reserved 1048576K
}
Event: 8,063 GC heap before
{Heap before GC invocations=3 (full 0):
 PSYoungGen      total 36864K, used 12534K [0x00000000d7000000, 0x00000000d9900000, 0x0000000100000000)
  eden space 31744K, 23% used [0x00000000d7000000,0x00000000d773de80,0x00000000d8f00000)
  from space 5120K, 99% used [0x00000000d9400000,0x00000000d98ff9c8,0x00000000d9900000)
  to   space 5120K, 0% used [0x00000000d8f00000,0x00000000d8f00000,0x00000000d9400000)
 ParOldGen       total 84992K, used 27376K [0x0000000085000000, 0x000000008a300000, 0x00000000d7000000)
  object space 84992K, 32% used [0x0000000085000000,0x0000000086abc340,0x000000008a300000)
 Metaspace       used 20294K, capacity 21150K, committed 21248K, reserved 1067008K
  class space    used 2785K, capacity 3011K, committed 3072K, reserved 1048576K
Event: 8,070 GC heap after
Heap after GC invocations=3 (full 0):
 PSYoungGen      total 36864K, used 5118K [0x00000000d7000000, 0x00000000d9900000, 0x0000000100000000)
  eden space 31744K, 0% used [0x00000000d7000000,0x00000000d7000000,0x00000000d8f00000)
  from space 5120K, 99% used [0x00000000d8f00000,0x00000000d93ffa08,0x00000000d9400000)
  to   space 5120K, 0% used [0x00000000d9400000,0x00000000d9400000,0x00000000d9900000)
 ParOldGen       total 84992K, used 27709K [0x0000000085000000, 0x000000008a300000, 0x00000000d7000000)
  object space 84992K, 32% used [0x0000000085000000,0x0000000086b0f4f8,0x000000008a300000)
 Metaspace       used 20294K, capacity 21150K, committed 21248K, reserved 1067008K
  class space    used 2785K, capacity 3011K, committed 3072K, reserved 1048576K
}
Event: 8,070 GC heap before
{Heap before GC invocations=4 (full 1):
 PSYoungGen      total 36864K, used 5118K [0x00000000d7000000, 0x00000000d9900000, 0x0000000100000000)
  eden space 31744K, 0% used [0x00000000d7000000,0x00000000d7000000,0x00000000d8f00000)
  from space 5120K, 99% used [0x00000000d8f00000,0x00000000d93ffa08,0x00000000d9400000)
  to   space 5120K, 0% used [0x00000000d9400000,0x00000000d9400000,0x00000000d9900000)
 ParOldGen       total 84992K, used 27709K [0x0000000085000000, 0x000000008a300000, 0x00000000d7000000)
  object space 84992K, 32% used [0x0000000085000000,0x0000000086b0f4f8,0x000000008a300000)
 Metaspace       used 20294K, capacity 21150K, committed 21248K, reserved 1067008K
  class space    used 2785K, capacity 3011K, committed 3072K, reserved 1048576K
Event: 8,123 GC heap after
Heap after GC invocations=4 (full 1):
 PSYoungGen      total 36864K, used 0K [0x00000000d7000000, 0x00000000d9900000, 0x0000000100000000)
  eden space 31744K, 0% used [0x00000000d7000000,0x00000000d7000000,0x00000000d8f00000)
  from space 5120K, 0% used [0x00000000d8f00000,0x00000000d8f00000,0x00000000d9400000)
  to   space 5120K, 0% used [0x00000000d9400000,0x00000000d9400000,0x00000000d9900000)
 ParOldGen       total 75776K, used 14724K [0x0000000085000000, 0x0000000089a00000, 0x00000000d7000000)
  object space 75776K, 19% used [0x0000000085000000,0x0000000085e61330,0x0000000089a00000)
 Metaspace       used 20291K, capacity 21146K, committed 21248K, reserved 1067008K
  class space    used 2784K, capacity 3009K, committed 3072K, reserved 1048576K
}

Deoptimization events (10 events):
Event: 4,120 Thread 0x00007fa6282d0000 Uncommon trap: reason=unstable_if action=reinterpret pc=0x00007fa618eec0a0 method=jdk.internal.org.objectweb.asm.Type.getArgumentsAndReturnSizes(Ljava/lang/String;)I @ 47
Event: 5,469 Thread 0x00007fa6282d0000 Uncommon trap: reason=class_check action=maybe_recompile pc=0x00007fa618d1b95c method=java.util.regex.Pattern$Curly.match(Ljava/util/regex/Matcher;ILjava/lang/CharSequence;)Z @ 19
Event: 5,469 Thread 0x00007fa6282d0000 Uncommon trap: reason=class_check action=maybe_recompile pc=0x00007fa618d1b95c method=java.util.regex.Pattern$Curly.match(Ljava/util/regex/Matcher;ILjava/lang/CharSequence;)Z @ 19
Event: 5,515 Thread 0x00007fa6282d0000 Uncommon trap: reason=class_check action=maybe_recompile pc=0x00007fa618f6f6cc method=com.sun.javafx.css.StyleMap.isEmpty()Z @ 11
Event: 5,529 Thread 0x00007fa6282d0000 Uncommon trap: reason=unstable_if action=reinterpret pc=0x00007fa619042344 method=java.lang.StrictMath.floorOrCeil(DDDD)D @ 38
Event: 5,532 Thread 0x00007fa6282d0000 Uncommon trap: reason=class_check action=maybe_recompile pc=0x00007fa618f6f6cc method=com.sun.javafx.css.StyleMap.isEmpty()Z @ 11
Event: 5,597 Thread 0x00007fa6282d0000 Uncommon trap: reason=unstable_if action=reinterpret pc=0x00007fa619083448 method=com.sun.javafx.iio.common.SmoothMinifier.putSourceScanline([BI)Z @ 718
Event: 8,162 Thread 0x00007fa6282d0000 Uncommon trap: reason=class_check action=maybe_recompile pc=0x00007fa618f6f6cc method=com.sun.javafx.css.StyleMap.isEmpty()Z @ 11
Event: 8,163 Thread 0x00007fa6282d0000 Uncommon trap: reason=class_check action=maybe_recompile pc=0x00007fa618f6f6cc method=com.sun.javafx.css.StyleMap.isEmpty()Z @ 11
Event: 8,382 Thread 0x00007fa6282d0000 Uncommon trap: reason=unstable_if action=reinterpret pc=0x00007fa6190ad85c method=java.util.WeakHashMap.expungeStaleEntries()V @ 9

Internal exceptions (10 events):
Event: 0,924 Thread 0x00007fa6282d0000 Exception <a 'java/security/PrivilegedActionException'> (0x00000000d797f920) thrown at [/HUDSON3/workspace/8-2-build-linux-amd64/jdk8u111/7883/hotspot/src/share/vm/prims/jvm.cpp, line 1386]
Event: 0,924 Thread 0x00007fa6282d0000 Exception <a 'java/security/PrivilegedActionException'> (0x00000000d797fd18) thrown at [/HUDSON3/workspace/8-2-build-linux-amd64/jdk8u111/7883/hotspot/src/share/vm/prims/jvm.cpp, line 1386]
Event: 1,712 Thread 0x00007fa6282d0000 Implicit null exception at 0x00007fa618d3c3f8 to 0x00007fa618d3c585
Event: 2,224 Thread 0x00007fa6282d0000 Exception <a 'java/lang/NullPointerException'> (0x00000000d762c1d8) thrown at [/HUDSON3/workspace/8-2-build-linux-amd64/jdk8u111/7883/hotspot/src/share/vm/interpreter/linkResolver.cpp, line 1178]
Event: 2,224 Thread 0x00007fa6282d0000 Exception <a 'java/lang/NullPointerException'> (0x00000000d762c1d8) thrown at [/HUDSON3/workspace/8-2-build-linux-amd64/jdk8u111/7883/hotspot/src/share/vm/prims/jvm.cpp, line 1390]
Event: 2,422 Thread 0x00007fa6282d0000 Implicit null exception at 0x00007fa618e47cde to 0x00007fa618e48539
Event: 8,249 Thread 0x00007fa6282d0000 Exception <a 'java/lang/ArrayIndexOutOfBoundsException'> (0x00000000d7420fe0) thrown at [/HUDSON3/workspace/8-2-build-linux-amd64/jdk8u111/7883/hotspot/src/share/vm/runtime/sharedRuntime.cpp, line 605]
Event: 8,250 Thread 0x00007fa6282d0000 Exception <a 'java/lang/ArrayIndexOutOfBoundsException'> (0x00000000d7421af8) thrown at [/HUDSON3/workspace/8-2-build-linux-amd64/jdk8u111/7883/hotspot/src/share/vm/runtime/sharedRuntime.cpp, line 605]
Event: 8,250 Thread 0x00007fa6282d0000 Exception <a 'java/lang/ArrayIndexOutOfBoundsException'> (0x00000000d7422ea0) thrown at [/HUDSON3/workspace/8-2-build-linux-amd64/jdk8u111/7883/hotspot/src/share/vm/runtime/sharedRuntime.cpp, line 605]
Event: 8,342 Thread 0x00007fa6282d0000 Exception <a 'java/lang/ArrayIndexOutOfBoundsException'> (0x00000000d76c1fb8) thrown at [/HUDSON3/workspace/8-2-build-linux-amd64/jdk8u111/7883/hotspot/src/share/vm/runtime/sharedRuntime.cpp, line 605]

Events (10 events):
Event: 11,793 Thread 0x00007fa6282d0000 DEOPT PACKING pc=0x00007fa618bb2e6c sp=0x00007fa5c2af92d0
Event: 11,793 Thread 0x00007fa6282d0000 DEOPT UNPACKING pc=0x00007fa618a0e633 sp=0x00007fa5c2af9040 mode 1
Event: 12,006 Thread 0x00007fa6282d0000 DEOPT PACKING pc=0x00007fa618e13274 sp=0x00007fa5c2af9120
Event: 12,006 Thread 0x00007fa6282d0000 DEOPT UNPACKING pc=0x00007fa618a0e633 sp=0x00007fa5c2af8f70 mode 1
Event: 12,006 Thread 0x00007fa6282d0000 DEOPT PACKING pc=0x00007fa618bb2e6c sp=0x00007fa5c2af92d0
Event: 12,006 Thread 0x00007fa6282d0000 DEOPT UNPACKING pc=0x00007fa618a0e633 sp=0x00007fa5c2af9040 mode 1
Event: 12,616 loading class javafx/scene/input/KeyCombination$2
Event: 12,616 loading class javafx/scene/input/KeyCombination$2 done
Event: 12,645 loading class bayern/steinbrecher/gruen2/login/LoginKey
Event: 12,645 loading class bayern/steinbrecher/gruen2/login/LoginKey done


Dynamic libraries:
00400000-00401000 r-xp 00000000 08:08 30902                              /usr/lib/jvm/java-8-oracle/jre/bin/java
00600000-00601000 rw-p 00000000 08:08 30902                              /usr/lib/jvm/java-8-oracle/jre/bin/java
00f1c000-00f3d000 rw-p 00000000 00:00 0                                  [heap]
401ad000-4024d000 rw-p 00000000 00:00 0 
4124c000-4124e000 r-xs 00000000 08:08 1974064                            /tmp/.glpq7GoQ (deleted)
85000000-89a00000 rw-p 00000000 00:00 0 
89a00000-d7000000 ---p 00000000 00:00 0 
d7000000-d9900000 rw-p 00000000 00:00 0 
d9900000-100000000 ---p 00000000 00:00 0 
100000000-100360000 rw-p 00000000 00:00 0 
100360000-140000000 ---p 00000000 00:00 0 
7fa58c000000-7fa58c021000 rw-p 00000000 00:00 0 
7fa58c021000-7fa590000000 ---p 00000000 00:00 0 
7fa594000000-7fa594021000 rw-p 00000000 00:00 0 
7fa594021000-7fa598000000 ---p 00000000 00:00 0 
7fa598000000-7fa598021000 rw-p 00000000 00:00 0 
7fa598021000-7fa59c000000 ---p 00000000 00:00 0 
7fa59c000000-7fa59c021000 rw-p 00000000 00:00 0 
7fa59c021000-7fa5a0000000 ---p 00000000 00:00 0 
7fa5a0000000-7fa5a0021000 rw-p 00000000 00:00 0 
7fa5a0021000-7fa5a4000000 ---p 00000000 00:00 0 
7fa5a4000000-7fa5a4021000 rw-p 00000000 00:00 0 
7fa5a4021000-7fa5a8000000 ---p 00000000 00:00 0 
7fa5a984c000-7fa5a988c000 rw-p 00000000 00:00 0 
7fa5a988c000-7fa5a9a4c000 ---p 00000000 00:00 0 
7fa5a9a4c000-7fa5a9af9000 r--p 00000000 08:08 1837426                    /usr/share/fonts/truetype/dejavu/DejaVuSans-Bold.ttf
7fa5a9af9000-7fa5a9afc000 ---p 00000000 00:00 0 
7fa5a9afc000-7fa5a9dfa000 rw-p 00000000 00:00 0 
7fa5a9dfa000-7fa5a9dfd000 ---p 00000000 00:00 0 
7fa5a9dfd000-7fa5a9efb000 rw-p 00000000 00:00 0 
7fa5a9efb000-7fa5a9efe000 ---p 00000000 00:00 0 
7fa5a9efe000-7fa5a9ffc000 rw-p 00000000 00:00 0 
7fa5a9ffc000-7fa5a9fff000 ---p 00000000 00:00 0 
7fa5a9fff000-7fa5aa0fd000 rw-p 00000000 00:00 0 
7fa5aa0fd000-7fa5aa100000 ---p 00000000 00:00 0 
7fa5aa100000-7fa5aa1fe000 rw-p 00000000 00:00 0 
7fa5aa1fe000-7fa5ab1fe000 rw-s 00000000 00:05 2752529                    /SYSV00000000 (deleted)
7fa5ab1fe000-7fa5ab2fe000 rw-s 11f0ee000 00:06 550                       /dev/nvidiactl
7fa5ab2fe000-7fa5ab6fe000 rw-s 119c28000 00:06 550                       /dev/nvidiactl
7fa5ab6fe000-7fa5ab701000 ---p 00000000 00:00 0 
7fa5ab701000-7fa5ac000000 rw-p 00000000 00:00 0 
7fa5ac000000-7fa5ac021000 rw-p 00000000 00:00 0 
7fa5ac021000-7fa5b0000000 ---p 00000000 00:00 0 
7fa5b0000000-7fa5b0021000 rw-p 00000000 00:00 0 
7fa5b0021000-7fa5b4000000 ---p 00000000 00:00 0 
7fa5b4000000-7fa5b48de000 rw-p 00000000 00:00 0 
7fa5b48de000-7fa5b8000000 ---p 00000000 00:00 0 
7fa5b8000000-7fa5b8021000 rw-p 00000000 00:00 0 
7fa5b8021000-7fa5bc000000 ---p 00000000 00:00 0 
7fa5bc000000-7fa5bc021000 rw-p 00000000 00:00 0 
7fa5bc021000-7fa5c0000000 ---p 00000000 00:00 0 
7fa5c004e000-7fa5c024e000 rw-s 119c29000 00:06 550                       /dev/nvidiactl
7fa5c024e000-7fa5c044e000 rw-s 121cd3000 00:06 550                       /dev/nvidiactl
7fa5c044e000-7fa5c064e000 rw-p 00000000 00:00 0 
7fa5c064e000-7fa5c0651000 ---p 00000000 00:00 0 
7fa5c0651000-7fa5c074f000 rw-p 00000000 00:00 0 
7fa5c074f000-7fa5c07af000 rw-s 00000000 00:05 2588687                    /SYSV00000000 (deleted)
7fa5c07af000-7fa5c0868000 r--p 00000000 08:08 1837430                    /usr/share/fonts/truetype/dejavu/DejaVuSans.ttf
7fa5c0868000-7fa5c08a4000 r--p 00000000 08:08 30843                      /usr/lib/jvm/java-8-oracle/jre/lib/fonts/LucidaTypewriterRegular.ttf
7fa5c08a4000-7fa5c08f9000 r--p 00000000 08:08 30840                      /usr/lib/jvm/java-8-oracle/jre/lib/fonts/LucidaBrightRegular.ttf
7fa5c08f9000-7fa5c090d000 r--p 00000000 08:08 30841                      /usr/lib/jvm/java-8-oracle/jre/lib/fonts/LucidaBrightItalic.ttf
7fa5c090d000-7fa5c0947000 r--p 00000000 08:08 30839                      /usr/lib/jvm/java-8-oracle/jre/lib/fonts/LucidaTypewriterBold.ttf
7fa5c0947000-7fa5c0995000 r--p 00000000 08:08 30844                      /usr/lib/jvm/java-8-oracle/jre/lib/fonts/LucidaSansDemiBold.ttf
7fa5c0995000-7fa5c0a40000 r--p 00000000 08:08 30837                      /usr/lib/jvm/java-8-oracle/jre/lib/fonts/LucidaSansRegular.ttf
7fa5c0a40000-7fa5c0a53000 r--p 00000000 08:08 30838                      /usr/lib/jvm/java-8-oracle/jre/lib/fonts/LucidaBrightDemiBold.ttf
7fa5c0a53000-7fa5c0a66000 r--p 00000000 08:08 30845                      /usr/lib/jvm/java-8-oracle/jre/lib/fonts/LucidaBrightDemiItalic.ttf
7fa5c0a66000-7fa5c0a6a000 r-xp 00000000 08:08 30711                      /usr/lib/jvm/java-8-oracle/jre/lib/amd64/libjavafx_font_pango.so
7fa5c0a6a000-7fa5c0c69000 ---p 00004000 08:08 30711                      /usr/lib/jvm/java-8-oracle/jre/lib/amd64/libjavafx_font_pango.so
7fa5c0c69000-7fa5c0c6a000 rw-p 00003000 08:08 30711                      /usr/lib/jvm/java-8-oracle/jre/lib/amd64/libjavafx_font_pango.so
7fa5c0c6a000-7fa5c0e6a000 rw-p 00000000 00:00 0 
7fa5c0e6a000-7fa5c0e6f000 r--s 00084000 08:08 30744                      /usr/lib/jvm/java-8-oracle/jre/lib/jfr.jar
7fa5c0e6f000-7fa5c0e71000 r-xp 00000000 08:08 1179651                    /usr/lib/x86_64-linux-gnu/gtk-2.0/2.10.0/engines/libadwaita.so
7fa5c0e71000-7fa5c1070000 ---p 00002000 08:08 1179651                    /usr/lib/x86_64-linux-gnu/gtk-2.0/2.10.0/engines/libadwaita.so
7fa5c1070000-7fa5c1071000 r--p 00001000 08:08 1179651                    /usr/lib/x86_64-linux-gnu/gtk-2.0/2.10.0/engines/libadwaita.so
7fa5c1071000-7fa5c1072000 rw-p 00002000 08:08 1179651                    /usr/lib/x86_64-linux-gnu/gtk-2.0/2.10.0/engines/libadwaita.so
7fa5c1072000-7fa5c107c000 r-xp 00000000 08:08 1179838                    /usr/lib/x86_64-linux-gnu/gtk-2.0/2.10.0/engines/libpixmap.so
7fa5c107c000-7fa5c127b000 ---p 0000a000 08:08 1179838                    /usr/lib/x86_64-linux-gnu/gtk-2.0/2.10.0/engines/libpixmap.so
7fa5c127b000-7fa5c127c000 r--p 00009000 08:08 1179838                    /usr/lib/x86_64-linux-gnu/gtk-2.0/2.10.0/engines/libpixmap.so
7fa5c127c000-7fa5c127d000 rw-p 0000a000 08:08 1179838                    /usr/lib/x86_64-linux-gnu/gtk-2.0/2.10.0/engines/libpixmap.so
7fa5c127d000-7fa5c1284000 r--s 00000000 08:08 263176                     /var/cache/fontconfig/4be9850f182b35c1350b6bbf2e42601c-le64.cache-6
7fa5c1284000-7fa5c1286000 r--s 00000000 08:08 273651                     /var/cache/fontconfig/30a99c4256905863f7aa12b5e873c27c-le64.cache-6
7fa5c1286000-7fa5c1287000 r--s 00000000 08:08 273650                     /var/cache/fontconfig/087e1975ba9a574b140bb1df193bf770-le64.cache-6
7fa5c1287000-7fa5c128d000 r--s 00000000 08:08 262854                     /var/cache/fontconfig/6fe8b0d39a161d19087fe931545dda13-le64.cache-6
7fa5c128d000-7fa5c1291000 r--s 00000000 08:08 273648                     /var/cache/fontconfig/6aa41aa22e18b8fa06a12da28ea9c28b-le64.cache-6
7fa5c1291000-7fa5c129c000 r--s 00000000 08:08 262788                     /var/cache/fontconfig/945677eb7aeaf62f1d50efc3fb3ec7d8-le64.cache-6
7fa5c129c000-7fa5c12a2000 r--s 00000000 08:08 273646                     /var/cache/fontconfig/2cd17615ca594fa2959ae173292e504c-le64.cache-6
7fa5c12a2000-7fa5c12a3000 r--s 00000000 08:08 273645                     /var/cache/fontconfig/0d8c3b2ac0904cb8a57a757ad11a4a08-le64.cache-6
7fa5c12a3000-7fa5c12b8000 r--s 00000000 08:08 273644                     /var/cache/fontconfig/04aabc0a78ac019cf9454389977116d2-le64.cache-6
7fa5c12b8000-7fa5c12b9000 r--s 00000000 08:08 273643                     /var/cache/fontconfig/1ac9eb803944fde146138c791f5cc56a-le64.cache-6
7fa5c12b9000-7fa5c12ba000 r--s 00000000 08:08 273642                     /var/cache/fontconfig/b95bc8ffbebda2bbdae4265e45b8178d-le64.cache-6
7fa5c12ba000-7fa5c12be000 r--s 00000000 08:08 273641                     /var/cache/fontconfig/385c0604a188198f04d133e54aba7fe7-le64.cache-6
7fa5c12be000-7fa5c12bf000 r--s 00000000 08:08 273640                     /var/cache/fontconfig/9c956a7723ca69a44b382d9179c9802f-le64.cache-6
7fa5c12bf000-7fa5c12c0000 r--s 00000000 08:08 273639                     /var/cache/fontconfig/dc05db6664285cc2f12bf69c139ae4c3-le64.cache-6
7fa5c12c0000-7fa5c12c1000 r--s 00000000 08:08 273637                     /var/cache/fontconfig/5d1cca7074f29429a8d18692746c2426-le64.cache-6
7fa5c12c1000-7fa5c12c4000 r--s 00000000 08:08 273636                     /var/cache/fontconfig/767a8244fc0220cfb567a839d0392e0b-le64.cache-6
7fa5c12c4000-7fa5c12c6000 r--s 00000000 08:08 273635                     /var/cache/fontconfig/69fb4bbe1b2fa860e172a32ebf28505c-le64.cache-6
7fa5c12c6000-7fa5c12c7000 r--s 00000000 08:08 273634                     /var/cache/fontconfig/4794a0821666d79190d59a36cb4f44b5-le64.cache-6
7fa5c12c7000-7fa5c12c8000 r--s 00000000 08:08 273633                     /var/cache/fontconfig/9eae20f1ff8cc0a7d125749e875856bd-le64.cache-6
7fa5c12c8000-7fa5c1308000 r--s 00000000 08:08 273632                     /var/cache/fontconfig/0bd3dc0958fa2205aaaa8ebb13e2872b-le64.cache-6
7fa5c1308000-7fa5c130b000 r--s 00000000 08:08 273629                     /var/cache/fontconfig/bf2c1853a9e9b00bb02fe2e9bcf1e201-le64.cache-6
7fa5c130b000-7fa5c1310000 r--s 00000000 08:08 273628                     /var/cache/fontconfig/8801497958630a81b71ace7c5f9b32a8-le64.cache-6
7fa5c1310000-7fa5c1311000 r--s 00000000 08:08 273626                     /var/cache/fontconfig/bab58bb527bb656aaa9f116d68a48d89-le64.cache-6
7fa5c1311000-7fa5c1317000 r--s 00000000 08:08 273625                     /var/cache/fontconfig/3047814df9a2f067bd2d96a2b9c36e5a-le64.cache-6
7fa5c1317000-7fa5c131f000 r--s 00000000 08:08 273624                     /var/cache/fontconfig/bf3b770c553c462765856025a94f1ce6-le64.cache-6
7fa5c131f000-7fa5c1320000 r--s 00000000 08:08 273622                     /var/cache/fontconfig/56cf4f4769d0f4abc89a4895d7bd3ae1-le64.cache-6
7fa5c1320000-7fa5c1321000 r--s 00000000 08:08 273621                     /var/cache/fontconfig/b9d506c9ac06c20b433354fa67a72993-le64.cache-6
7fa5c1321000-7fa5c1327000 r--s 00000000 08:08 273620                     /var/cache/fontconfig/b47c4e1ecd0709278f4910c18777a504-le64.cache-6
7fa5c1327000-7fa5c132a000 r--s 00000000 08:08 273618                     /var/cache/fontconfig/14d493b97896515cad3840ba4896e372-le64.cache-6
7fa5c132a000-7fa5c132d000 r--s 00000000 08:08 273617                     /var/cache/fontconfig/e49e89034d371f0f9de17aab02136486-le64.cache-6
7fa5c132d000-7fa5c132f000 r--s 00000000 08:08 273616                     /var/cache/fontconfig/4b14b093aebc79c320de5e86ae1d3314-le64.cache-6
7fa5c132f000-7fa5c1330000 r--s 00000000 08:08 273614                     /var/cache/fontconfig/8aec10f4cc8391dcef22ca549f1e4354-le64.cache-6
7fa5c1330000-7fa5c1343000 r--s 00000000 08:08 273613                     /var/cache/fontconfig/d52a8644073d54c13679302ca1180695-le64.cache-6
7fa5c1343000-7fa5c1344000 r--s 00000000 08:08 273612                     /var/cache/fontconfig/551ecf3b0e8b0bca0f25c0944f561853-le64.cache-6
7fa5c1344000-7fa5c1345000 r--s 00000000 08:08 273609                     /var/cache/fontconfig/8a687c406b77f27d99abfeeba937fcce-le64.cache-6
7fa5c1345000-7fa5c134b000 r--s 00000000 08:08 273608                     /var/cache/fontconfig/75ad6aa2358a85f0de2c8ee4837e8227-le64.cache-6
7fa5c134b000-7fa5c134c000 r--s 00000000 08:08 273607                     /var/cache/fontconfig/3f7329c5293ffd510edef78f73874cfd-le64.cache-6
7fa5c134c000-7fa5c134d000 r--s 00000000 08:08 273604                     /var/cache/fontconfig/ac2cf712d852da827a87a9baf682f5b9-le64.cache-6
7fa5c134d000-7fa5c134f000 r--s 00000000 08:08 273603                     /var/cache/fontconfig/65f976e5259cbe6dc7697b8648396239-le64.cache-6
7fa5c134f000-7fa5c135b000 r--s 00000000 08:08 273602                     /var/cache/fontconfig/d589a48862398ed80a3d6066f4f56f4c-le64.cache-6
7fa5c135b000-7fa5c135f000 r--s 00000000 08:08 273600                     /var/cache/fontconfig/246184dc75a16901ca37d96895904249-le64.cache-6
7fa5c135f000-7fa5c1360000 r--s 00000000 08:08 273599                     /var/cache/fontconfig/94f7fe9bd33aadfac165873bd010d595-le64.cache-6
7fa5c1360000-7fa5c1362000 r--s 00000000 08:08 273598                     /var/cache/fontconfig/423767150eb258c59035de29db6fca84-le64.cache-6
7fa5c1362000-7fa5c1363000 r--s 00000000 08:08 273595                     /var/cache/fontconfig/845c20fd2c4814bcec78e05d37a63ccc-le64.cache-6
7fa5c1363000-7fa5c1364000 r--s 00000000 08:08 273593                     /var/cache/fontconfig/e7de81b01590fb7e12b38e274e17d0db-le64.cache-6
7fa5c1364000-7fa5c1365000 r--s 00000000 08:08 273590                     /var/cache/fontconfig/406a1d2d2bf3ed7664fbadefac0b2f66-le64.cache-6
7fa5c1365000-7fa5c1367000 r--s 00000000 08:08 273589                     /var/cache/fontconfig/67709b7835c0f764c1135060c9575660-le64.cache-6
7fa5c1367000-7fa5c1368000 r--s 00000000 08:08 273588                     /var/cache/fontconfig/30829fa25452a46451e813d634d7f916-le64.cache-6
7fa5c1368000-7fa5c1376000 r--s 00000000 08:08 273586                     /var/cache/fontconfig/198d8fcf01c96d0cf813f74fd759bdb7-le64.cache-6
7fa5c1376000-7fa5c1377000 r--s 00000000 08:08 273585                     /var/cache/fontconfig/0c9eb80ebd1c36541ebe2852d3bb0c49-le64.cache-6
7fa5c1377000-7fa5c137a000 r--s 00000000 08:08 273582                     /var/cache/fontconfig/75114ca45c98e8a441da0ff356701271-le64.cache-6
7fa5c137a000-7fa5c1385000 r--s 00000000 08:08 273581                     /var/cache/fontconfig/83bf95040141907cd45bb53cf7c1c148-le64.cache-6
7fa5c1385000-7fa5c1397000 r--s 00000000 08:08 273580                     /var/cache/fontconfig/9b89f8e3dae116d678bbf48e5f21f69b-le64.cache-6
7fa5c1397000-7fa5c1399000 r--s 00000000 08:08 273579                     /var/cache/fontconfig/6e6b34ae150a7ad95e82fb4a522f0bda-le64.cache-6
7fa5c1399000-7fa5c139a000 r--s 00000000 08:08 273577                     /var/cache/fontconfig/3334a778d104e76d188e9df399bc24d2-le64.cache-6
7fa5c139a000-7fa5c13a1000 r--s 00000000 08:08 273575                     /var/cache/fontconfig/53d14c92082a93e67d5078324eb314ca-le64.cache-6
7fa5c13a1000-7fa5c13a5000 r--s 00000000 08:08 273574                     /var/cache/fontconfig/6c08beecf0dac481ec92e759e0c2e6d7-le64.cache-6
7fa5c13a5000-7fa5c13a9000 r--s 00000000 08:08 273573                     /var/cache/fontconfig/4d6aee6d44eccb37054d3216e945f618-le64.cache-6
7fa5c13a9000-7fa5c13ad000 r--s 00000000 08:08 273572                     /var/cache/fontconfig/d6c6df98c3df5faf9bd0f8ef4d91efe5-le64.cache-6
7fa5c13ad000-7fa5c13b1000 r--s 00000000 08:08 273571                     /var/cache/fontconfig/9fb319ef52839f11ee26ab8b4cffa12b-le64.cache-6
7fa5c13b1000-7fa5c13b3000 r--s 00000000 08:08 273570                     /var/cache/fontconfig/43bfe21a9e1edebcf703d79ee2950b06-le64.cache-6
7fa5c13b3000-7fa5c13c6000 r--s 00000000 08:08 273569                     /var/cache/fontconfig/4ac51e5cfbc76fc3f983e470323a16d3-le64.cache-6
7fa5c13c6000-7fa5c13c9000 r--s 00000000 08:08 273568                     /var/cache/fontconfig/c19b55eb3b4c5b40ea175e31682068a5-le64.cache-6
7fa5c13c9000-7fa5c13cf000 r--s 00000000 08:08 273564                     /var/cache/fontconfig/3629f2adf904f9a612908891fae71ceb-le64.cache-6
7fa5c13cf000-7fa5c13ef000 r--s 00000000 08:08 262870                     /var/cache/fontconfig/e13b20fdb08344e0e664864cc2ede53d-le64.cache-6
7fa5c13ef000-7fa5c13f4000 r--s 00000000 08:08 273658                     /var/cache/fontconfig/7ef2298fde41cc6eeb7af42e48b7d293-le64.cache-6
7fa5c13f4000-7fa5c1415000 r--s 00000000 08:08 262327                     /var/cache/fontconfig/467c019e582ee353435ea5c21d137ef6-le64.cache-6
7fa5c1415000-7fa5c141a000 r-xp 00000000 08:08 30707                      /usr/lib/jvm/java-8-oracle/jre/lib/amd64/libjavafx_font_freetype.so
7fa5c141a000-7fa5c1619000 ---p 00005000 08:08 30707                      /usr/lib/jvm/java-8-oracle/jre/lib/amd64/libjavafx_font_freetype.so
7fa5c1619000-7fa5c161a000 rw-p 00004000 08:08 30707                      /usr/lib/jvm/java-8-oracle/jre/lib/amd64/libjavafx_font_freetype.so
7fa5c161a000-7fa5c161d000 r-xp 00000000 08:08 30669                      /usr/lib/jvm/java-8-oracle/jre/lib/amd64/libjavafx_font.so
7fa5c161d000-7fa5c181c000 ---p 00003000 08:08 30669                      /usr/lib/jvm/java-8-oracle/jre/lib/amd64/libjavafx_font.so
7fa5c181c000-7fa5c181d000 rw-p 00002000 08:08 30669                      /usr/lib/jvm/java-8-oracle/jre/lib/amd64/libjavafx_font.so
7fa5c181d000-7fa5c1a1d000 rw-p 00000000 00:00 0 
7fa5c1a1d000-7fa5c1a20000 ---p 00000000 00:00 0 
7fa5c1a20000-7fa5c1d1e000 rw-p 00000000 00:00 0 
7fa5c1d1e000-7fa5c1d5e000 r-xp 00000000 08:08 919006                     /lib/x86_64-linux-gnu/libnss_resolve.so.2
7fa5c1d5e000-7fa5c1d61000 r--p 0003f000 08:08 919006                     /lib/x86_64-linux-gnu/libnss_resolve.so.2
7fa5c1d61000-7fa5c1d62000 rw-p 00042000 08:08 919006                     /lib/x86_64-linux-gnu/libnss_resolve.so.2
7fa5c1d62000-7fa5c1d65000 r--s 00000000 08:08 271505                     /var/cache/fontconfig/de83a0a961185c8bd1f159015d56c039-le64.cache-6
7fa5c1d65000-7fa5c1d72000 r--s 00000000 08:08 273654                     /var/cache/fontconfig/8f02d4cb045bd6ce15663e43f347c9f8-le64.cache-6
7fa5c1d72000-7fa5c1d85000 r--s 00345000 08:08 30764                      /usr/lib/jvm/java-8-oracle/jre/lib/resources.jar
7fa5c1d85000-7fa5c1d96000 r-xp 00000000 08:08 30699                      /usr/lib/jvm/java-8-oracle/jre/lib/amd64/libnio.so
7fa5c1d96000-7fa5c1f95000 ---p 00011000 08:08 30699                      /usr/lib/jvm/java-8-oracle/jre/lib/amd64/libnio.so
7fa5c1f95000-7fa5c1f96000 rw-p 00010000 08:08 30699                      /usr/lib/jvm/java-8-oracle/jre/lib/amd64/libnio.so
7fa5c1f96000-7fa5c1f9c000 r--s 0003f000 08:08 30808                      /usr/lib/jvm/java-8-oracle/jre/lib/ext/sunjce_provider.jar
7fa5c1f9c000-7fa5c229d000 rw-p 00000000 00:00 0 
7fa5c229d000-7fa5c22b3000 r-xp 00000000 08:08 30674                      /usr/lib/jvm/java-8-oracle/jre/lib/amd64/libnet.so
7fa5c22b3000-7fa5c24b3000 ---p 00016000 08:08 30674                      /usr/lib/jvm/java-8-oracle/jre/lib/amd64/libnet.so
7fa5c24b3000-7fa5c24b4000 rw-p 00016000 08:08 30674                      /usr/lib/jvm/java-8-oracle/jre/lib/amd64/libnet.so
7fa5c24b4000-7fa5c26b4000 rw-p 00000000 00:00 0 
7fa5c26b4000-7fa5c26e6000 r-xp 00000000 08:08 30682                      /usr/lib/jvm/java-8-oracle/jre/lib/amd64/libsunec.so
7fa5c26e6000-7fa5c28e5000 ---p 00032000 08:08 30682                      /usr/lib/jvm/java-8-oracle/jre/lib/amd64/libsunec.so
7fa5c28e5000-7fa5c28eb000 rw-p 00031000 08:08 30682                      /usr/lib/jvm/java-8-oracle/jre/lib/amd64/libsunec.so
7fa5c28eb000-7fa5c28fb000 rw-p 00000000 00:00 0 
7fa5c28fb000-7fa5c28fe000 ---p 00000000 00:00 0 
7fa5c28fe000-7fa5c29fc000 rw-p 00000000 00:00 0 
7fa5c29fc000-7fa5c29ff000 ---p 00000000 00:00 0 
7fa5c29ff000-7fa5c2afd000 rw-p 00000000 00:00 0 
7fa5c2afd000-7fa5c2b00000 ---p 00000000 00:00 0 
7fa5c2b00000-7fa5c2bfe000 rw-p 00000000 00:00 0 
7fa5c2bfe000-7fa5c2c24000 r--p 00000000 08:08 1321208                    /usr/share/locale-langpack/de/LC_MESSAGES/libc.mo
7fa5c2c24000-7fa5c2c4d000 r-xp 00000000 08:08 30717                      /usr/lib/jvm/java-8-oracle/jre/lib/amd64/libglass.so
7fa5c2c4d000-7fa5c2e4c000 ---p 00029000 08:08 30717                      /usr/lib/jvm/java-8-oracle/jre/lib/amd64/libglass.so
7fa5c2e4c000-7fa5c2e4f000 rw-p 00028000 08:08 30717                      /usr/lib/jvm/java-8-oracle/jre/lib/amd64/libglass.so
7fa5c2e4f000-7fa5c2ecf000 rw-s 170dc0000 00:06 550                       /dev/nvidiactl
7fa5c2ecf000-7fa5c2f4f000 rw-s 241f00000 00:06 550                       /dev/nvidiactl
7fa5c2f4f000-7fa5c2fcf000 rw-s 10e080000 00:06 550                       /dev/nvidiactl
7fa5c2fcf000-7fa5c30cf000 rw-s 23f04f000 00:06 550                       /dev/nvidiactl
7fa5c30cf000-7fa5c30ef000 rw-s d0220000 00:06 551                        /dev/nvidia0
7fa5c30ef000-7fa5c312f000 rw-s 170deb000 00:06 550                       /dev/nvidiactl
7fa5c312f000-7fa5c314f000 rw-s 121cb7000 00:06 550                       /dev/nvidiactl
7fa5c314f000-7fa5c44e8000 r-xp 00000000 08:08 1192566                    /usr/lib/nvidia-367/libnvidia-glcore.so.367.57
7fa5c44e8000-7fa5c4508000 rwxp 01399000 08:08 1192566                    /usr/lib/nvidia-367/libnvidia-glcore.so.367.57
7fa5c4508000-7fa5c48a9000 r-xp 013b9000 08:08 1192566                    /usr/lib/nvidia-367/libnvidia-glcore.so.367.57
7fa5c48a9000-7fa5c4aa8000 ---p 0175a000 08:08 1192566                    /usr/lib/nvidia-367/libnvidia-glcore.so.367.57
7fa5c4aa8000-7fa5c4e70000 rw-p 01759000 08:08 1192566                    /usr/lib/nvidia-367/libnvidia-glcore.so.367.57
7fa5c4e70000-7fa5c4e88000 rw-p 00000000 00:00 0 
7fa5c4e88000-7fa5c4e8b000 r-xp 00000000 08:08 1192574                    /usr/lib/nvidia-367/tls/libnvidia-tls.so.367.57
7fa5c4e8b000-7fa5c508b000 ---p 00003000 08:08 1192574                    /usr/lib/nvidia-367/tls/libnvidia-tls.so.367.57
7fa5c508b000-7fa5c508c000 rw-p 00003000 08:08 1192574                    /usr/lib/nvidia-367/tls/libnvidia-tls.so.367.57
7fa5c508c000-7fa5c5154000 r-xp 00000000 08:08 1192555                    /usr/lib/nvidia-367/libGLX_nvidia.so.367.57
7fa5c5154000-7fa5c5188000 rwxp 000c8000 08:08 1192555                    /usr/lib/nvidia-367/libGLX_nvidia.so.367.57
7fa5c5188000-7fa5c519b000 r-xp 000fc000 08:08 1192555                    /usr/lib/nvidia-367/libGLX_nvidia.so.367.57
7fa5c519b000-7fa5c539b000 ---p 0010f000 08:08 1192555                    /usr/lib/nvidia-367/libGLX_nvidia.so.367.57
7fa5c539b000-7fa5c53c3000 rw-p 0010f000 08:08 1192555                    /usr/lib/nvidia-367/libGLX_nvidia.so.367.57
7fa5c53c3000-7fa5c53ca000 rw-p 00000000 00:00 0 
7fa5c53ca000-7fa5c53ce000 r-xp 00000000 08:08 922767                     /lib/x86_64-linux-gnu/libuuid.so.1.3.0
7fa5c53ce000-7fa5c55cd000 ---p 00004000 08:08 922767                     /lib/x86_64-linux-gnu/libuuid.so.1.3.0
7fa5c55cd000-7fa5c55ce000 r--p 00003000 08:08 922767                     /lib/x86_64-linux-gnu/libuuid.so.1.3.0
7fa5c55ce000-7fa5c55cf000 rw-p 00004000 08:08 922767                     /lib/x86_64-linux-gnu/libuuid.so.1.3.0
7fa5c55cf000-7fa5c55d5000 r-xp 00000000 08:08 666082                     /usr/lib/x86_64-linux-gnu/libdatrie.so.1.3.3
7fa5c55d5000-7fa5c57d5000 ---p 00006000 08:08 666082                     /usr/lib/x86_64-linux-gnu/libdatrie.so.1.3.3
7fa5c57d5000-7fa5c57d6000 r--p 00006000 08:08 666082                     /usr/lib/x86_64-linux-gnu/libdatrie.so.1.3.3
7fa5c57d6000-7fa5c57d7000 rw-p 00007000 08:08 666082                     /usr/lib/x86_64-linux-gnu/libdatrie.so.1.3.3
7fa5c57d7000-7fa5c57dc000 r-xp 00000000 08:08 665852                     /usr/lib/x86_64-linux-gnu/libXdmcp.so.6.0.0
7fa5c57dc000-7fa5c59db000 ---p 00005000 08:08 665852                     /usr/lib/x86_64-linux-gnu/libXdmcp.so.6.0.0
7fa5c59db000-7fa5c59dc000 r--p 00004000 08:08 665852                     /usr/lib/x86_64-linux-gnu/libXdmcp.so.6.0.0
7fa5c59dc000-7fa5c59dd000 rw-p 00005000 08:08 665852                     /usr/lib/x86_64-linux-gnu/libXdmcp.so.6.0.0
7fa5c59dd000-7fa5c59df000 r-xp 00000000 08:08 665841                     /usr/lib/x86_64-linux-gnu/libXau.so.6.0.0
7fa5c59df000-7fa5c5bdf000 ---p 00002000 08:08 665841                     /usr/lib/x86_64-linux-gnu/libXau.so.6.0.0
7fa5c5bdf000-7fa5c5be0000 r--p 00002000 08:08 665841                     /usr/lib/x86_64-linux-gnu/libXau.so.6.0.0
7fa5c5be0000-7fa5c5be1000 rw-p 00003000 08:08 665841                     /usr/lib/x86_64-linux-gnu/libXau.so.6.0.0
7fa5c5be1000-7fa5c5c04000 r-xp 00000000 08:08 666350                     /usr/lib/x86_64-linux-gnu/libgraphite2.so.3.0.1
7fa5c5c04000-7fa5c5e03000 ---p 00023000 08:08 666350                     /usr/lib/x86_64-linux-gnu/libgraphite2.so.3.0.1
7fa5c5e03000-7fa5c5e05000 r--p 00022000 08:08 666350                     /usr/lib/x86_64-linux-gnu/libgraphite2.so.3.0.1
7fa5c5e05000-7fa5c5e06000 rw-p 00024000 08:08 666350                     /usr/lib/x86_64-linux-gnu/libgraphite2.so.3.0.1
7fa5c5e06000-7fa5c5e43000 r-xp 00000000 08:08 922586                     /lib/x86_64-linux-gnu/libblkid.so.1.1.0
7fa5c5e43000-7fa5c6042000 ---p 0003d000 08:08 922586                     /lib/x86_64-linux-gnu/libblkid.so.1.1.0
7fa5c6042000-7fa5c6046000 r--p 0003c000 08:08 922586                     /lib/x86_64-linux-gnu/libblkid.so.1.1.0
7fa5c6046000-7fa5c6047000 rw-p 00040000 08:08 922586                     /lib/x86_64-linux-gnu/libblkid.so.1.1.0
7fa5c6047000-7fa5c6048000 rw-p 00000000 00:00 0 
7fa5c6048000-7fa5c6096000 r-xp 00000000 08:08 1192556                    /usr/lib/nvidia-367/libGLdispatch.so.0
7fa5c6096000-7fa5c60c8000 r-xp 0004e000 08:08 1192556                    /usr/lib/nvidia-367/libGLdispatch.so.0
7fa5c60c8000-7fa5c6102000 r-xp 00080000 08:08 1192556                    /usr/lib/nvidia-367/libGLdispatch.so.0
7fa5c6102000-7fa5c6302000 ---p 000ba000 08:08 1192556                    /usr/lib/nvidia-367/libGLdispatch.so.0
7fa5c6302000-7fa5c6311000 rw-p 000ba000 08:08 1192556                    /usr/lib/nvidia-367/libGLdispatch.so.0
7fa5c6311000-7fa5c6331000 rw-p 00000000 00:00 0 
7fa5c6331000-7fa5c6341000 r-xp 00000000 08:08 1192554                    /usr/lib/nvidia-367/libGLX.so.0
7fa5c6341000-7fa5c6541000 ---p 00010000 08:08 1192554                    /usr/lib/nvidia-367/libGLX.so.0
7fa5c6541000-7fa5c6542000 rw-p 00010000 08:08 1192554                    /usr/lib/nvidia-367/libGLX.so.0
7fa5c6542000-7fa5c6562000 rw-p 00000000 00:00 0 
7fa5c6562000-7fa5c65d4000 r-xp 00000000 08:08 922716                     /lib/x86_64-linux-gnu/libpcre.so.3.13.3
7fa5c65d4000-7fa5c67d3000 ---p 00072000 08:08 922716                     /lib/x86_64-linux-gnu/libpcre.so.3.13.3
7fa5c67d3000-7fa5c67d4000 r--p 00071000 08:08 922716                     /lib/x86_64-linux-gnu/libpcre.so.3.13.3
7fa5c67d4000-7fa5c67d5000 rw-p 00072000 08:08 922716                     /lib/x86_64-linux-gnu/libpcre.so.3.13.3
7fa5c67d5000-7fa5c67dc000 r-xp 00000000 08:08 666199                     /usr/lib/x86_64-linux-gnu/libffi.so.6.0.4
7fa5c67dc000-7fa5c69db000 ---p 00007000 08:08 666199                     /usr/lib/x86_64-linux-gnu/libffi.so.6.0.4
7fa5c69db000-7fa5c69dc000 r--p 00006000 08:08 666199                     /usr/lib/x86_64-linux-gnu/libffi.so.6.0.4
7fa5c69dc000-7fa5c69dd000 rw-p 00007000 08:08 666199                     /usr/lib/x86_64-linux-gnu/libffi.so.6.0.4
7fa5c69dd000-7fa5c6a04000 r-xp 00000000 08:08 922623                     /lib/x86_64-linux-gnu/libexpat.so.1.6.2
7fa5c6a04000-7fa5c6c04000 ---p 00027000 08:08 922623                     /lib/x86_64-linux-gnu/libexpat.so.1.6.2
7fa5c6c04000-7fa5c6c06000 r--p 00027000 08:08 922623                     /lib/x86_64-linux-gnu/libexpat.so.1.6.2
7fa5c6c06000-7fa5c6c07000 rw-p 00029000 08:08 922623                     /lib/x86_64-linux-gnu/libexpat.so.1.6.2
7fa5c6c07000-7fa5c6c0f000 r-xp 00000000 08:08 667115                     /usr/lib/x86_64-linux-gnu/libthai.so.0.3.0
7fa5c6c0f000-7fa5c6e0e000 ---p 00008000 08:08 667115                     /usr/lib/x86_64-linux-gnu/libthai.so.0.3.0
7fa5c6e0e000-7fa5c6e0f000 r--p 00007000 08:08 667115                     /usr/lib/x86_64-linux-gnu/libthai.so.0.3.0
7fa5c6e0f000-7fa5c6e10000 rw-p 00008000 08:08 667115                     /usr/lib/x86_64-linux-gnu/libthai.so.0.3.0
7fa5c6e10000-7fa5c6e31000 r-xp 00000000 08:08 667312                     /usr/lib/x86_64-linux-gnu/libxcb.so.1.1.0
7fa5c6e31000-7fa5c7030000 ---p 00021000 08:08 667312                     /usr/lib/x86_64-linux-gnu/libxcb.so.1.1.0
7fa5c7030000-7fa5c7031000 r--p 00020000 08:08 667312                     /usr/lib/x86_64-linux-gnu/libxcb.so.1.1.0
7fa5c7031000-7fa5c7032000 rw-p 00021000 08:08 667312                     /usr/lib/x86_64-linux-gnu/libxcb.so.1.1.0
7fa5c7032000-7fa5c703a000 r-xp 00000000 08:08 667296                     /usr/lib/x86_64-linux-gnu/libxcb-render.so.0.0.0
7fa5c703a000-7fa5c723a000 ---p 00008000 08:08 667296                     /usr/lib/x86_64-linux-gnu/libxcb-render.so.0.0.0
7fa5c723a000-7fa5c723b000 r--p 00008000 08:08 667296                     /usr/lib/x86_64-linux-gnu/libxcb-render.so.0.0.0
7fa5c723b000-7fa5c723c000 rw-p 00009000 08:08 667296                     /usr/lib/x86_64-linux-gnu/libxcb-render.so.0.0.0
7fa5c723c000-7fa5c723e000 r-xp 00000000 08:08 667300                     /usr/lib/x86_64-linux-gnu/libxcb-shm.so.0.0.0
7fa5c723e000-7fa5c743e000 ---p 00002000 08:08 667300                     /usr/lib/x86_64-linux-gnu/libxcb-shm.so.0.0.0
7fa5c743e000-7fa5c743f000 r--p 00002000 08:08 667300                     /usr/lib/x86_64-linux-gnu/libxcb-shm.so.0.0.0
7fa5c743f000-7fa5c7440000 rw-p 00003000 08:08 667300                     /usr/lib/x86_64-linux-gnu/libxcb-shm.so.0.0.0
7fa5c7440000-7fa5c7471000 r-xp 00000000 08:08 666853                     /usr/lib/x86_64-linux-gnu/libpng16.so.16.25.0
7fa5c7471000-7fa5c7670000 ---p 00031000 08:08 666853                     /usr/lib/x86_64-linux-gnu/libpng16.so.16.25.0
7fa5c7670000-7fa5c7671000 r--p 00030000 08:08 666853                     /usr/lib/x86_64-linux-gnu/libpng16.so.16.25.0
7fa5c7671000-7fa5c7672000 rw-p 00031000 08:08 666853                     /usr/lib/x86_64-linux-gnu/libpng16.so.16.25.0
7fa5c7672000-7fa5c7711000 r-xp 00000000 08:08 666839                     /usr/lib/x86_64-linux-gnu/libpixman-1.so.0.33.6
7fa5c7711000-7fa5c7911000 ---p 0009f000 08:08 666839                     /usr/lib/x86_64-linux-gnu/libpixman-1.so.0.33.6
7fa5c7911000-7fa5c7919000 r--p 0009f000 08:08 666839                     /usr/lib/x86_64-linux-gnu/libpixman-1.so.0.33.6
7fa5c7919000-7fa5c791a000 rw-p 000a7000 08:08 666839                     /usr/lib/x86_64-linux-gnu/libpixman-1.so.0.33.6
7fa5c791a000-7fa5c7998000 r-xp 00000000 08:08 666418                     /usr/lib/x86_64-linux-gnu/libharfbuzz.so.0.10200.7
7fa5c7998000-7fa5c7b98000 ---p 0007e000 08:08 666418                     /usr/lib/x86_64-linux-gnu/libharfbuzz.so.0.10200.7
7fa5c7b98000-7fa5c7b99000 r--p 0007e000 08:08 666418                     /usr/lib/x86_64-linux-gnu/libharfbuzz.so.0.10200.7
7fa5c7b99000-7fa5c7b9a000 rw-p 0007f000 08:08 666418                     /usr/lib/x86_64-linux-gnu/libharfbuzz.so.0.10200.7
7fa5c7b9a000-7fa5c7be0000 r-xp 00000000 08:08 922664                     /lib/x86_64-linux-gnu/libmount.so.1.1.0
7fa5c7be0000-7fa5c7ddf000 ---p 00046000 08:08 922664                     /lib/x86_64-linux-gnu/libmount.so.1.1.0
7fa5c7ddf000-7fa5c7de0000 r--p 00045000 08:08 922664                     /lib/x86_64-linux-gnu/libmount.so.1.1.0
7fa5c7de0000-7fa5c7de1000 rw-p 00046000 08:08 922664                     /lib/x86_64-linux-gnu/libmount.so.1.1.0
7fa5c7de1000-7fa5c7de2000 rw-p 00000000 00:00 0 
7fa5c7de2000-7fa5c7df9000 r-xp 00000000 08:08 919384                     /lib/x86_64-linux-gnu/libresolv-2.24.so
7fa5c7df9000-7fa5c7ff9000 ---p 00017000 08:08 919384                     /lib/x86_64-linux-gnu/libresolv-2.24.so
7fa5c7ff9000-7fa5c7ffa000 r--p 00017000 08:08 919384                     /lib/x86_64-linux-gnu/libresolv-2.24.so
7fa5c7ffa000-7fa5c7ffb000 rw-p 00018000 08:08 919384                     /lib/x86_64-linux-gnu/libresolv-2.24.so
7fa5c7ffb000-7fa5c7ffd000 rw-p 00000000 00:00 0 
7fa5c7ffd000-7fa5c8020000 r-xp 00000000 08:08 922743                     /lib/x86_64-linux-gnu/libselinux.so.1
7fa5c8020000-7fa5c821f000 ---p 00023000 08:08 922743                     /lib/x86_64-linux-gnu/libselinux.so.1
7fa5c821f000-7fa5c8220000 r--p 00022000 08:08 922743                     /lib/x86_64-linux-gnu/libselinux.so.1
7fa5c8220000-7fa5c8221000 rw-p 00023000 08:08 922743                     /lib/x86_64-linux-gnu/libselinux.so.1
7fa5c8221000-7fa5c8223000 rw-p 00000000 00:00 0 
7fa5c8223000-7fa5c823c000 r-xp 00000000 08:08 922772                     /lib/x86_64-linux-gnu/libz.so.1.2.8
7fa5c823c000-7fa5c843b000 ---p 00019000 08:08 922772                     /lib/x86_64-linux-gnu/libz.so.1.2.8
7fa5c843b000-7fa5c843c000 r--p 00018000 08:08 922772                     /lib/x86_64-linux-gnu/libz.so.1.2.8
7fa5c843c000-7fa5c843d000 rw-p 00019000 08:08 922772                     /lib/x86_64-linux-gnu/libz.so.1.2.8
7fa5c843d000-7fa5c844e000 r-xp 00000000 08:08 665854                     /usr/lib/x86_64-linux-gnu/libXext.so.6.4.0
7fa5c844e000-7fa5c864d000 ---p 00011000 08:08 665854                     /usr/lib/x86_64-linux-gnu/libXext.so.6.4.0
7fa5c864d000-7fa5c864e000 r--p 00010000 08:08 665854                     /usr/lib/x86_64-linux-gnu/libXext.so.6.4.0
7fa5c864e000-7fa5c864f000 rw-p 00011000 08:08 665854                     /usr/lib/x86_64-linux-gnu/libXext.so.6.4.0
7fa5c864f000-7fa5c8651000 r-xp 00000000 08:08 665850                     /usr/lib/x86_64-linux-gnu/libXdamage.so.1.1.0
7fa5c8651000-7fa5c8850000 ---p 00002000 08:08 665850                     /usr/lib/x86_64-linux-gnu/libXdamage.so.1.1.0
7fa5c8850000-7fa5c8851000 r--p 00001000 08:08 665850                     /usr/lib/x86_64-linux-gnu/libXdamage.so.1.1.0
7fa5c8851000-7fa5c8852000 rw-p 00002000 08:08 665850                     /usr/lib/x86_64-linux-gnu/libXdamage.so.1.1.0
7fa5c8852000-7fa5c8854000 r-xp 00000000 08:08 665846                     /usr/lib/x86_64-linux-gnu/libXcomposite.so.1.0.0
7fa5c8854000-7fa5c8a53000 ---p 00002000 08:08 665846                     /usr/lib/x86_64-linux-gnu/libXcomposite.so.1.0.0
7fa5c8a53000-7fa5c8a54000 r--p 00001000 08:08 665846                     /usr/lib/x86_64-linux-gnu/libXcomposite.so.1.0.0
7fa5c8a54000-7fa5c8a55000 rw-p 00002000 08:08 665846                     /usr/lib/x86_64-linux-gnu/libXcomposite.so.1.0.0
7fa5c8a55000-7fa5c8a5e000 r-xp 00000000 08:08 665848                     /usr/lib/x86_64-linux-gnu/libXcursor.so.1.0.2
7fa5c8a5e000-7fa5c8c5d000 ---p 00009000 08:08 665848                     /usr/lib/x86_64-linux-gnu/libXcursor.so.1.0.2
7fa5c8c5d000-7fa5c8c5e000 r--p 00008000 08:08 665848                     /usr/lib/x86_64-linux-gnu/libXcursor.so.1.0.2
7fa5c8c5e000-7fa5c8c5f000 rw-p 00009000 08:08 665848                     /usr/lib/x86_64-linux-gnu/libXcursor.so.1.0.2
7fa5c8c5f000-7fa5c8c69000 r-xp 00000000 08:08 665872                     /usr/lib/x86_64-linux-gnu/libXrandr.so.2.2.0
7fa5c8c69000-7fa5c8e68000 ---p 0000a000 08:08 665872                     /usr/lib/x86_64-linux-gnu/libXrandr.so.2.2.0
7fa5c8e68000-7fa5c8e69000 r--p 00009000 08:08 665872                     /usr/lib/x86_64-linux-gnu/libXrandr.so.2.2.0
7fa5c8e69000-7fa5c8e6a000 rw-p 0000a000 08:08 665872                     /usr/lib/x86_64-linux-gnu/libXrandr.so.2.2.0
7fa5c8e6a000-7fa5c8e79000 r-xp 00000000 08:08 665862                     /usr/lib/x86_64-linux-gnu/libXi.so.6.1.0
7fa5c8e79000-7fa5c9078000 ---p 0000f000 08:08 665862                     /usr/lib/x86_64-linux-gnu/libXi.so.6.1.0
7fa5c9078000-7fa5c9079000 r--p 0000e000 08:08 665862                     /usr/lib/x86_64-linux-gnu/libXi.so.6.1.0
7fa5c9079000-7fa5c907a000 rw-p 0000f000 08:08 665862                     /usr/lib/x86_64-linux-gnu/libXi.so.6.1.0
7fa5c907a000-7fa5c907c000 r-xp 00000000 08:08 665864                     /usr/lib/x86_64-linux-gnu/libXinerama.so.1.0.0
7fa5c907c000-7fa5c927b000 ---p 00002000 08:08 665864                     /usr/lib/x86_64-linux-gnu/libXinerama.so.1.0.0
7fa5c927b000-7fa5c927c000 r--p 00001000 08:08 665864                     /usr/lib/x86_64-linux-gnu/libXinerama.so.1.0.0
7fa5c927c000-7fa5c927d000 rw-p 00002000 08:08 665864                     /usr/lib/x86_64-linux-gnu/libXinerama.so.1.0.0
7fa5c927d000-7fa5c9286000 r-xp 00000000 08:08 665874                     /usr/lib/x86_64-linux-gnu/libXrender.so.1.3.0
7fa5c9286000-7fa5c9485000 ---p 00009000 08:08 665874                     /usr/lib/x86_64-linux-gnu/libXrender.so.1.3.0
7fa5c9485000-7fa5c9486000 r--p 00008000 08:08 665874                     /usr/lib/x86_64-linux-gnu/libXrender.so.1.3.0
7fa5c9486000-7fa5c9487000 rw-p 00009000 08:08 665874                     /usr/lib/x86_64-linux-gnu/libXrender.so.1.3.0
7fa5c9487000-7fa5c948c000 r-xp 00000000 08:08 665856                     /usr/lib/x86_64-linux-gnu/libXfixes.so.3.1.0
7fa5c948c000-7fa5c968b000 ---p 00005000 08:08 665856                     /usr/lib/x86_64-linux-gnu/libXfixes.so.3.1.0
7fa5c968b000-7fa5c968c000 r--p 00004000 08:08 665856                     /usr/lib/x86_64-linux-gnu/libXfixes.so.3.1.0
7fa5c968c000-7fa5c968d000 rw-p 00005000 08:08 665856                     /usr/lib/x86_64-linux-gnu/libXfixes.so.3.1.0
7fa5c968d000-7fa5c96a3000 r-xp 00000000 08:08 922630                     /lib/x86_64-linux-gnu/libgcc_s.so.1
7fa5c96a3000-7fa5c98a2000 ---p 00016000 08:08 922630                     /lib/x86_64-linux-gnu/libgcc_s.so.1
7fa5c98a2000-7fa5c98a3000 r--p 00015000 08:08 922630                     /lib/x86_64-linux-gnu/libgcc_s.so.1
7fa5c98a3000-7fa5c98a4000 rw-p 00016000 08:08 922630                     /lib/x86_64-linux-gnu/libgcc_s.so.1
7fa5c98a4000-7fa5c9a1c000 r-xp 00000000 08:08 667074                     /usr/lib/x86_64-linux-gnu/libstdc++.so.6.0.22
7fa5c9a1c000-7fa5c9c1c000 ---p 00178000 08:08 667074                     /usr/lib/x86_64-linux-gnu/libstdc++.so.6.0.22
7fa5c9c1c000-7fa5c9c26000 r--p 00178000 08:08 667074                     /usr/lib/x86_64-linux-gnu/libstdc++.so.6.0.22
7fa5c9c26000-7fa5c9c28000 rw-p 00182000 08:08 667074                     /usr/lib/x86_64-linux-gnu/libstdc++.so.6.0.22
7fa5c9c28000-7fa5c9c2c000 rw-p 00000000 00:00 0 
7fa5c9c2c000-7fa5c9c5d000 r-xp 00000000 08:08 1192549                    /usr/lib/nvidia-367/libGL.so.1.0.0
7fa5c9c5d000-7fa5c9c8f000 r-xp 00031000 08:08 1192549                    /usr/lib/nvidia-367/libGL.so.1.0.0
7fa5c9c8f000-7fa5c9cb9000 r-xp 00063000 08:08 1192549                    /usr/lib/nvidia-367/libGL.so.1.0.0
7fa5c9cb9000-7fa5c9eb9000 ---p 0008d000 08:08 1192549                    /usr/lib/nvidia-367/libGL.so.1.0.0
7fa5c9eb9000-7fa5c9eba000 rw-p 0008d000 08:08 1192549                    /usr/lib/nvidia-367/libGL.so.1.0.0
7fa5c9eba000-7fa5c9ebb000 rw-p 00000000 00:00 0 
7fa5c9ebb000-7fa5c9ec0000 r-xp 00000000 08:08 665890                     /usr/lib/x86_64-linux-gnu/libXxf86vm.so.1.0.0
7fa5c9ec0000-7fa5ca0bf000 ---p 00005000 08:08 665890                     /usr/lib/x86_64-linux-gnu/libXxf86vm.so.1.0.0
7fa5ca0bf000-7fa5ca0c0000 r--p 00004000 08:08 665890                     /usr/lib/x86_64-linux-gnu/libXxf86vm.so.1.0.0
7fa5ca0c0000-7fa5ca0c1000 rw-p 00005000 08:08 665890                     /usr/lib/x86_64-linux-gnu/libXxf86vm.so.1.0.0
7fa5ca0c1000-7fa5ca1f6000 r-xp 00000000 08:08 665839                     /usr/lib/x86_64-linux-gnu/libX11.so.6.3.0
7fa5ca1f6000-7fa5ca3f5000 ---p 00135000 08:08 665839                     /usr/lib/x86_64-linux-gnu/libX11.so.6.3.0
7fa5ca3f5000-7fa5ca3f6000 r--p 00134000 08:08 665839                     /usr/lib/x86_64-linux-gnu/libX11.so.6.3.0
7fa5ca3f6000-7fa5ca3fa000 rw-p 00135000 08:08 665839                     /usr/lib/x86_64-linux-gnu/libX11.so.6.3.0
7fa5ca3fa000-7fa5ca3ff000 r-xp 00000000 08:08 665880                     /usr/lib/x86_64-linux-gnu/libXtst.so.6.1.0
7fa5ca3ff000-7fa5ca5fe000 ---p 00005000 08:08 665880                     /usr/lib/x86_64-linux-gnu/libXtst.so.6.1.0
7fa5ca5fe000-7fa5ca5ff000 r--p 00004000 08:08 665880                     /usr/lib/x86_64-linux-gnu/libXtst.so.6.1.0
7fa5ca5ff000-7fa5ca600000 rw-p 00005000 08:08 665880                     /usr/lib/x86_64-linux-gnu/libXtst.so.6.1.0
7fa5ca600000-7fa5ca710000 r-xp 00000000 08:08 922634                     /lib/x86_64-linux-gnu/libglib-2.0.so.0.5000.0
7fa5ca710000-7fa5ca910000 ---p 00110000 08:08 922634                     /lib/x86_64-linux-gnu/libglib-2.0.so.0.5000.0
7fa5ca910000-7fa5ca911000 r--p 00110000 08:08 922634                     /lib/x86_64-linux-gnu/libglib-2.0.so.0.5000.0
7fa5ca911000-7fa5ca912000 rw-p 00111000 08:08 922634                     /lib/x86_64-linux-gnu/libglib-2.0.so.0.5000.0
7fa5ca912000-7fa5ca913000 rw-p 00000000 00:00 0 
7fa5ca913000-7fa5ca914000 r-xp 00000000 08:08 666398                     /usr/lib/x86_64-linux-gnu/libgthread-2.0.so.0.5000.0
7fa5ca914000-7fa5cab13000 ---p 00001000 08:08 666398                     /usr/lib/x86_64-linux-gnu/libgthread-2.0.so.0.5000.0
7fa5cab13000-7fa5cab14000 r--p 00000000 08:08 666398                     /usr/lib/x86_64-linux-gnu/libgthread-2.0.so.0.5000.0
7fa5cab14000-7fa5cab15000 rw-p 00001000 08:08 666398                     /usr/lib/x86_64-linux-gnu/libgthread-2.0.so.0.5000.0
7fa5cab15000-7fa5cab18000 r-xp 00000000 08:08 666320                     /usr/lib/x86_64-linux-gnu/libgmodule-2.0.so.0.5000.0
7fa5cab18000-7fa5cad17000 ---p 00003000 08:08 666320                     /usr/lib/x86_64-linux-gnu/libgmodule-2.0.so.0.5000.0
7fa5cad17000-7fa5cad18000 r--p 00002000 08:08 666320                     /usr/lib/x86_64-linux-gnu/libgmodule-2.0.so.0.5000.0
7fa5cad18000-7fa5cad19000 rw-p 00003000 08:08 666320                     /usr/lib/x86_64-linux-gnu/libgmodule-2.0.so.0.5000.0
7fa5cad19000-7fa5cad6b000 r-xp 00000000 08:08 666330                     /usr/lib/x86_64-linux-gnu/libgobject-2.0.so.0.5000.0
7fa5cad6b000-7fa5caf6a000 ---p 00052000 08:08 666330                     /usr/lib/x86_64-linux-gnu/libgobject-2.0.so.0.5000.0
7fa5caf6a000-7fa5caf6b000 r--p 00051000 08:08 666330                     /usr/lib/x86_64-linux-gnu/libgobject-2.0.so.0.5000.0
7fa5caf6b000-7fa5caf6c000 rw-p 00052000 08:08 666330                     /usr/lib/x86_64-linux-gnu/libgobject-2.0.so.0.5000.0
7fa5caf6c000-7fa5cafa9000 r-xp 00000000 08:08 666241                     /usr/lib/x86_64-linux-gnu/libfontconfig.so.1.9.0
7fa5cafa9000-7fa5cb1a8000 ---p 0003d000 08:08 666241                     /usr/lib/x86_64-linux-gnu/libfontconfig.so.1.9.0
7fa5cb1a8000-7fa5cb1aa000 r--p 0003c000 08:08 666241                     /usr/lib/x86_64-linux-gnu/libfontconfig.so.1.9.0
7fa5cb1aa000-7fa5cb1af000 rw-p 0003e000 08:08 666241                     /usr/lib/x86_64-linux-gnu/libfontconfig.so.1.9.0
7fa5cb1af000-7fa5cb255000 r-xp 00000000 08:08 666275                     /usr/lib/x86_64-linux-gnu/libfreetype.so.6.12.3
7fa5cb255000-7fa5cb455000 ---p 000a6000 08:08 666275                     /usr/lib/x86_64-linux-gnu/libfreetype.so.6.12.3
7fa5cb455000-7fa5cb45b000 r--p 000a6000 08:08 666275                     /usr/lib/x86_64-linux-gnu/libfreetype.so.6.12.3
7fa5cb45b000-7fa5cb45c000 rw-p 000ac000 08:08 666275                     /usr/lib/x86_64-linux-gnu/libfreetype.so.6.12.3
7fa5cb45c000-7fa5cb4a5000 r-xp 00000000 08:08 666809                     /usr/lib/x86_64-linux-gnu/libpango-1.0.so.0.4000.1
7fa5cb4a5000-7fa5cb6a5000 ---p 00049000 08:08 666809                     /usr/lib/x86_64-linux-gnu/libpango-1.0.so.0.4000.1
7fa5cb6a5000-7fa5cb6a7000 r--p 00049000 08:08 666809                     /usr/lib/x86_64-linux-gnu/libpango-1.0.so.0.4000.1
7fa5cb6a7000-7fa5cb6a8000 rw-p 0004b000 08:08 666809                     /usr/lib/x86_64-linux-gnu/libpango-1.0.so.0.4000.1
7fa5cb6a8000-7fa5cb7b6000 r-xp 00000000 08:08 666020                     /usr/lib/x86_64-linux-gnu/libcairo.so.2.11400.6
7fa5cb7b6000-7fa5cb9b5000 ---p 0010e000 08:08 666020                     /usr/lib/x86_64-linux-gnu/libcairo.so.2.11400.6
7fa5cb9b5000-7fa5cb9b8000 r--p 0010d000 08:08 666020                     /usr/lib/x86_64-linux-gnu/libcairo.so.2.11400.6
7fa5cb9b8000-7fa5cb9b9000 rw-p 00110000 08:08 666020                     /usr/lib/x86_64-linux-gnu/libcairo.so.2.11400.6
7fa5cb9b9000-7fa5cb9bb000 rw-p 00000000 00:00 0 
7fa5cb9bb000-7fa5cb9c7000 r-xp 00000000 08:08 666811                     /usr/lib/x86_64-linux-gnu/libpangocairo-1.0.so.0.4000.1
7fa5cb9c7000-7fa5cbbc6000 ---p 0000c000 08:08 666811                     /usr/lib/x86_64-linux-gnu/libpangocairo-1.0.so.0.4000.1
7fa5cbbc6000-7fa5cbbc7000 r--p 0000b000 08:08 666811                     /usr/lib/x86_64-linux-gnu/libpangocairo-1.0.so.0.4000.1
7fa5cbbc7000-7fa5cbbc8000 rw-p 0000c000 08:08 666811                     /usr/lib/x86_64-linux-gnu/libpangocairo-1.0.so.0.4000.1
7fa5cbbc8000-7fa5cbbe9000 r-xp 00000000 08:08 666302                     /usr/lib/x86_64-linux-gnu/libgdk_pixbuf-2.0.so.0.3400.0
7fa5cbbe9000-7fa5cbde8000 ---p 00021000 08:08 666302                     /usr/lib/x86_64-linux-gnu/libgdk_pixbuf-2.0.so.0.3400.0
7fa5cbde8000-7fa5cbde9000 r--p 00020000 08:08 666302                     /usr/lib/x86_64-linux-gnu/libgdk_pixbuf-2.0.so.0.3400.0
7fa5cbde9000-7fa5cbdea000 rw-p 00021000 08:08 666302                     /usr/lib/x86_64-linux-gnu/libgdk_pixbuf-2.0.so.0.3400.0
7fa5cbdea000-7fa5cbdfe000 r-xp 00000000 08:08 666813                     /usr/lib/x86_64-linux-gnu/libpangoft2-1.0.so.0.4000.1
7fa5cbdfe000-7fa5cbffe000 ---p 00014000 08:08 666813                     /usr/lib/x86_64-linux-gnu/libpangoft2-1.0.so.0.4000.1
7fa5cbffe000-7fa5cbfff000 r--p 00014000 08:08 666813                     /usr/lib/x86_64-linux-gnu/libpangoft2-1.0.so.0.4000.1
7fa5cbfff000-7fa5cc000000 rw-p 00015000 08:08 666813                     /usr/lib/x86_64-linux-gnu/libpangoft2-1.0.so.0.4000.1
7fa5cc000000-7fa5cc021000 rw-p 00000000 00:00 0 
7fa5cc021000-7fa5d0000000 ---p 00000000 00:00 0 
7fa5d0000000-7fa5d0cbe000 rw-p 00000000 00:00 0 
7fa5d0cbe000-7fa5d4000000 ---p 00000000 00:00 0 
7fa5d4000000-7fa5d44d7000 rw-p 00000000 00:00 0 
7fa5d44d7000-7fa5d8000000 ---p 00000000 00:00 0 
7fa5d8000000-7fa5d8021000 rw-p 00000000 00:00 0 
7fa5d8021000-7fa5dc000000 ---p 00000000 00:00 0 
7fa5dc000000-7fa5dc449000 rw-p 00000000 00:00 0 
7fa5dc449000-7fa5e0000000 ---p 00000000 00:00 0 
7fa5e0000000-7fa5e03f1000 rw-p 00000000 00:00 0 
7fa5e03f1000-7fa5e4000000 ---p 00000000 00:00 0 
7fa5e4000000-7fa5e4056000 rw-p 00000000 00:00 0 
7fa5e4056000-7fa5e8000000 ---p 00000000 00:00 0 
7fa5e8000000-7fa5e8021000 rw-p 00000000 00:00 0 
7fa5e8021000-7fa5ec000000 ---p 00000000 00:00 0 
7fa5ec000000-7fa5ec021000 rw-p 00000000 00:00 0 
7fa5ec021000-7fa5f0000000 ---p 00000000 00:00 0 
7fa5f0000000-7fa5f0021000 rw-p 00000000 00:00 0 
7fa5f0021000-7fa5f4000000 ---p 00000000 00:00 0 
7fa5f4000000-7fa5f4021000 rw-p 00000000 00:00 0 
7fa5f4021000-7fa5f8000000 ---p 00000000 00:00 0 
7fa5f8000000-7fa5f8021000 rw-p 00000000 00:00 0 
7fa5f8021000-7fa5fc000000 ---p 00000000 00:00 0 
7fa5fc000000-7fa5fc021000 rw-p 00000000 00:00 0 
7fa5fc021000-7fa600000000 ---p 00000000 00:00 0 
7fa600000000-7fa600021000 rw-p 00000000 00:00 0 
7fa600021000-7fa604000000 ---p 00000000 00:00 0 
7fa604000000-7fa604021000 rw-p 00000000 00:00 0 
7fa604021000-7fa608000000 ---p 00000000 00:00 0 
7fa608000000-7fa608021000 rw-p 00000000 00:00 0 
7fa608021000-7fa60c000000 ---p 00000000 00:00 0 
7fa60c000000-7fa60c021000 rw-p 00000000 00:00 0 
7fa60c021000-7fa610000000 ---p 00000000 00:00 0 
7fa610000000-7fa610003000 r--s 00000000 08:08 273655                     /var/cache/fontconfig/16326683038b281783a0ef8c680e3a10-le64.cache-6
7fa610003000-7fa610007000 r--s 0003a000 08:08 30805                      /usr/lib/jvm/java-8-oracle/jre/lib/ext/sunpkcs11.jar
7fa610007000-7fa610011000 r--s 000e8000 08:08 3167690                    /home/stefan/NetBeansProjects/Trachtenverein/Grn2_Mitgliederverwaltung/dist/run1085997549/lib/mysql-connector-java-5.1.39-bin.jar
7fa610011000-7fa610051000 rw-s 197132000 00:06 550                       /dev/nvidiactl
7fa610051000-7fa610155000 rw-s 23c735000 00:06 550                       /dev/nvidiactl
7fa610155000-7fa6102e2000 r-xp 00000000 08:08 666310                     /usr/lib/x86_64-linux-gnu/libgio-2.0.so.0.5000.0
7fa6102e2000-7fa6104e1000 ---p 0018d000 08:08 666310                     /usr/lib/x86_64-linux-gnu/libgio-2.0.so.0.5000.0
7fa6104e1000-7fa6104e6000 r--p 0018c000 08:08 666310                     /usr/lib/x86_64-linux-gnu/libgio-2.0.so.0.5000.0
7fa6104e6000-7fa6104e9000 rw-p 00191000 08:08 666310                     /usr/lib/x86_64-linux-gnu/libgio-2.0.so.0.5000.0
7fa6104e9000-7fa6104ea000 rw-p 00000000 00:00 0 
7fa6104ea000-7fa61050c000 r-xp 00000000 08:08 665945                     /usr/lib/x86_64-linux-gnu/libatk-1.0.so.0.22009.1
7fa61050c000-7fa61070b000 ---p 00022000 08:08 665945                     /usr/lib/x86_64-linux-gnu/libatk-1.0.so.0.22009.1
7fa61070b000-7fa61070e000 r--p 00021000 08:08 665945                     /usr/lib/x86_64-linux-gnu/libatk-1.0.so.0.22009.1
7fa61070e000-7fa61070f000 rw-p 00024000 08:08 665945                     /usr/lib/x86_64-linux-gnu/libatk-1.0.so.0.22009.1
7fa61070f000-7fa6107bf000 r-xp 00000000 08:08 655865                     /usr/lib/x86_64-linux-gnu/libgdk-x11-2.0.so.0.2400.30
7fa6107bf000-7fa6109be000 ---p 000b0000 08:08 655865                     /usr/lib/x86_64-linux-gnu/libgdk-x11-2.0.so.0.2400.30
7fa6109be000-7fa6109c2000 r--p 000af000 08:08 655865                     /usr/lib/x86_64-linux-gnu/libgdk-x11-2.0.so.0.2400.30
7fa6109c2000-7fa6109c4000 rw-p 000b3000 08:08 655865                     /usr/lib/x86_64-linux-gnu/libgdk-x11-2.0.so.0.2400.30
7fa6109c4000-7fa610e02000 r-xp 00000000 08:08 655869                     /usr/lib/x86_64-linux-gnu/libgtk-x11-2.0.so.0.2400.30
7fa610e02000-7fa611002000 ---p 0043e000 08:08 655869                     /usr/lib/x86_64-linux-gnu/libgtk-x11-2.0.so.0.2400.30
7fa611002000-7fa611009000 r--p 0043e000 08:08 655869                     /usr/lib/x86_64-linux-gnu/libgtk-x11-2.0.so.0.2400.30
7fa611009000-7fa61100d000 rw-p 00445000 08:08 655869                     /usr/lib/x86_64-linux-gnu/libgtk-x11-2.0.so.0.2400.30
7fa61100d000-7fa611010000 rw-p 00000000 00:00 0 
7fa611010000-7fa611011000 r--s 00000000 08:08 273567                     /var/cache/fontconfig/c277e94e32b20404286a1ddafa5a80f0-le64.cache-6
7fa611011000-7fa611012000 r--s 00000000 08:08 262545                     /var/cache/fontconfig/573ec803664ed168555e0e8b6d0f0c7f-le64.cache-6
7fa611012000-7fa611013000 r--s 00000000 08:08 273653                     /var/cache/fontconfig/e0aa53bcfa504e64f87823c16bc01eb6-le64.cache-6
7fa611029000-7fa611033000 r--s 00116000 08:08 30810                      /usr/lib/jvm/java-8-oracle/jre/lib/ext/localedata.jar
7fa611033000-7fa61103f000 r-xp 00000000 08:08 30686                      /usr/lib/jvm/java-8-oracle/jre/lib/amd64/libprism_es2.so
7fa61103f000-7fa61123e000 ---p 0000c000 08:08 30686                      /usr/lib/jvm/java-8-oracle/jre/lib/amd64/libprism_es2.so
7fa61123e000-7fa61123f000 rw-p 0000b000 08:08 30686                      /usr/lib/jvm/java-8-oracle/jre/lib/amd64/libprism_es2.so
7fa61123f000-7fa611242000 ---p 00000000 00:00 0 
7fa611242000-7fa611340000 rw-p 00000000 00:00 0 
7fa611340000-7fa6113d6000 r--s 01103000 08:08 30806                      /usr/lib/jvm/java-8-oracle/jre/lib/ext/jfxrt.jar
7fa6113d6000-7fa6113d7000 ---p 00000000 00:00 0 
7fa6113d7000-7fa6114d7000 rw-p 00000000 00:00 0 
7fa6114d7000-7fa6114da000 ---p 00000000 00:00 0 
7fa6114da000-7fa6115d8000 rw-p 00000000 00:00 0 
7fa6115d8000-7fa6115db000 ---p 00000000 00:00 0 
7fa6115db000-7fa6116d9000 rw-p 00000000 00:00 0 
7fa6116d9000-7fa6116dc000 ---p 00000000 00:00 0 
7fa6116dc000-7fa6117da000 rw-p 00000000 00:00 0 
7fa6117da000-7fa6117dd000 ---p 00000000 00:00 0 
7fa6117dd000-7fa6118db000 rw-p 00000000 00:00 0 
7fa6118db000-7fa6118de000 ---p 00000000 00:00 0 
7fa6118de000-7fa6119dc000 rw-p 00000000 00:00 0 
7fa6119dc000-7fa6119df000 ---p 00000000 00:00 0 
7fa6119df000-7fa611add000 rw-p 00000000 00:00 0 
7fa611add000-7fa611ae0000 ---p 00000000 00:00 0 
7fa611ae0000-7fa611bde000 rw-p 00000000 00:00 0 
7fa611bde000-7fa611be2000 r-xp 00000000 08:08 30713                      /usr/lib/jvm/java-8-oracle/jre/lib/amd64/libdt_socket.so
7fa611be2000-7fa611de1000 ---p 00004000 08:08 30713                      /usr/lib/jvm/java-8-oracle/jre/lib/amd64/libdt_socket.so
7fa611de1000-7fa611de2000 rw-p 00003000 08:08 30713                      /usr/lib/jvm/java-8-oracle/jre/lib/amd64/libdt_socket.so
7fa611de2000-7fa611de5000 ---p 00000000 00:00 0 
7fa611de5000-7fa611ee3000 rw-p 00000000 00:00 0 
7fa611ee3000-7fa611ee6000 ---p 00000000 00:00 0 
7fa611ee6000-7fa611fe4000 rw-p 00000000 00:00 0 
7fa611fe4000-7fa611fe7000 ---p 00000000 00:00 0 
7fa611fe7000-7fa6120e5000 rw-p 00000000 00:00 0 
7fa6120e5000-7fa6120e6000 ---p 00000000 00:00 0 
7fa6120e6000-7fa6130f5000 rw-p 00000000 00:00 0 
7fa6130f5000-7fa6132cd000 r--s 03d2a000 08:08 30667                      /usr/lib/jvm/java-8-oracle/jre/lib/rt.jar
7fa6132cd000-7fa617c9b000 rw-p 00000000 00:00 0 
7fa617c9b000-7fa617c9c000 ---p 00000000 00:00 0 
7fa617c9c000-7fa617d9c000 rw-p 00000000 00:00 0 
7fa617d9c000-7fa617d9d000 ---p 00000000 00:00 0 
7fa617d9d000-7fa617e9d000 rw-p 00000000 00:00 0 
7fa617e9d000-7fa617e9e000 ---p 00000000 00:00 0 
7fa617e9e000-7fa617fc3000 rw-p 00000000 00:00 0 
7fa617fc3000-7fa61822e000 ---p 00000000 00:00 0 
7fa61822e000-7fa618253000 rw-p 00000000 00:00 0 
7fa618253000-7fa6184be000 ---p 00000000 00:00 0 
7fa6184be000-7fa6184d3000 rw-p 00000000 00:00 0 
7fa6184d3000-7fa618606000 ---p 00000000 00:00 0 
7fa618606000-7fa618626000 rw-p 00000000 00:00 0 
7fa618626000-7fa6189c7000 ---p 00000000 00:00 0 
7fa6189c7000-7fa619177000 rwxp 00000000 00:00 0 
7fa619177000-7fa6279c7000 ---p 00000000 00:00 0 
7fa6279c7000-7fa6279e1000 r-xp 00000000 08:08 30697                      /usr/lib/jvm/java-8-oracle/jre/lib/amd64/libzip.so
7fa6279e1000-7fa627be1000 ---p 0001a000 08:08 30697                      /usr/lib/jvm/java-8-oracle/jre/lib/amd64/libzip.so
7fa627be1000-7fa627be2000 rw-p 0001a000 08:08 30697                      /usr/lib/jvm/java-8-oracle/jre/lib/amd64/libzip.so
7fa627be2000-7fa627bed000 r-xp 00000000 08:08 919378                     /lib/x86_64-linux-gnu/libnss_files-2.24.so
7fa627bed000-7fa627dec000 ---p 0000b000 08:08 919378                     /lib/x86_64-linux-gnu/libnss_files-2.24.so
7fa627dec000-7fa627ded000 r--p 0000a000 08:08 919378                     /lib/x86_64-linux-gnu/libnss_files-2.24.so
7fa627ded000-7fa627dee000 rw-p 0000b000 08:08 919378                     /lib/x86_64-linux-gnu/libnss_files-2.24.so
7fa627dee000-7fa627df4000 rw-p 00000000 00:00 0 
7fa627df4000-7fa627dff000 r-xp 00000000 08:08 919380                     /lib/x86_64-linux-gnu/libnss_nis-2.24.so
7fa627dff000-7fa627ffe000 ---p 0000b000 08:08 919380                     /lib/x86_64-linux-gnu/libnss_nis-2.24.so
7fa627ffe000-7fa627fff000 r--p 0000a000 08:08 919380                     /lib/x86_64-linux-gnu/libnss_nis-2.24.so
7fa627fff000-7fa628000000 rw-p 0000b000 08:08 919380                     /lib/x86_64-linux-gnu/libnss_nis-2.24.so
7fa628000000-7fa6284c4000 rw-p 00000000 00:00 0 
7fa6284c4000-7fa62c000000 ---p 00000000 00:00 0 
7fa62c000000-7fa62c002000 r--s 00000000 08:08 3051659                    /home/stefan/.cache/fontconfig/4e93a9e49221ab1679435ee14ee5ffe6-le64.cache-6
7fa62c002000-7fa62c005000 r--s 0001a000 08:08 30768                      /usr/lib/jvm/java-8-oracle/jre/lib/jce.jar
7fa62c005000-7fa62c018000 rw-s 170de5000 00:06 550                       /dev/nvidiactl
7fa62c018000-7fa62c019000 ---p 00000000 00:00 0 
7fa62c019000-7fa62c119000 rw-p 00000000 00:00 0 
7fa62c119000-7fa62c12f000 r-xp 00000000 08:08 919375                     /lib/x86_64-linux-gnu/libnsl-2.24.so
7fa62c12f000-7fa62c32e000 ---p 00016000 08:08 919375                     /lib/x86_64-linux-gnu/libnsl-2.24.so
7fa62c32e000-7fa62c32f000 r--p 00015000 08:08 919375                     /lib/x86_64-linux-gnu/libnsl-2.24.so
7fa62c32f000-7fa62c330000 rw-p 00016000 08:08 919375                     /lib/x86_64-linux-gnu/libnsl-2.24.so
7fa62c330000-7fa62c332000 rw-p 00000000 00:00 0 
7fa62c332000-7fa62c33a000 r-xp 00000000 08:08 919376                     /lib/x86_64-linux-gnu/libnss_compat-2.24.so
7fa62c33a000-7fa62c539000 ---p 00008000 08:08 919376                     /lib/x86_64-linux-gnu/libnss_compat-2.24.so
7fa62c539000-7fa62c53a000 r--p 00007000 08:08 919376                     /lib/x86_64-linux-gnu/libnss_compat-2.24.so
7fa62c53a000-7fa62c53b000 rw-p 00008000 08:08 919376                     /lib/x86_64-linux-gnu/libnss_compat-2.24.so
7fa62c53b000-7fa62c999000 r--p 00000000 08:08 655798                     /usr/lib/locale/locale-archive
7fa62c999000-7fa62c99b000 r-xp 00000000 08:08 30705                      /usr/lib/jvm/java-8-oracle/jre/lib/amd64/libnpt.so
7fa62c99b000-7fa62cb9b000 ---p 00002000 08:08 30705                      /usr/lib/jvm/java-8-oracle/jre/lib/amd64/libnpt.so
7fa62cb9b000-7fa62cb9c000 rw-p 00002000 08:08 30705                      /usr/lib/jvm/java-8-oracle/jre/lib/amd64/libnpt.so
7fa62cb9c000-7fa62cbd5000 r-xp 00000000 08:08 30671                      /usr/lib/jvm/java-8-oracle/jre/lib/amd64/libjdwp.so
7fa62cbd5000-7fa62cdd4000 ---p 00039000 08:08 30671                      /usr/lib/jvm/java-8-oracle/jre/lib/amd64/libjdwp.so
7fa62cdd4000-7fa62cdd6000 rw-p 00038000 08:08 30671                      /usr/lib/jvm/java-8-oracle/jre/lib/amd64/libjdwp.so
7fa62cdd6000-7fa62ce01000 r-xp 00000000 08:08 30722                      /usr/lib/jvm/java-8-oracle/jre/lib/amd64/libjava.so
7fa62ce01000-7fa62d000000 ---p 0002b000 08:08 30722                      /usr/lib/jvm/java-8-oracle/jre/lib/amd64/libjava.so
7fa62d000000-7fa62d002000 rw-p 0002a000 08:08 30722                      /usr/lib/jvm/java-8-oracle/jre/lib/amd64/libjava.so
7fa62d002000-7fa62d00f000 r-xp 00000000 08:08 30675                      /usr/lib/jvm/java-8-oracle/jre/lib/amd64/libverify.so
7fa62d00f000-7fa62d20e000 ---p 0000d000 08:08 30675                      /usr/lib/jvm/java-8-oracle/jre/lib/amd64/libverify.so
7fa62d20e000-7fa62d210000 rw-p 0000c000 08:08 30675                      /usr/lib/jvm/java-8-oracle/jre/lib/amd64/libverify.so
7fa62d210000-7fa62d217000 r-xp 00000000 08:08 919385                     /lib/x86_64-linux-gnu/librt-2.24.so
7fa62d217000-7fa62d416000 ---p 00007000 08:08 919385                     /lib/x86_64-linux-gnu/librt-2.24.so
7fa62d416000-7fa62d417000 r--p 00006000 08:08 919385                     /lib/x86_64-linux-gnu/librt-2.24.so
7fa62d417000-7fa62d418000 rw-p 00007000 08:08 919385                     /lib/x86_64-linux-gnu/librt-2.24.so
7fa62d418000-7fa62d520000 r-xp 00000000 08:08 919372                     /lib/x86_64-linux-gnu/libm-2.24.so
7fa62d520000-7fa62d71f000 ---p 00108000 08:08 919372                     /lib/x86_64-linux-gnu/libm-2.24.so
7fa62d71f000-7fa62d720000 r--p 00107000 08:08 919372                     /lib/x86_64-linux-gnu/libm-2.24.so
7fa62d720000-7fa62d721000 rw-p 00108000 08:08 919372                     /lib/x86_64-linux-gnu/libm-2.24.so
7fa62d721000-7fa62e3ee000 r-xp 00000000 08:08 30732                      /usr/lib/jvm/java-8-oracle/jre/lib/amd64/server/libjvm.so
7fa62e3ee000-7fa62e5ed000 ---p 00ccd000 08:08 30732                      /usr/lib/jvm/java-8-oracle/jre/lib/amd64/server/libjvm.so
7fa62e5ed000-7fa62e6c6000 rw-p 00ccc000 08:08 30732                      /usr/lib/jvm/java-8-oracle/jre/lib/amd64/server/libjvm.so
7fa62e6c6000-7fa62e711000 rw-p 00000000 00:00 0 
7fa62e711000-7fa62e8ce000 r-xp 00000000 08:08 919368                     /lib/x86_64-linux-gnu/libc-2.24.so
7fa62e8ce000-7fa62eace000 ---p 001bd000 08:08 919368                     /lib/x86_64-linux-gnu/libc-2.24.so
7fa62eace000-7fa62ead2000 r--p 001bd000 08:08 919368                     /lib/x86_64-linux-gnu/libc-2.24.so
7fa62ead2000-7fa62ead4000 rw-p 001c1000 08:08 919368                     /lib/x86_64-linux-gnu/libc-2.24.so
7fa62ead4000-7fa62ead8000 rw-p 00000000 00:00 0 
7fa62ead8000-7fa62eadb000 r-xp 00000000 08:08 919371                     /lib/x86_64-linux-gnu/libdl-2.24.so
7fa62eadb000-7fa62ecda000 ---p 00003000 08:08 919371                     /lib/x86_64-linux-gnu/libdl-2.24.so
7fa62ecda000-7fa62ecdb000 r--p 00002000 08:08 919371                     /lib/x86_64-linux-gnu/libdl-2.24.so
7fa62ecdb000-7fa62ecdc000 rw-p 00003000 08:08 919371                     /lib/x86_64-linux-gnu/libdl-2.24.so
7fa62ecdc000-7fa62ecf1000 r-xp 00000000 08:08 30730                      /usr/lib/jvm/java-8-oracle/jre/lib/amd64/jli/libjli.so
7fa62ecf1000-7fa62eef1000 ---p 00015000 08:08 30730                      /usr/lib/jvm/java-8-oracle/jre/lib/amd64/jli/libjli.so
7fa62eef1000-7fa62eef2000 rw-p 00015000 08:08 30730                      /usr/lib/jvm/java-8-oracle/jre/lib/amd64/jli/libjli.so
7fa62eef2000-7fa62ef0a000 r-xp 00000000 08:08 919383                     /lib/x86_64-linux-gnu/libpthread-2.24.so
7fa62ef0a000-7fa62f10a000 ---p 00018000 08:08 919383                     /lib/x86_64-linux-gnu/libpthread-2.24.so
7fa62f10a000-7fa62f10b000 r--p 00018000 08:08 919383                     /lib/x86_64-linux-gnu/libpthread-2.24.so
7fa62f10b000-7fa62f10c000 rw-p 00019000 08:08 919383                     /lib/x86_64-linux-gnu/libpthread-2.24.so
7fa62f10c000-7fa62f110000 rw-p 00000000 00:00 0 
7fa62f110000-7fa62f135000 r-xp 00000000 08:08 919364                     /lib/x86_64-linux-gnu/ld-2.24.so
7fa62f135000-7fa62f136000 r--s 00000000 08:08 279306                     /var/cache/fontconfig/3830d5c3ddfd5cd38a049b759396e72e-le64.cache-6
7fa62f136000-7fa62f13a000 r--s 00097000 08:08 30662                      /usr/lib/jvm/java-8-oracle/jre/lib/jsse.jar
7fa62f13a000-7fa62f20b000 rw-p 00000000 00:00 0 
7fa62f20b000-7fa62f20e000 ---p 00000000 00:00 0 
7fa62f20e000-7fa62f30e000 rw-p 00000000 00:00 0 
7fa62f30e000-7fa62f310000 r--s 00009000 08:08 30807                      /usr/lib/jvm/java-8-oracle/jre/lib/ext/sunec.jar
7fa62f310000-7fa62f315000 r--s 00040000 08:08 3167689                    /home/stefan/NetBeansProjects/Trachtenverein/Grn2_Mitgliederverwaltung/dist/run1085997549/lib/jsch-0.1.54.jar
7fa62f315000-7fa62f317000 r--s 00007000 08:08 3167688                    /home/stefan/NetBeansProjects/Trachtenverein/Grn2_Mitgliederverwaltung/dist/run1085997549/lib/Wizard.jar
7fa62f317000-7fa62f319000 r--s 00081000 08:08 3167687                    /home/stefan/NetBeansProjects/Trachtenverein/Grn2_Mitgliederverwaltung/dist/run1085997549/lib/Grn2_DataProvider.jar
7fa62f319000-7fa62f31b000 rw-s 00000000 08:08 1974064                    /tmp/.glpq7GoQ (deleted)
7fa62f31b000-7fa62f31c000 rw-s 11f2fc000 00:06 550                       /dev/nvidiactl
7fa62f31c000-7fa62f320000 rw-s 1271f0000 00:06 550                       /dev/nvidiactl
7fa62f320000-7fa62f321000 rw-s dfee6000 00:06 551                        /dev/nvidia0
7fa62f321000-7fa62f322000 rw-s dfee6000 00:06 551                        /dev/nvidia0
7fa62f322000-7fa62f323000 rw-s 170c97000 00:06 550                       /dev/nvidiactl
7fa62f323000-7fa62f324000 rw-s e3060000 00:06 551                        /dev/nvidia0
7fa62f324000-7fa62f327000 r--s 00015000 08:08 3167685                    /home/stefan/NetBeansProjects/Trachtenverein/Grn2_Mitgliederverwaltung/dist/run1085997549/Grn2_Mitgliederverwaltung.jar
7fa62f327000-7fa62f32f000 rw-s 00000000 08:08 1973985                    /tmp/hsperfdata_stefan/5189
7fa62f32f000-7fa62f330000 rw-p 00000000 00:00 0 
7fa62f330000-7fa62f331000 ---p 00000000 00:00 0 
7fa62f331000-7fa62f334000 rw-p 00000000 00:00 0 
7fa62f334000-7fa62f335000 r--p 00024000 08:08 919364                     /lib/x86_64-linux-gnu/ld-2.24.so
7fa62f335000-7fa62f336000 rw-p 00025000 08:08 919364                     /lib/x86_64-linux-gnu/ld-2.24.so
7fa62f336000-7fa62f337000 rw-p 00000000 00:00 0 
7ffdae3c1000-7ffdae3e2000 rw-p 00000000 00:00 0                          [stack]
7ffdae3f1000-7ffdae3f3000 r--p 00000000 00:00 0                          [vvar]
7ffdae3f3000-7ffdae3f5000 r-xp 00000000 00:00 0                          [vdso]
ffffffffff600000-ffffffffff601000 r-xp 00000000 00:00 0                  [vsyscall]

VM Arguments:
jvm_args: -Xdebug -Xrunjdwp:transport=dt_socket,address=localhost:38061 -Dglass.disableGrab=true -Dfile.encoding=UTF-8 
java_command: /home/stefan/NetBeansProjects/Trachtenverein/Grn2_Mitgliederverwaltung/dist/run1085997549/Grn2_Mitgliederverwaltung.jar
java_class_path (initial): /home/stefan/NetBeansProjects/Trachtenverein/Grn2_Mitgliederverwaltung/dist/run1085997549/Grn2_Mitgliederverwaltung.jar
Launcher Type: SUN_STANDARD

Environment Variables:
JAVA_HOME=/usr/lib/jvm/java-8-oracle
PATH=/home/stefan/bin:/home/stefan/.local/bin:/usr/local/sbin:/usr/local/bin:/usr/sbin:/usr/bin:/sbin:/bin:/usr/games:/usr/local/games:/snap/bin:/usr/lib/jvm/java-8-oracle/bin:/usr/lib/jvm/java-8-oracle/db/bin:/usr/lib/jvm/java-8-oracle/jre/bin
LD_LIBRARY_PATH=/usr/lib/jvm/java-8-oracle/jre/lib/amd64:/usr/lib/jvm/java-8-oracle/jre/lib/i386:
SHELL=/bin/bash
DISPLAY=:0

Signal Handlers:
SIGSEGV: [libjvm.so+0xac64b0], sa_mask[0]=11111111011111111101111111111110, sa_flags=SA_RESTART|SA_SIGINFO
SIGBUS: [libjvm.so+0xac64b0], sa_mask[0]=11111111011111111101111111111110, sa_flags=SA_RESTART|SA_SIGINFO
SIGFPE: [libjvm.so+0x91f950], sa_mask[0]=11111111011111111101111111111110, sa_flags=SA_RESTART|SA_SIGINFO
SIGPIPE: SIG_IGN, sa_mask[0]=00000000000010000000000000000000, sa_flags=SA_RESTART
SIGXFSZ: [libjvm.so+0x91f950], sa_mask[0]=11111111011111111101111111111110, sa_flags=SA_RESTART|SA_SIGINFO
SIGILL: [libjvm.so+0x91f950], sa_mask[0]=11111111011111111101111111111110, sa_flags=SA_RESTART|SA_SIGINFO
SIGUSR1: SIG_DFL, sa_mask[0]=00000000000000000000000000000000, sa_flags=none
SIGUSR2: [libjvm.so+0x920f80], sa_mask[0]=00100000000000000000000000000000, sa_flags=SA_RESTART|SA_SIGINFO
SIGHUP: [libjvm.so+0x922380], sa_mask[0]=11111111011111111101111111111110, sa_flags=SA_RESTART|SA_SIGINFO
SIGINT: SIG_IGN, sa_mask[0]=00000000000000000000000000000000, sa_flags=none
SIGTERM: [libjvm.so+0x922380], sa_mask[0]=11111111011111111101111111111110, sa_flags=SA_RESTART|SA_SIGINFO
SIGQUIT: [libjvm.so+0x922380], sa_mask[0]=11111111011111111101111111111110, sa_flags=SA_RESTART|SA_SIGINFO


---------------  S Y S T E M  ---------------

OS:DISTRIB_ID=Ubuntu
DISTRIB_RELEASE=16.10
DISTRIB_CODENAME=yakkety
DISTRIB_DESCRIPTION="Ubuntu 16.10"

uname:Linux 4.8.0-34-generic #36-Ubuntu SMP Wed Dec 21 17:24:18 UTC 2016 x86_64
libc:glibc 2.24 NPTL 2.24 
rlimit: STACK 8192k, CORE 0k, NPROC 30965, NOFILE 65536, AS infinity
load average:1,27 0,76 0,61

/proc/meminfo:
MemTotal:        8052764 kB
MemFree:         3120364 kB
MemAvailable:    4838272 kB
Buffers:          268732 kB
Cached:          1631232 kB
SwapCached:            0 kB
Active:          3328924 kB
Inactive:        1212612 kB
Active(anon):    2349980 kB
Inactive(anon):   333072 kB
Active(file):     978944 kB
Inactive(file):   879540 kB
Unevictable:          32 kB
Mlocked:              32 kB
SwapTotal:       8266748 kB
SwapFree:        8266748 kB
Dirty:              4320 kB
Writeback:             0 kB
AnonPages:       2608504 kB
Mapped:           615424 kB
Shmem:             41480 kB
Slab:             203620 kB
SReclaimable:     163576 kB
SUnreclaim:        40044 kB
KernelStack:        8176 kB
PageTables:        32236 kB
NFS_Unstable:          0 kB
Bounce:                0 kB
WritebackTmp:          0 kB
CommitLimit:    12293128 kB
Committed_AS:    5065036 kB
VmallocTotal:   34359738367 kB
VmallocUsed:           0 kB
VmallocChunk:          0 kB
HardwareCorrupted:     0 kB
AnonHugePages:    919552 kB
ShmemHugePages:        0 kB
ShmemPmdMapped:        0 kB
CmaTotal:              0 kB
CmaFree:               0 kB
HugePages_Total:       0
HugePages_Free:        0
HugePages_Rsvd:        0
HugePages_Surp:        0
Hugepagesize:       2048 kB
DirectMap4k:      239104 kB
DirectMap2M:     6979584 kB
DirectMap1G:     2097152 kB


CPU:total 4 (2 cores per cpu, 2 threads per core) family 6 model 61 stepping 4, cmov, cx8, fxsr, mmx, sse, sse2, sse3, ssse3, sse4.1, sse4.2, popcnt, avx, avx2, aes, clmul, erms, 3dnowpref, lzcnt, ht, tsc, tscinvbit, bmi1, bmi2, adx

/proc/cpuinfo:
processor	: 0
vendor_id	: GenuineIntel
cpu family	: 6
model		: 61
model name	: Intel(R) Core(TM) i5-5200U CPU @ 2.20GHz
stepping	: 4
microcode	: 0x24
cpu MHz		: 2499.975
cache size	: 3072 KB
physical id	: 0
siblings	: 4
core id		: 0
cpu cores	: 2
apicid		: 0
initial apicid	: 0
fpu		: yes
fpu_exception	: yes
cpuid level	: 20
wp		: yes
flags		: fpu vme de pse tsc msr pae mce cx8 apic sep mtrr pge mca cmov pat pse36 clflush dts acpi mmx fxsr sse sse2 ss ht tm pbe syscall nx pdpe1gb rdtscp lm constant_tsc arch_perfmon pebs bts rep_good nopl xtopology nonstop_tsc aperfmperf eagerfpu pni pclmulqdq dtes64 monitor ds_cpl vmx est tm2 ssse3 sdbg fma cx16 xtpr pdcm pcid sse4_1 sse4_2 x2apic movbe popcnt tsc_deadline_timer aes xsave avx f16c rdrand lahf_lm abm 3dnowprefetch epb intel_pt tpr_shadow vnmi flexpriority ept vpid fsgsbase tsc_adjust bmi1 avx2 smep bmi2 erms invpcid rdseed adx smap xsaveopt dtherm ida arat pln pts
bugs		:
bogomips	: 4389.56
clflush size	: 64
cache_alignment	: 64
address sizes	: 39 bits physical, 48 bits virtual
power management:

processor	: 1
vendor_id	: GenuineIntel
cpu family	: 6
model		: 61
model name	: Intel(R) Core(TM) i5-5200U CPU @ 2.20GHz
stepping	: 4
microcode	: 0x24
cpu MHz		: 2499.975
cache size	: 3072 KB
physical id	: 0
siblings	: 4
core id		: 0
cpu cores	: 2
apicid		: 1
initial apicid	: 1
fpu		: yes
fpu_exception	: yes
cpuid level	: 20
wp		: yes
flags		: fpu vme de pse tsc msr pae mce cx8 apic sep mtrr pge mca cmov pat pse36 clflush dts acpi mmx fxsr sse sse2 ss ht tm pbe syscall nx pdpe1gb rdtscp lm constant_tsc arch_perfmon pebs bts rep_good nopl xtopology nonstop_tsc aperfmperf eagerfpu pni pclmulqdq dtes64 monitor ds_cpl vmx est tm2 ssse3 sdbg fma cx16 xtpr pdcm pcid sse4_1 sse4_2 x2apic movbe popcnt tsc_deadline_timer aes xsave avx f16c rdrand lahf_lm abm 3dnowprefetch epb intel_pt tpr_shadow vnmi flexpriority ept vpid fsgsbase tsc_adjust bmi1 avx2 smep bmi2 erms invpcid rdseed adx smap xsaveopt dtherm ida arat pln pts
bugs		:
bogomips	: 4389.56
clflush size	: 64
cache_alignment	: 64
address sizes	: 39 bits physical, 48 bits virtual
power management:

processor	: 2
vendor_id	: GenuineIntel
cpu family	: 6
model		: 61
model name	: Intel(R) Core(TM) i5-5200U CPU @ 2.20GHz
stepping	: 4
microcode	: 0x24
cpu MHz		: 2510.583
cache size	: 3072 KB
physical id	: 0
siblings	: 4
core id		: 1
cpu cores	: 2
apicid		: 2
initial apicid	: 2
fpu		: yes
fpu_exception	: yes
cpuid level	: 20
wp		: yes
flags		: fpu vme de pse tsc msr pae mce cx8 apic sep mtrr pge mca cmov pat pse36 clflush dts acpi mmx fxsr sse sse2 ss ht tm pbe syscall nx pdpe1gb rdtscp lm constant_tsc arch_perfmon pebs bts rep_good nopl xtopology nonstop_tsc aperfmperf eagerfpu pni pclmulqdq dtes64 monitor ds_cpl vmx est tm2 ssse3 sdbg fma cx16 xtpr pdcm pcid sse4_1 sse4_2 x2apic movbe popcnt tsc_deadline_timer aes xsave avx f16c rdrand lahf_lm abm 3dnowprefetch epb intel_pt tpr_shadow vnmi flexpriority ept vpid fsgsbase tsc_adjust bmi1 avx2 smep bmi2 erms invpcid rdseed adx smap xsaveopt dtherm ida arat pln pts
bugs		:
bogomips	: 4389.56
clflush size	: 64
cache_alignment	: 64
address sizes	: 39 bits physical, 48 bits virtual
power management:

processor	: 3
vendor_id	: GenuineIntel
cpu family	: 6
model		: 61
model name	: Intel(R) Core(TM) i5-5200U CPU @ 2.20GHz
stepping	: 4
microcode	: 0x24
cpu MHz		: 2508.703
cache size	: 3072 KB
physical id	: 0
siblings	: 4
core id		: 1
cpu cores	: 2
apicid		: 3
initial apicid	: 3
fpu		: yes
fpu_exception	: yes
cpuid level	: 20
wp		: yes
flags		: fpu vme de pse tsc msr pae mce cx8 apic sep mtrr pge mca cmov pat pse36 clflush dts acpi mmx fxsr sse sse2 ss ht tm pbe syscall nx pdpe1gb rdtscp lm constant_tsc arch_perfmon pebs bts rep_good nopl xtopology nonstop_tsc aperfmperf eagerfpu pni pclmulqdq dtes64 monitor ds_cpl vmx est tm2 ssse3 sdbg fma cx16 xtpr pdcm pcid sse4_1 sse4_2 x2apic movbe popcnt tsc_deadline_timer aes xsave avx f16c rdrand lahf_lm abm 3dnowprefetch epb intel_pt tpr_shadow vnmi flexpriority ept vpid fsgsbase tsc_adjust bmi1 avx2 smep bmi2 erms invpcid rdseed adx smap xsaveopt dtherm ida arat pln pts
bugs		:
bogomips	: 4389.56
clflush size	: 64
cache_alignment	: 64
address sizes	: 39 bits physical, 48 bits virtual
power management:



Memory: 4k page, physical 8052764k(3120116k free), swap 8266748k(8266748k free)

vm_info: Java HotSpot(TM) 64-Bit Server VM (25.111-b14) for linux-amd64 JRE (1.8.0_111-b14), built on Sep 22 2016 16:14:03 by "java_re" with gcc 4.3.0 20080428 (Red Hat 4.3.0-8)

time: Sat Jan 14 08:34:01 2017
elapsed time: 12 seconds (0d 0h 0m 12s)

