#
# A fatal error has been detected by the Java Runtime Environment:
#
#  SIGSEGV (0xb) at pc=0x00007f1c2b9c34e8, pid=3114, tid=139757168400128
#
# JRE version: Java(TM) SE Runtime Environment (8.0_72-b15) (build 1.8.0_72-b15)
# Java VM: Java HotSpot(TM) 64-Bit Server VM (25.72-b15 mixed mode linux-amd64 compressed oops)
# Problematic frame:
# V  [libjvm.so+0x6ce4e8]  jni_invoke_nonstatic(JNIEnv_*, JavaValue*, _jobject*, JNICallType, _jmethodID*, JNI_ArgumentPusher*, Thread*)+0x38
#
# Failed to write core dump. Core dumps have been disabled. To enable core dumping, try "ulimit -c unlimited" before starting Java again
#
# If you would like to submit a bug report, please visit:
#   http://bugreport.java.com/bugreport/crash.jsp
#

---------------  T H R E A D  ---------------

Current thread (0x00007f1c24349800):  JavaThread "JavaFX Application Thread" [_thread_in_vm, id=3145, stack(0x00007f1bc0509000,0x00007f1bc060a000)]

siginfo: si_signo: 11 (SIGSEGV), si_code: 128 (SI_KERNEL), si_addr: 0x0000000000000000

Registers:
RAX=0x00007f1bc0606b50, RBX=0x00007f1bc0606a60, RCX=0x0000000000000001, RDX=0x316b646a2f736461
RSP=0x00007f1bc06068b0, RBP=0x00007f1bc0606a30, RSI=0x00007f1bc0606ac0, RDI=0x00007f1c243499f8
R8 =0x00007f1c242c07e0, R9 =0x00007f1bc0606a60, R10=0x00007f1bb4342d30, R11=0x00007f1c155ddf80
R12=0x00007f1c24349800, R13=0x00007f1c242c07e0, R14=0x0000000000000001, R15=0x00007f1c243499f8
RIP=0x00007f1c2b9c34e8, EFLAGS=0x0000000000010202, CSGSFS=0x0000000000000033, ERR=0x0000000000000000
  TRAPNO=0x000000000000000d

Top of Stack: (sp=0x00007f1bc06068b0)
0x00007f1bc06068b0:   00007f1bc0606f80 00007f1bc0606bd0
0x00007f1bc06068c0:   00007f1bc0606910 00007f1bc0606990
0x00007f1bc06068d0:   00007f1bc0606a60 00007f1bc0606ac0
0x00007f1bc06068e0:   00007f1c243499f8 00007f1c2b9e2d80
0x00007f1bc06068f0:   00007f1be0011750 00007f1be0011760
0x00007f1bc0606900:   00007f1be0011b38 00000000000003d8
0x00007f1bc0606910:   00007f1c24349088 00000000d9009420
0x00007f1bc0606920:   00007f1c0000006f 00007f1c0000000a
0x00007f1bc0606930:   00000000d78c9350 00007f1c00000000
0x00007f1bc0606940:   0000003300000000 00007f1bc0606990
0x00007f1bc0606950:   00007f1c10f7bf38 0000000100000100
0x00007f1bc0606960:   00007f1c11000348 00007f1bc0606918
0x00007f1bc0606970:   00007f1bc0606959 0000000800000005
0x00007f1bc0606980:   00007f1c11025d00 00007f1c24349090
0x00007f1bc0606990:   00007f1c2c245830 00007f1c2cd1c470
0x00007f1bc06069a0:   0000000024349530 00007f1c24349800
0x00007f1bc06069b0:   0000000000000000 00007f1c2b9c38bb
0x00007f1bc06069c0:   00007f1c10f86320 00007f1c24349800
0x00007f1bc06069d0:   00007f1c10f86320 00007f1c24349800
0x00007f1bc06069e0:   00007f1bc0606b70 00007f1c10f86320
0x00007f1bc06069f0:   00007f1c10f86320 00007f1c10f86320
0x00007f1bc0606a00:   00007f1be0011750 00007f1bc0606a60
0x00007f1bc0606a10:   00007f1c24349800 00007f1bc0606aa0
0x00007f1bc0606a20:   00007f1c242c07e0 00007f1c243499f8
0x00007f1bc0606a30:   00007f1bc0606b20 00007f1c2b9c7c8f
0x00007f1bc0606a40:   00007f1c24349800 00007f1c09d6b5d4
0x00007f1bc0606a50:   00007f1bc0606b38 316b646a2f736461
0x00007f1bc0606a60:   00007f1c2c246490 00007f1c2cd1c470
0x00007f1bc0606a70:   00000000c0606ae0 00007f1b00000063
0x00007f1bc0606a80:   0000000000000000 0000003000000018
0x00007f1bc0606a90:   00007f1bc0606c10 00007f1bc0606b50
0x00007f1bc0606aa0:   00007f1c24349800 0000000000000000 

Instructions: (pc=0x00007f1c2b9c34e8)
0x00007f1c2b9c34c8:   00 00 48 85 d2 48 89 bd b0 fe ff ff 48 89 b5 a8
0x00007f1c2b9c34d8:   fe ff ff 4c 89 8d a0 fe ff ff 0f 84 78 09 00 00
0x00007f1c2b9c34e8:   4c 8b 22 4d 85 e4 0f 84 6c 09 00 00 48 8b 45 10
0x00007f1c2b9c34f8:   48 8b 98 38 01 00 00 48 83 7b 18 f7 0f 87 16 07 

Register to memory mapping:

RAX=0x00007f1bc0606b50 is pointing into the stack for thread: 0x00007f1c24349800
RBX=0x00007f1bc0606a60 is pointing into the stack for thread: 0x00007f1c24349800
RCX=0x0000000000000001 is an unknown value
RDX=0x316b646a2f736461 is an unknown value
RSP=0x00007f1bc06068b0 is pointing into the stack for thread: 0x00007f1c24349800
RBP=0x00007f1bc0606a30 is pointing into the stack for thread: 0x00007f1c24349800
RSI=0x00007f1bc0606ac0 is pointing into the stack for thread: 0x00007f1c24349800
RDI=0x00007f1c243499f8 is an unknown value
R8 =0x00007f1c242c07e0 is an unknown value
R9 =0x00007f1bc0606a60 is pointing into the stack for thread: 0x00007f1c24349800
R10=0x00007f1bb4342d30 is an unknown value
R11=0x00007f1c155ddf80 is at entry_point+32 in (nmethod*)0x00007f1c155dde10
R12=0x00007f1c24349800 is a thread
R13=0x00007f1c242c07e0 is an unknown value
R14=0x0000000000000001 is an unknown value
R15=0x00007f1c243499f8 is an unknown value


Stack: [0x00007f1bc0509000,0x00007f1bc060a000],  sp=0x00007f1bc06068b0,  free space=1014k
Native frames: (J=compiled Java code, j=interpreted, Vv=VM code, C=native code)
V  [libjvm.so+0x6ce4e8]  jni_invoke_nonstatic(JNIEnv_*, JavaValue*, _jobject*, JNICallType, _jmethodID*, JNI_ArgumentPusher*, Thread*)+0x38
V  [libjvm.so+0x6d2c8f]  jni_CallVoidMethodV+0x10f
C  [libglass.so+0x18641]  JNIEnv_::CallVoidMethod(_jobject*, _jmethodID*, ...)+0x81
C  [libglass.so+0x14f0f]  WindowContextBase::process_key(_GdkEventKey*)+0x20f
C  [libglass.so+0x19f60]  WindowContextBase::im_filter_keypress(_GdkEventKey*)+0x1c0
C  [libglass.so+0x1a91c]  process_events(_GdkEvent*, void*)+0x22c
C  [libgdk-x11-2.0.so.0+0x5b1ec]

Java frames: (J=compiled Java code, j=interpreted, Vv=VM code)
j  com.sun.glass.ui.gtk.GtkApplication.enterNestedEventLoopImpl()V+0
j  com.sun.glass.ui.gtk.GtkApplication._enterNestedEventLoop()Ljava/lang/Object;+15
j  com.sun.glass.ui.Application.enterNestedEventLoop()Ljava/lang/Object;+14
j  com.sun.glass.ui.EventLoop.enter()Ljava/lang/Object;+42
j  com.sun.javafx.tk.quantum.QuantumToolkit.enterNestedEventLoop(Ljava/lang/Object;)Ljava/lang/Object;+107
j  javafx.stage.Stage.showAndWait()V+93
j  bayern.steinbrecher.gruen2.login.ssh.SshLogin.getLoginInformation()Ljava/util/Map;+21
j  bayern.steinbrecher.gruen2.main.Main.getConnection(Lbayern/steinbrecher/gruen2/login/Login;Ljavafx/stage/Stage;)Lbayern/steinbrecher/gruen2/connection/DBConnection;+3
j  bayern.steinbrecher.gruen2.main.Main.start(Ljavafx/stage/Stage;)V+42
j  com.sun.javafx.application.LauncherImpl.lambda$launchApplication1$162(Ljava/util/concurrent/atomic/AtomicBoolean;Ljavafx/application/Application;)V+20
j  com.sun.javafx.application.LauncherImpl$$Lambda$58.run()V+8
j  com.sun.javafx.application.PlatformImpl.lambda$runAndWait$175(Ljava/lang/Runnable;Ljava/util/concurrent/CountDownLatch;)V+1
j  com.sun.javafx.application.PlatformImpl$$Lambda$50.run()V+8
j  com.sun.javafx.application.PlatformImpl.lambda$null$173(Ljava/lang/Runnable;)Ljava/lang/Void;+1
j  com.sun.javafx.application.PlatformImpl$$Lambda$53.run()Ljava/lang/Object;+4
v  ~StubRoutines::call_stub
j  java.security.AccessController.doPrivileged(Ljava/security/PrivilegedAction;Ljava/security/AccessControlContext;)Ljava/lang/Object;+0
j  com.sun.javafx.application.PlatformImpl.lambda$runLater$174(Ljava/lang/Runnable;Ljava/security/AccessControlContext;)V+7
j  com.sun.javafx.application.PlatformImpl$$Lambda$51.run()V+8
j  com.sun.glass.ui.InvokeLaterDispatcher$Future.run()V+4
v  ~StubRoutines::call_stub
j  com.sun.glass.ui.gtk.GtkApplication._runLoop(Ljava/lang/Runnable;Z)V+0
j  com.sun.glass.ui.gtk.GtkApplication.lambda$null$49(Ljava/lang/Runnable;Z)V+7
j  com.sun.glass.ui.gtk.GtkApplication$$Lambda$41.run()V+12
j  java.lang.Thread.run()V+11
v  ~StubRoutines::call_stub

---------------  P R O C E S S  ---------------

Java Threads: ( => current thread )
  0x00007f1bb43af000 JavaThread "FX Access Thread (Visual Debugger)" daemon [_thread_blocked, id=3154, stack(0x00007f1bb06dc000,0x00007f1bb07dd000)]
  0x00007f1bb4232000 JavaThread "Prism Font Disposer" daemon [_thread_blocked, id=3152, stack(0x00007f1bb322c000,0x00007f1bb332d000)]
  0x00007f1c2434e000 JavaThread "JavaFX-Launcher" [_thread_blocked, id=3146, stack(0x00007f1bc0408000,0x00007f1bc0509000)]
=>0x00007f1c24349800 JavaThread "JavaFX Application Thread" [_thread_in_vm, id=3145, stack(0x00007f1bc0509000,0x00007f1bc060a000)]
  0x00007f1c24345000 JavaThread "Thread-1" daemon [_thread_blocked, id=3144, stack(0x00007f1bc803b000,0x00007f1bc813c000)]
  0x00007f1c242a5800 JavaThread "QuantumRenderer-0" daemon [_thread_blocked, id=3143, stack(0x00007f1c0a7e0000,0x00007f1c0a8e1000)]
  0x00007f1c2419a800 JavaThread "Service Thread" daemon [_thread_blocked, id=3141, stack(0x00007f1c0a9e2000,0x00007f1c0aae3000)]
  0x00007f1c24196000 JavaThread "C1 CompilerThread2" daemon [_thread_blocked, id=3140, stack(0x00007f1c0aae3000,0x00007f1c0abe4000)]
  0x00007f1c24194800 JavaThread "C2 CompilerThread1" daemon [_thread_blocked, id=3139, stack(0x00007f1c0abe4000,0x00007f1c0ace5000)]
  0x00007f1c24191800 JavaThread "C2 CompilerThread0" daemon [_thread_blocked, id=3138, stack(0x00007f1c0ace5000,0x00007f1c0ade6000)]
  0x00007f1be4001000 JavaThread "JDWP Command Reader" daemon [_thread_in_native, id=3132, stack(0x00007f1c0ade6000,0x00007f1c0aee7000)]
  0x00007f1c2418f800 JavaThread "JDWP Event Helper Thread" daemon [_thread_blocked, id=3131, stack(0x00007f1c0aee7000,0x00007f1c0afe8000)]
  0x00007f1c2418b800 JavaThread "JDWP Transport Listener: dt_socket" daemon [_thread_blocked, id=3130, stack(0x00007f1c0afe8000,0x00007f1c0b0e9000)]
  0x00007f1c2417f000 JavaThread "Signal Dispatcher" daemon [_thread_blocked, id=3127, stack(0x00007f1c0b4f5000,0x00007f1c0b5f6000)]
  0x00007f1c2414d000 JavaThread "Finalizer" daemon [_thread_blocked, id=3126, stack(0x00007f1c0b5f6000,0x00007f1c0b6f7000)]
  0x00007f1c24148800 JavaThread "Reference Handler" daemon [_thread_blocked, id=3125, stack(0x00007f1c0b6f7000,0x00007f1c0b7f8000)]
  0x00007f1c2400b800 JavaThread "main" [_thread_blocked, id=3118, stack(0x00007f1c2cd71000,0x00007f1c2ce72000)]

Other Threads:
  0x00007f1c24140800 VMThread [stack: 0x00007f1c0b7f8000,0x00007f1c0b8f9000] [id=3123]
  0x00007f1c2419d000 WatcherThread [stack: 0x00007f1c0a8e1000,0x00007f1c0a9e2000] [id=3142]

VM state:not at safepoint (normal execution)

VM Mutex/Monitor currently owned by a thread: None

Heap:
 PSYoungGen      total 36864K, used 12766K [0x00000000d7100000, 0x00000000d9a00000, 0x0000000100000000)
  eden space 31744K, 25% used [0x00000000d7100000,0x00000000d790b658,0x00000000d9000000)
  from space 5120K, 88% used [0x00000000d9000000,0x00000000d946c4a0,0x00000000d9500000)
  to   space 5120K, 0% used [0x00000000d9500000,0x00000000d9500000,0x00000000d9a00000)
 ParOldGen       total 84992K, used 72K [0x0000000085200000, 0x000000008a500000, 0x00000000d7100000)
  object space 84992K, 0% used [0x0000000085200000,0x0000000085212010,0x000000008a500000)
 Metaspace       used 17020K, capacity 17808K, committed 18048K, reserved 1064960K
  class space    used 2393K, capacity 2595K, committed 2688K, reserved 1048576K

Card table byte_map: [0x00007f1c28bf9000,0x00007f1c28fd1000] byte_map_base: 0x00007f1c287d0000

Marking Bits: (ParMarkBitMap*) 0x00007f1c2c2aa100
 Begin Bits: [0x00007f1c11290000, 0x00007f1c13148000)
 End Bits:   [0x00007f1c13148000, 0x00007f1c15000000)

Polling page: 0x00007f1c2ceca000

CodeCache: size=245760Kb used=6523Kb max_used=6523Kb free=239236Kb
 bounds [0x00007f1c15000000, 0x00007f1c15670000, 0x00007f1c24000000]
 total_blobs=2781 nmethods=2148 adapters=553
 compilation: enabled

Compilation events (10 events):
Event: 16,129 Thread 0x00007f1c24196000 2163       3       com.sun.prism.GraphicsPipeline::getPipeline (4 bytes)
Event: 16,129 Thread 0x00007f1c24196000 nmethod 2163 0x00007f1c156602d0 code [0x00007f1c15660420, 0x00007f1c15660550]
Event: 16,633 Thread 0x00007f1c24196000 2164       3       com.sun.prism.impl.BaseGraphics::setCompositeMode (6 bytes)
Event: 16,633 Thread 0x00007f1c24196000 nmethod 2164 0x00007f1c1565ff90 code [0x00007f1c156600e0, 0x00007f1c15660250]
Event: 16,724 Thread 0x00007f1c24196000 2165       3       javafx.animation.Animation$AnimationReadOnlyProperty::access$800 (6 bytes)
Event: 16,724 Thread 0x00007f1c24196000 nmethod 2165 0x00007f1c1565f810 code [0x00007f1c1565f9a0, 0x00007f1c1565fda8]
Event: 16,724 Thread 0x00007f1c24196000 2166       3       javafx.animation.Animation$AnimationReadOnlyProperty::set (10 bytes)
Event: 16,724 Thread 0x00007f1c24196000 nmethod 2166 0x00007f1c1565f150 code [0x00007f1c1565f2e0, 0x00007f1c1565f688]
Event: 16,725 Thread 0x00007f1c24196000 2167       3       sun.misc.Unsafe::getAndAddInt (27 bytes)
Event: 16,725 Thread 0x00007f1c24196000 nmethod 2167 0x00007f1c15661f90 code [0x00007f1c15662100, 0x00007f1c15662310]

GC Heap History (2 events):
Event: 2,704 GC heap before
{Heap before GC invocations=1 (full 0):
 PSYoungGen      total 36864K, used 31744K [0x00000000d7100000, 0x00000000d9a00000, 0x0000000100000000)
  eden space 31744K, 100% used [0x00000000d7100000,0x00000000d9000000,0x00000000d9000000)
  from space 5120K, 0% used [0x00000000d9500000,0x00000000d9500000,0x00000000d9a00000)
  to   space 5120K, 0% used [0x00000000d9000000,0x00000000d9000000,0x00000000d9500000)
 ParOldGen       total 84992K, used 0K [0x0000000085200000, 0x000000008a500000, 0x00000000d7100000)
  object space 84992K, 0% used [0x0000000085200000,0x0000000085200000,0x000000008a500000)
 Metaspace       used 15053K, capacity 15668K, committed 15744K, reserved 1062912K
  class space    used 2200K, capacity 2385K, committed 2432K, reserved 1048576K
Event: 2,711 GC heap after
Heap after GC invocations=1 (full 0):
 PSYoungGen      total 36864K, used 4529K [0x00000000d7100000, 0x00000000d9a00000, 0x0000000100000000)
  eden space 31744K, 0% used [0x00000000d7100000,0x00000000d7100000,0x00000000d9000000)
  from space 5120K, 88% used [0x00000000d9000000,0x00000000d946c4a0,0x00000000d9500000)
  to   space 5120K, 0% used [0x00000000d9500000,0x00000000d9500000,0x00000000d9a00000)
 ParOldGen       total 84992K, used 72K [0x0000000085200000, 0x000000008a500000, 0x00000000d7100000)
  object space 84992K, 0% used [0x0000000085200000,0x0000000085212010,0x000000008a500000)
 Metaspace       used 15053K, capacity 15668K, committed 15744K, reserved 1062912K
  class space    used 2200K, capacity 2385K, committed 2432K, reserved 1048576K
}

Deoptimization events (10 events):
Event: 2,658 Thread 0x00007f1c24349800 Uncommon trap: reason=class_check action=maybe_recompile pc=0x00007f1c1527283c method=java.io.DataInputStream.readShort()S @ 4
Event: 2,658 Thread 0x00007f1c24349800 Uncommon trap: reason=class_check action=maybe_recompile pc=0x00007f1c1527283c method=java.io.DataInputStream.readShort()S @ 4
Event: 2,658 Thread 0x00007f1c24349800 Uncommon trap: reason=class_check action=maybe_recompile pc=0x00007f1c1527283c method=java.io.DataInputStream.readShort()S @ 4
Event: 2,661 Thread 0x00007f1c24349800 Uncommon trap: reason=class_check action=maybe_recompile pc=0x00007f1c1511b294 method=java.lang.String.equals(Ljava/lang/Object;)Z @ 8
Event: 2,661 Thread 0x00007f1c24349800 Uncommon trap: reason=class_check action=maybe_recompile pc=0x00007f1c1511b294 method=java.lang.String.equals(Ljava/lang/Object;)Z @ 8
Event: 2,661 Thread 0x00007f1c24349800 Uncommon trap: reason=class_check action=maybe_recompile pc=0x00007f1c1511b294 method=java.lang.String.equals(Ljava/lang/Object;)Z @ 8
Event: 2,662 Thread 0x00007f1c24349800 Uncommon trap: reason=class_check action=maybe_recompile pc=0x00007f1c1511b294 method=java.lang.String.equals(Ljava/lang/Object;)Z @ 8
Event: 3,231 Thread 0x00007f1c24349800 Uncommon trap: reason=unstable_if action=reinterpret pc=0x00007f1c153ee920 method=jdk.internal.org.objectweb.asm.Type.getArgumentsAndReturnSizes(Ljava/lang/String;)I @ 47
Event: 3,730 Thread 0x00007f1c242a5800 Uncommon trap: reason=unstable_if action=reinterpret pc=0x00007f1c154417c4 method=java.lang.StrictMath.floorOrCeil(DDDD)D @ 115
Event: 8,652 Thread 0x00007f1c24349800 Uncommon trap: reason=unstable_if action=reinterpret pc=0x00007f1c1524be60 method=java.lang.CharacterData.of(I)Ljava/lang/CharacterData; @ 4

Internal exceptions (10 events):
Event: 1,482 Thread 0x00007f1c2400b800 Exception <a 'java/security/PrivilegedActionException'> (0x00000000d74558b0) thrown at [/HUDSON/workspace/8-2-build-linux-amd64/jdk8u72/5732/hotspot/src/share/vm/prims/jvm.cpp, line 1386]
Event: 1,482 Thread 0x00007f1c2400b800 Exception <a 'java/security/PrivilegedActionException'> (0x00000000d7455ac0) thrown at [/HUDSON/workspace/8-2-build-linux-amd64/jdk8u72/5732/hotspot/src/share/vm/prims/jvm.cpp, line 1386]
Event: 1,482 Thread 0x00007f1c2400b800 Exception <a 'java/lang/NullPointerException'> (0x00000000d7456098) thrown at [/HUDSON/workspace/8-2-build-linux-amd64/jdk8u72/5732/hotspot/src/share/vm/interpreter/linkResolver.cpp, line 1178]
Event: 2,082 Thread 0x00007f1c24349800 Exception <a 'java/lang/NullPointerException'> (0x00000000d7e4d220) thrown at [/HUDSON/workspace/8-2-build-linux-amd64/jdk8u72/5732/hotspot/src/share/vm/interpreter/linkResolver.cpp, line 1178]
Event: 2,082 Thread 0x00007f1c24349800 Exception <a 'java/lang/NullPointerException'> (0x00000000d7e4d220) thrown at [/HUDSON/workspace/8-2-build-linux-amd64/jdk8u72/5732/hotspot/src/share/vm/prims/jvm.cpp, line 1390]
Event: 2,185 Thread 0x00007f1c24349800 Exception <a 'java/lang/ArrayIndexOutOfBoundsException'> (0x00000000d8295bb8) thrown at [/HUDSON/workspace/8-2-build-linux-amd64/jdk8u72/5732/hotspot/src/share/vm/runtime/sharedRuntime.cpp, line 605]
Event: 2,185 Thread 0x00007f1c24349800 Exception <a 'java/lang/ArrayIndexOutOfBoundsException'> (0x00000000d82966d0) thrown at [/HUDSON/workspace/8-2-build-linux-amd64/jdk8u72/5732/hotspot/src/share/vm/runtime/sharedRuntime.cpp, line 605]
Event: 2,185 Thread 0x00007f1c24349800 Exception <a 'java/lang/ArrayIndexOutOfBoundsException'> (0x00000000d8297a78) thrown at [/HUDSON/workspace/8-2-build-linux-amd64/jdk8u72/5732/hotspot/src/share/vm/runtime/sharedRuntime.cpp, line 605]
Event: 2,327 Thread 0x00007f1c24349800 Implicit null exception at 0x00007f1c15283934 to 0x00007f1c15283b85
Event: 2,541 Thread 0x00007f1c24349800 Exception <a 'java/lang/ArrayIndexOutOfBoundsException'> (0x00000000d8b1c058) thrown at [/HUDSON/workspace/8-2-build-linux-amd64/jdk8u72/5732/hotspot/src/share/vm/runtime/sharedRuntime.cpp, line 605]

Events (10 events):
Event: 16,724 loading class com/sun/javafx/tk/quantum/WindowStage
Event: 16,724 loading class com/sun/javafx/tk/quantum/WindowStage done
Event: 16,725 loading class com/sun/prism/GraphicsResource
Event: 16,725 loading class com/sun/prism/GraphicsResource done
Event: 16,725 loading class com/sun/prism/GraphicsResource
Event: 16,725 loading class com/sun/prism/GraphicsResource done
Event: 16,725 loading class com/sun/javafx/tk/quantum/ViewScene
Event: 16,725 loading class com/sun/javafx/tk/quantum/ViewScene done
Event: 16,725 loading class com/sun/javafx/tk/quantum/WindowStage
Event: 16,725 loading class com/sun/javafx/tk/quantum/WindowStage done


Dynamic libraries:
00400000-00401000 r-xp 00000000 00:29 44332                              /home/huberst/Downloads/jdk1.8.0_72/bin/java
00600000-00601000 rw-p 00000000 00:29 44332                              /home/huberst/Downloads/jdk1.8.0_72/bin/java
00601000-00622000 rw-p 00000000 00:00 0                                  [heap]
85200000-8a500000 rw-p 00000000 00:00 0 
8a500000-d7100000 ---p 00000000 00:00 0 
d7100000-d9a00000 rw-p 00000000 00:00 0 
d9a00000-100000000 ---p 00000000 00:00 0 
100000000-1002a0000 rw-p 00000000 00:00 0 
1002a0000-140000000 ---p 00000000 00:00 0 
7f1b98000000-7f1b98021000 rw-p 00000000 00:00 0 
7f1b98021000-7f1b9c000000 ---p 00000000 00:00 0 
7f1ba0000000-7f1ba0021000 rw-p 00000000 00:00 0 
7f1ba0021000-7f1ba4000000 ---p 00000000 00:00 0 
7f1ba7eff000-7f1ba7fff000 rw-p 00000000 00:00 0 
7f1ba7fff000-7f1bac000000 rw-s 00000000 00:0f 2697307                    /dev/shm/pulse-shm-4170902177
7f1bac000000-7f1bac021000 rw-p 00000000 00:00 0 
7f1bac021000-7f1bb0000000 ---p 00000000 00:00 0 
7f1bb004c000-7f1bb014c000 rw-p 00000000 00:00 0 
7f1bb014c000-7f1bb0154000 rw-s 00000000 00:05 2697320                    /drm mm object (deleted)
7f1bb0154000-7f1bb0164000 rw-s 00000000 00:05 2697319                    /drm mm object (deleted)
7f1bb0164000-7f1bb016c000 rw-s 00000000 00:05 2693079                    /drm mm object (deleted)
7f1bb016c000-7f1bb017c000 rw-s 00000000 00:05 2698713                    /drm mm object (deleted)
7f1bb017c000-7f1bb027c000 rw-p 00000000 00:00 0 
7f1bb027c000-7f1bb037c000 ---p 00000000 00:00 0 
7f1bb037c000-7f1bb03dc000 rw-s 00000000 00:05 2693068                    /drm mm object (deleted)
7f1bb03dc000-7f1bb055c000 rw-s 10d17a000 00:06 5697                      /dev/dri/card0
7f1bb055c000-7f1bb06dc000 rw-s 00000000 00:05 2698704                    /drm mm object (deleted)
7f1bb06dc000-7f1bb06df000 ---p 00000000 00:00 0 
7f1bb06df000-7f1bb07dd000 rw-p 00000000 00:00 0                          [stack:3154]
7f1bb07dd000-7f1bb07de000 ---p 00000000 00:00 0 
7f1bb07de000-7f1bb0fde000 rw-p 00000000 00:00 0                          [stack:3153]
7f1bb0fde000-7f1bb106f000 r-xp 00000000 08:03 3459286                    /usr/lib64/libvorbisenc.so.2.0.10
7f1bb106f000-7f1bb126e000 ---p 00091000 08:03 3459286                    /usr/lib64/libvorbisenc.so.2.0.10
7f1bb126e000-7f1bb1290000 r--p 00090000 08:03 3459286                    /usr/lib64/libvorbisenc.so.2.0.10
7f1bb1290000-7f1bb1291000 rw-p 000b2000 08:03 3459286                    /usr/lib64/libvorbisenc.so.2.0.10
7f1bb1291000-7f1bb12cb000 r-xp 00000000 08:03 3461300                    /usr/lib64/libFLAC.so.8.3.0
7f1bb12cb000-7f1bb14cb000 ---p 0003a000 08:03 3461300                    /usr/lib64/libFLAC.so.8.3.0
7f1bb14cb000-7f1bb14cc000 r--p 0003a000 08:03 3461300                    /usr/lib64/libFLAC.so.8.3.0
7f1bb14cc000-7f1bb14cd000 rw-p 0003b000 08:03 3461300                    /usr/lib64/libFLAC.so.8.3.0
7f1bb14cd000-7f1bb14d5000 r-xp 00000000 08:03 3463757                    /usr/lib64/liblz4.so.1.3.0
7f1bb14d5000-7f1bb16d4000 ---p 00008000 08:03 3463757                    /usr/lib64/liblz4.so.1.3.0
7f1bb16d4000-7f1bb16d5000 r--p 00007000 08:03 3463757                    /usr/lib64/liblz4.so.1.3.0
7f1bb16d5000-7f1bb16d6000 rw-p 00008000 08:03 3463757                    /usr/lib64/liblz4.so.1.3.0
7f1bb16d6000-7f1bb16da000 r-xp 00000000 08:03 4112718                    /lib64/libuuid.so.1.3.0
7f1bb16da000-7f1bb18d9000 ---p 00004000 08:03 4112718                    /lib64/libuuid.so.1.3.0
7f1bb18d9000-7f1bb18da000 r--p 00003000 08:03 4112718                    /lib64/libuuid.so.1.3.0
7f1bb18da000-7f1bb18db000 rw-p 00004000 08:03 4112718                    /lib64/libuuid.so.1.3.0
7f1bb18db000-7f1bb18df000 r-xp 00000000 08:03 3462450                    /usr/lib64/libasyncns.so.0.3.1
7f1bb18df000-7f1bb1ade000 ---p 00004000 08:03 3462450                    /usr/lib64/libasyncns.so.0.3.1
7f1bb1ade000-7f1bb1adf000 r--p 00003000 08:03 3462450                    /usr/lib64/libasyncns.so.0.3.1
7f1bb1adf000-7f1bb1ae0000 rw-p 00004000 08:03 3462450                    /usr/lib64/libasyncns.so.0.3.1
7f1bb1ae0000-7f1bb1b42000 r-xp 00000000 08:03 3459896                    /usr/lib64/libsndfile.so.1.0.25
7f1bb1b42000-7f1bb1d42000 ---p 00062000 08:03 3459896                    /usr/lib64/libsndfile.so.1.0.25
7f1bb1d42000-7f1bb1d44000 r--p 00062000 08:03 3459896                    /usr/lib64/libsndfile.so.1.0.25
7f1bb1d44000-7f1bb1d45000 rw-p 00064000 08:03 3459896                    /usr/lib64/libsndfile.so.1.0.25
7f1bb1d45000-7f1bb1d49000 rw-p 00000000 00:00 0 
7f1bb1d49000-7f1bb1d51000 r-xp 00000000 08:03 4112390                    /lib64/libwrap.so.0.7.6
7f1bb1d51000-7f1bb1f51000 ---p 00008000 08:03 4112390                    /lib64/libwrap.so.0.7.6
7f1bb1f51000-7f1bb1f52000 r--p 00008000 08:03 4112390                    /lib64/libwrap.so.0.7.6
7f1bb1f52000-7f1bb1f53000 rw-p 00009000 08:03 4112390                    /lib64/libwrap.so.0.7.6
7f1bb1f53000-7f1bb1f54000 rw-p 00000000 00:00 0 
7f1bb1f54000-7f1bb1f82000 r-xp 00000000 08:03 3462368                    /usr/lib64/libsystemd.so.0.5.1
7f1bb1f82000-7f1bb1f83000 ---p 0002e000 08:03 3462368                    /usr/lib64/libsystemd.so.0.5.1
7f1bb1f83000-7f1bb1f84000 r--p 0002e000 08:03 3462368                    /usr/lib64/libsystemd.so.0.5.1
7f1bb1f84000-7f1bb1f85000 rw-p 0002f000 08:03 3462368                    /usr/lib64/libsystemd.so.0.5.1
7f1bb1f85000-7f1bb1f8c000 r-xp 00000000 08:03 3460142                    /usr/lib64/libSM.so.6.0.1
7f1bb1f8c000-7f1bb218b000 ---p 00007000 08:03 3460142                    /usr/lib64/libSM.so.6.0.1
7f1bb218b000-7f1bb218c000 r--p 00006000 08:03 3460142                    /usr/lib64/libSM.so.6.0.1
7f1bb218c000-7f1bb218d000 rw-p 00007000 08:03 3460142                    /usr/lib64/libSM.so.6.0.1
7f1bb218d000-7f1bb21a5000 r-xp 00000000 08:03 3463488                    /usr/lib64/libICE.so.6.3.0
7f1bb21a5000-7f1bb23a4000 ---p 00018000 08:03 3463488                    /usr/lib64/libICE.so.6.3.0
7f1bb23a4000-7f1bb23a5000 r--p 00017000 08:03 3463488                    /usr/lib64/libICE.so.6.3.0
7f1bb23a5000-7f1bb23a6000 rw-p 00018000 08:03 3463488                    /usr/lib64/libICE.so.6.3.0
7f1bb23a6000-7f1bb23aa000 rw-p 00000000 00:00 0 
7f1bb23aa000-7f1bb23e8000 r-xp 00000000 08:03 3461744                    /usr/lib64/libdbus-1.so.3.8.11
7f1bb23e8000-7f1bb25e7000 ---p 0003e000 08:03 3461744                    /usr/lib64/libdbus-1.so.3.8.11
7f1bb25e7000-7f1bb25e8000 r--p 0003d000 08:03 3461744                    /usr/lib64/libdbus-1.so.3.8.11
7f1bb25e8000-7f1bb25e9000 rw-p 0003e000 08:03 3461744                    /usr/lib64/libdbus-1.so.3.8.11
7f1bb25e9000-7f1bb25f3000 r-xp 00000000 08:03 3462939                    /usr/lib64/libjson-c.so.2.0.1
7f1bb25f3000-7f1bb27f2000 ---p 0000a000 08:03 3462939                    /usr/lib64/libjson-c.so.2.0.1
7f1bb27f2000-7f1bb27f3000 r--p 00009000 08:03 3462939                    /usr/lib64/libjson-c.so.2.0.1
7f1bb27f3000-7f1bb27f4000 rw-p 0000a000 08:03 3462939                    /usr/lib64/libjson-c.so.2.0.1
7f1bb27f4000-7f1bb2872000 r-xp 00000000 08:03 3572344                    /usr/lib64/pulseaudio/libpulsecommon-6.0.so
7f1bb2872000-7f1bb2a71000 ---p 0007e000 08:03 3572344                    /usr/lib64/pulseaudio/libpulsecommon-6.0.so
7f1bb2a71000-7f1bb2a72000 r--p 0007d000 08:03 3572344                    /usr/lib64/pulseaudio/libpulsecommon-6.0.so
7f1bb2a72000-7f1bb2a74000 rw-p 0007e000 08:03 3572344                    /usr/lib64/pulseaudio/libpulsecommon-6.0.so
7f1bb2a74000-7f1bb2ac4000 r-xp 00000000 08:03 3461180                    /usr/lib64/libpulse.so.0.18.0
7f1bb2ac4000-7f1bb2cc3000 ---p 00050000 08:03 3461180                    /usr/lib64/libpulse.so.0.18.0
7f1bb2cc3000-7f1bb2cc4000 r--p 0004f000 08:03 3461180                    /usr/lib64/libpulse.so.0.18.0
7f1bb2cc4000-7f1bb2cc5000 rw-p 00050000 08:03 3461180                    /usr/lib64/libpulse.so.0.18.0
7f1bb2cc6000-7f1bb2cca000 rw-s 00000000 00:05 2693072                    /drm mm object (deleted)
7f1bb2cca000-7f1bb2cda000 rw-s 00000000 00:05 2693071                    /drm mm object (deleted)
7f1bb2cda000-7f1bb2ce2000 rw-s 00000000 00:05 2693070                    /drm mm object (deleted)
7f1bb2ce2000-7f1bb2cee000 rw-s 00000000 00:05 2693067                    /drm mm object (deleted)
7f1bb2cee000-7f1bb2cfe000 rw-s 00000000 00:05 2698709                    /drm mm object (deleted)
7f1bb2cfe000-7f1bb2d0e000 rw-s 00000000 00:05 2698707                    /drm mm object (deleted)
7f1bb2d0e000-7f1bb2d1a000 rw-s 00000000 00:05 2697283                    /drm mm object (deleted)
7f1bb2d1a000-7f1bb2d21000 r-xp 00000000 08:03 3466504                    /usr/lib64/libcanberra-0.30/libcanberra-pulse.so
7f1bb2d21000-7f1bb2f20000 ---p 00007000 08:03 3466504                    /usr/lib64/libcanberra-0.30/libcanberra-pulse.so
7f1bb2f20000-7f1bb2f21000 r--p 00006000 08:03 3466504                    /usr/lib64/libcanberra-0.30/libcanberra-pulse.so
7f1bb2f21000-7f1bb2f22000 rw-p 00007000 08:03 3466504                    /usr/lib64/libcanberra-0.30/libcanberra-pulse.so
7f1bb2f22000-7f1bb2f82000 rw-s 00000000 00:05 76742693                   /SYSV00000000 (deleted)
7f1bb2f82000-7f1bb302c000 r--p 00000000 08:03 4820030                    /usr/share/fonts/dejavu/DejaVuSans-Bold.ttf
7f1bb302c000-7f1bb322c000 rw-p 00000000 00:00 0 
7f1bb322c000-7f1bb322f000 ---p 00000000 00:00 0 
7f1bb322f000-7f1bb332d000 rw-p 00000000 00:00 0                          [stack:3152]
7f1bb332d000-7f1bb33e3000 r--p 00000000 08:03 4820023                    /usr/share/fonts/dejavu/DejaVuSans.ttf
7f1bb33e3000-7f1bb33e7000 r-xp 00000000 00:29 44189                      /home/huberst/Downloads/jdk1.8.0_72/jre/lib/amd64/libjavafx_font_pango.so
7f1bb33e7000-7f1bb35e6000 ---p 00004000 00:29 44189                      /home/huberst/Downloads/jdk1.8.0_72/jre/lib/amd64/libjavafx_font_pango.so
7f1bb35e6000-7f1bb35e7000 rw-p 00003000 00:29 44189                      /home/huberst/Downloads/jdk1.8.0_72/jre/lib/amd64/libjavafx_font_pango.so
7f1bb35e7000-7f1bb35ec000 r-xp 00000000 00:29 44062                      /home/huberst/Downloads/jdk1.8.0_72/jre/lib/amd64/libjavafx_font_freetype.so
7f1bb35ec000-7f1bb37eb000 ---p 00005000 00:29 44062                      /home/huberst/Downloads/jdk1.8.0_72/jre/lib/amd64/libjavafx_font_freetype.so
7f1bb37eb000-7f1bb37ec000 rw-p 00004000 00:29 44062                      /home/huberst/Downloads/jdk1.8.0_72/jre/lib/amd64/libjavafx_font_freetype.so
7f1bb37ec000-7f1bb37ef000 r-xp 00000000 00:29 44100                      /home/huberst/Downloads/jdk1.8.0_72/jre/lib/amd64/libjavafx_font.so
7f1bb37ef000-7f1bb39ee000 ---p 00003000 00:29 44100                      /home/huberst/Downloads/jdk1.8.0_72/jre/lib/amd64/libjavafx_font.so
7f1bb39ee000-7f1bb39ef000 rw-p 00002000 00:29 44100                      /home/huberst/Downloads/jdk1.8.0_72/jre/lib/amd64/libjavafx_font.so
7f1bb39ef000-7f1bb3bef000 rw-p 00000000 00:00 0 
7f1bb3bef000-7f1bb3def000 rw-p 00000000 00:00 0 
7f1bb3def000-7f1bb3e00000 r-xp 00000000 00:29 44195                      /home/huberst/Downloads/jdk1.8.0_72/jre/lib/amd64/libnio.so
7f1bb3e00000-7f1bb3fff000 ---p 00011000 00:29 44195                      /home/huberst/Downloads/jdk1.8.0_72/jre/lib/amd64/libnio.so
7f1bb3fff000-7f1bb4000000 rw-p 00010000 00:29 44195                      /home/huberst/Downloads/jdk1.8.0_72/jre/lib/amd64/libnio.so
7f1bb4000000-7f1bb46ed000 rw-p 00000000 00:00 0 
7f1bb46ed000-7f1bb8000000 ---p 00000000 00:00 0 
7f1bb8000000-7f1bb8021000 rw-p 00000000 00:00 0 
7f1bb8021000-7f1bbc000000 ---p 00000000 00:00 0 
7f1bbc000000-7f1bbc021000 rw-p 00000000 00:00 0 
7f1bbc021000-7f1bc0000000 ---p 00000000 00:00 0 
7f1bc0000000-7f1bc0008000 rw-s 00000000 00:05 2698708                    /drm mm object (deleted)
7f1bc0008000-7f1bc001a000 r--s 00345000 00:29 44261                      /home/huberst/Downloads/jdk1.8.0_72/jre/lib/resources.jar
7f1bc001a000-7f1bc0054000 r--p 00000000 00:29 44204                      /home/huberst/Downloads/jdk1.8.0_72/jre/lib/fonts/LucidaTypewriterBold.ttf
7f1bc0054000-7f1bc0067000 r--p 00000000 00:29 44207                      /home/huberst/Downloads/jdk1.8.0_72/jre/lib/fonts/LucidaBrightDemiBold.ttf
7f1bc0067000-7f1bc00b5000 r--p 00000000 00:29 44208                      /home/huberst/Downloads/jdk1.8.0_72/jre/lib/fonts/LucidaSansDemiBold.ttf
7f1bc00b5000-7f1bc010a000 r--p 00000000 00:29 44203                      /home/huberst/Downloads/jdk1.8.0_72/jre/lib/fonts/LucidaBrightRegular.ttf
7f1bc010a000-7f1bc01b5000 r--p 00000000 00:29 44205                      /home/huberst/Downloads/jdk1.8.0_72/jre/lib/fonts/LucidaSansRegular.ttf
7f1bc01b5000-7f1bc01f1000 r--p 00000000 00:29 44201                      /home/huberst/Downloads/jdk1.8.0_72/jre/lib/fonts/LucidaTypewriterRegular.ttf
7f1bc01f1000-7f1bc0207000 r-xp 00000000 00:29 44151                      /home/huberst/Downloads/jdk1.8.0_72/jre/lib/amd64/libnet.so
7f1bc0207000-7f1bc0407000 ---p 00016000 00:29 44151                      /home/huberst/Downloads/jdk1.8.0_72/jre/lib/amd64/libnet.so
7f1bc0407000-7f1bc0408000 rw-p 00016000 00:29 44151                      /home/huberst/Downloads/jdk1.8.0_72/jre/lib/amd64/libnet.so
7f1bc0408000-7f1bc040b000 ---p 00000000 00:00 0 
7f1bc040b000-7f1bc0509000 rw-p 00000000 00:00 0                          [stack:3146]
7f1bc0509000-7f1bc050c000 ---p 00000000 00:00 0 
7f1bc050c000-7f1bc060a000 rw-p 00000000 00:00 0                          [stack:3145]
7f1bc060a000-7f1bc0610000 r-xp 00000000 08:03 3462968                    /usr/lib64/libogg.so.0.8.1
7f1bc0610000-7f1bc080f000 ---p 00006000 08:03 3462968                    /usr/lib64/libogg.so.0.8.1
7f1bc080f000-7f1bc0810000 r--p 00005000 08:03 3462968                    /usr/lib64/libogg.so.0.8.1
7f1bc0810000-7f1bc0811000 rw-p 00006000 08:03 3462968                    /usr/lib64/libogg.so.0.8.1
7f1bc0811000-7f1bc083c000 r-xp 00000000 08:03 3463629                    /usr/lib64/libvorbis.so.0.4.7
7f1bc083c000-7f1bc0a3c000 ---p 0002b000 08:03 3463629                    /usr/lib64/libvorbis.so.0.4.7
7f1bc0a3c000-7f1bc0a3d000 r--p 0002b000 08:03 3463629                    /usr/lib64/libvorbis.so.0.4.7
7f1bc0a3d000-7f1bc0a3e000 rw-p 0002c000 08:03 3463629                    /usr/lib64/libvorbis.so.0.4.7
7f1bc0a3e000-7f1bc0a47000 r-xp 00000000 08:03 3463615                    /usr/lib64/libltdl.so.7.3.1
7f1bc0a47000-7f1bc0c46000 ---p 00009000 08:03 3463615                    /usr/lib64/libltdl.so.7.3.1
7f1bc0c46000-7f1bc0c47000 r--p 00008000 08:03 3463615                    /usr/lib64/libltdl.so.7.3.1
7f1bc0c47000-7f1bc0c48000 rw-p 00009000 08:03 3463615                    /usr/lib64/libltdl.so.7.3.1
7f1bc0c48000-7f1bc0c50000 r-xp 00000000 08:03 3463636                    /usr/lib64/libvorbisfile.so.3.3.6
7f1bc0c50000-7f1bc0e4f000 ---p 00008000 08:03 3463636                    /usr/lib64/libvorbisfile.so.3.3.6
7f1bc0e4f000-7f1bc0e50000 r--p 00007000 08:03 3463636                    /usr/lib64/libvorbisfile.so.3.3.6
7f1bc0e50000-7f1bc0e51000 rw-p 00008000 08:03 3463636                    /usr/lib64/libvorbisfile.so.3.3.6
7f1bc0e51000-7f1bc0e60000 r-xp 00000000 08:03 3460870                    /usr/lib64/libcanberra.so.0.2.5
7f1bc0e60000-7f1bc1060000 ---p 0000f000 08:03 3460870                    /usr/lib64/libcanberra.so.0.2.5
7f1bc1060000-7f1bc1061000 r--p 0000f000 08:03 3460870                    /usr/lib64/libcanberra.so.0.2.5
7f1bc1061000-7f1bc1062000 rw-p 00010000 08:03 3460870                    /usr/lib64/libcanberra.so.0.2.5
7f1bc1062000-7f1bc1066000 r-xp 00000000 08:03 3463266                    /usr/lib64/libcanberra-gtk.so.0.1.9
7f1bc1066000-7f1bc1265000 ---p 00004000 08:03 3463266                    /usr/lib64/libcanberra-gtk.so.0.1.9
7f1bc1265000-7f1bc1266000 r--p 00003000 08:03 3463266                    /usr/lib64/libcanberra-gtk.so.0.1.9
7f1bc1266000-7f1bc1267000 rw-p 00004000 08:03 3463266                    /usr/lib64/libcanberra-gtk.so.0.1.9
7f1bc1267000-7f1bc126c000 r-xp 00000000 08:03 3466296                    /usr/lib64/gtk-2.0/modules/libcanberra-gtk-module.so
7f1bc126c000-7f1bc146c000 ---p 00005000 08:03 3466296                    /usr/lib64/gtk-2.0/modules/libcanberra-gtk-module.so
7f1bc146c000-7f1bc146d000 r--p 00005000 08:03 3466296                    /usr/lib64/gtk-2.0/modules/libcanberra-gtk-module.so
7f1bc146d000-7f1bc146e000 rw-p 00006000 08:03 3466296                    /usr/lib64/gtk-2.0/modules/libcanberra-gtk-module.so
7f1bc146e000-7f1bc1497000 r-xp 00000000 00:29 44108                      /home/huberst/Downloads/jdk1.8.0_72/jre/lib/amd64/libglass.so
7f1bc1497000-7f1bc1696000 ---p 00029000 00:29 44108                      /home/huberst/Downloads/jdk1.8.0_72/jre/lib/amd64/libglass.so
7f1bc1696000-7f1bc1699000 rw-p 00028000 00:29 44108                      /home/huberst/Downloads/jdk1.8.0_72/jre/lib/amd64/libglass.so
7f1bc1699000-7f1bc16a1000 r-xp 00000000 08:03 3462965                    /usr/lib64/libpciaccess.so.0.11.1
7f1bc16a1000-7f1bc18a1000 ---p 00008000 08:03 3462965                    /usr/lib64/libpciaccess.so.0.11.1
7f1bc18a1000-7f1bc18a2000 r--p 00008000 08:03 3462965                    /usr/lib64/libpciaccess.so.0.11.1
7f1bc18a2000-7f1bc18a3000 rw-p 00009000 08:03 3462965                    /usr/lib64/libpciaccess.so.0.11.1
7f1bc18a3000-7f1bc18c4000 r-xp 00000000 08:03 3462621                    /usr/lib64/libdrm_intel.so.1.0.0
7f1bc18c4000-7f1bc1ac3000 ---p 00021000 08:03 3462621                    /usr/lib64/libdrm_intel.so.1.0.0
7f1bc1ac3000-7f1bc1ac4000 r--p 00020000 08:03 3462621                    /usr/lib64/libdrm_intel.so.1.0.0
7f1bc1ac4000-7f1bc1ac5000 rw-p 00021000 08:03 3462621                    /usr/lib64/libdrm_intel.so.1.0.0
7f1bc1ac5000-7f1bc1f50000 r-xp 00000000 08:03 3516493                    /usr/lib64/mesa/i965_dri.so
7f1bc1f50000-7f1bc214f000 ---p 0048b000 08:03 3516493                    /usr/lib64/mesa/i965_dri.so
7f1bc214f000-7f1bc2169000 r--p 0048a000 08:03 3516493                    /usr/lib64/mesa/i965_dri.so
7f1bc2169000-7f1bc216e000 rw-p 004a4000 08:03 3516493                    /usr/lib64/mesa/i965_dri.so
7f1bc216e000-7f1bc2179000 rw-p 00000000 00:00 0 
7f1bc2179000-7f1bc217d000 r-xp 00000000 08:03 4113948                    /lib64/libattr.so.1.1.0
7f1bc217d000-7f1bc237c000 ---p 00004000 08:03 4113948                    /lib64/libattr.so.1.1.0
7f1bc237c000-7f1bc237d000 r--p 00003000 08:03 4113948                    /lib64/libattr.so.1.1.0
7f1bc237d000-7f1bc237e000 rw-p 00004000 08:03 4113948                    /lib64/libattr.so.1.1.0
7f1bc237e000-7f1bc2383000 r-xp 00000000 08:03 4113988                    /lib64/libcap.so.2.24
7f1bc2383000-7f1bc2582000 ---p 00005000 08:03 4113988                    /lib64/libcap.so.2.24
7f1bc2582000-7f1bc2583000 r--p 00004000 08:03 4113988                    /lib64/libcap.so.2.24
7f1bc2583000-7f1bc2584000 rw-p 00005000 08:03 4113988                    /lib64/libcap.so.2.24
7f1bc2584000-7f1bc2589000 r-xp 00000000 08:03 3459473                    /usr/lib64/libXdmcp.so.6.0.0
7f1bc2589000-7f1bc2788000 ---p 00005000 08:03 3459473                    /usr/lib64/libXdmcp.so.6.0.0
7f1bc2788000-7f1bc2789000 r--p 00004000 08:03 3459473                    /usr/lib64/libXdmcp.so.6.0.0
7f1bc2789000-7f1bc278a000 rw-p 00005000 08:03 3459473                    /usr/lib64/libXdmcp.so.6.0.0
7f1bc278a000-7f1bc278d000 r-xp 00000000 08:03 3462749                    /usr/lib64/libXau.so.6.0.0
7f1bc278d000-7f1bc298c000 ---p 00003000 08:03 3462749                    /usr/lib64/libXau.so.6.0.0
7f1bc298c000-7f1bc298d000 r--p 00002000 08:03 3462749                    /usr/lib64/libXau.so.6.0.0
7f1bc298d000-7f1bc298e000 rw-p 00003000 08:03 3462749                    /usr/lib64/libXau.so.6.0.0
7f1bc298e000-7f1bc2999000 r-xp 00000000 08:03 3460616                    /usr/lib64/libgbm.so.1.0.0
7f1bc2999000-7f1bc2b99000 ---p 0000b000 08:03 3460616                    /usr/lib64/libgbm.so.1.0.0
7f1bc2b99000-7f1bc2b9a000 r--p 0000b000 08:03 3460616                    /usr/lib64/libgbm.so.1.0.0
7f1bc2b9a000-7f1bc2b9b000 rw-p 0000c000 08:03 3460616                    /usr/lib64/libgbm.so.1.0.0
7f1bc2b9b000-7f1bc2ba1000 r-xp 00000000 08:03 3462806                    /usr/lib64/libxcb-xfixes.so.0.0.0
7f1bc2ba1000-7f1bc2da1000 ---p 00006000 08:03 3462806                    /usr/lib64/libxcb-xfixes.so.0.0.0
7f1bc2da1000-7f1bc2da2000 r--p 00006000 08:03 3462806                    /usr/lib64/libxcb-xfixes.so.0.0.0
7f1bc2da2000-7f1bc2da3000 rw-p 00007000 08:03 3462806                    /usr/lib64/libxcb-xfixes.so.0.0.0
7f1bc2da3000-7f1bc2dc0000 r-xp 00000000 08:03 3461701                    /usr/lib64/libgraphite2.so.3.0.1
7f1bc2dc0000-7f1bc2fbf000 ---p 0001d000 08:03 3461701                    /usr/lib64/libgraphite2.so.3.0.1
7f1bc2fbf000-7f1bc2fc1000 r--p 0001c000 08:03 3461701                    /usr/lib64/libgraphite2.so.3.0.1
7f1bc2fc1000-7f1bc2fc2000 rw-p 0001e000 08:03 3461701                    /usr/lib64/libgraphite2.so.3.0.1
7f1bc2fc2000-7f1bc2fce000 r-xp 00000000 08:03 3462202                    /usr/lib64/libdrm.so.2.4.0
7f1bc2fce000-7f1bc31cd000 ---p 0000c000 08:03 3462202                    /usr/lib64/libdrm.so.2.4.0
7f1bc31cd000-7f1bc31ce000 r--p 0000b000 08:03 3462202                    /usr/lib64/libdrm.so.2.4.0
7f1bc31ce000-7f1bc31cf000 rw-p 0000c000 08:03 3462202                    /usr/lib64/libdrm.so.2.4.0
7f1bc31cf000-7f1bc31d0000 r-xp 00000000 08:03 3461068                    /usr/lib64/libxshmfence.so.1.0.0
7f1bc31d0000-7f1bc33d0000 ---p 00001000 08:03 3461068                    /usr/lib64/libxshmfence.so.1.0.0
7f1bc33d0000-7f1bc33d1000 r--p 00001000 08:03 3461068                    /usr/lib64/libxshmfence.so.1.0.0
7f1bc33d1000-7f1bc33d2000 rw-p 00002000 08:03 3461068                    /usr/lib64/libxshmfence.so.1.0.0
7f1bc33d2000-7f1bc33d7000 r-xp 00000000 08:03 3462357                    /usr/lib64/libxcb-sync.so.1.0.0
7f1bc33d7000-7f1bc35d7000 ---p 00005000 08:03 3462357                    /usr/lib64/libxcb-sync.so.1.0.0
7f1bc35d7000-7f1bc35d8000 r--p 00005000 08:03 3462357                    /usr/lib64/libxcb-sync.so.1.0.0
7f1bc35d8000-7f1bc35d9000 rw-p 00006000 08:03 3462357                    /usr/lib64/libxcb-sync.so.1.0.0
7f1bc35d9000-7f1bc35db000 r-xp 00000000 08:03 3460382                    /usr/lib64/libxcb-present.so.0.0.0
7f1bc35db000-7f1bc37da000 ---p 00002000 08:03 3460382                    /usr/lib64/libxcb-present.so.0.0.0
7f1bc37da000-7f1bc37db000 r--p 00001000 08:03 3460382                    /usr/lib64/libxcb-present.so.0.0.0
7f1bc37db000-7f1bc37dc000 rw-p 00002000 08:03 3460382                    /usr/lib64/libxcb-present.so.0.0.0
7f1bc37dc000-7f1bc37de000 r-xp 00000000 08:03 3460817                    /usr/lib64/libxcb-dri3.so.0.0.0
7f1bc37de000-7f1bc39dd000 ---p 00002000 08:03 3460817                    /usr/lib64/libxcb-dri3.so.0.0.0
7f1bc39dd000-7f1bc39de000 r--p 00001000 08:03 3460817                    /usr/lib64/libxcb-dri3.so.0.0.0
7f1bc39de000-7f1bc39df000 rw-p 00002000 08:03 3460817                    /usr/lib64/libxcb-dri3.so.0.0.0
7f1bc39df000-7f1bc39e3000 r-xp 00000000 08:03 3460503                    /usr/lib64/libxcb-dri2.so.0.0.0
7f1bc39e3000-7f1bc3be2000 ---p 00004000 08:03 3460503                    /usr/lib64/libxcb-dri2.so.0.0.0
7f1bc3be2000-7f1bc3be3000 r--p 00003000 08:03 3460503                    /usr/lib64/libxcb-dri2.so.0.0.0
7f1bc3be3000-7f1bc3be4000 rw-p 00004000 08:03 3460503                    /usr/lib64/libxcb-dri2.so.0.0.0
7f1bc3be4000-7f1bc3bfb000 r-xp 00000000 08:03 3463273                    /usr/lib64/libxcb-glx.so.0.0.0
7f1bc3bfb000-7f1bc3dfb000 ---p 00017000 08:03 3463273                    /usr/lib64/libxcb-glx.so.0.0.0
7f1bc3dfb000-7f1bc3dfd000 r--p 00017000 08:03 3463273                    /usr/lib64/libxcb-glx.so.0.0.0
7f1bc3dfd000-7f1bc3dfe000 rw-p 00019000 08:03 3463273                    /usr/lib64/libxcb-glx.so.0.0.0
7f1bc3dfe000-7f1bc3dff000 r-xp 00000000 08:03 3462295                    /usr/lib64/libX11-xcb.so.1.0.0
7f1bc3dff000-7f1bc3ffe000 ---p 00001000 08:03 3462295                    /usr/lib64/libX11-xcb.so.1.0.0
7f1bc3ffe000-7f1bc3fff000 r--p 00000000 08:03 3462295                    /usr/lib64/libX11-xcb.so.1.0.0
7f1bc3fff000-7f1bc4000000 rw-p 00001000 08:03 3462295                    /usr/lib64/libX11-xcb.so.1.0.0
7f1bc4000000-7f1bc5b1f000 rw-p 00000000 00:00 0 
7f1bc5b1f000-7f1bc8000000 ---p 00000000 00:00 0 
7f1bc8004000-7f1bc8009000 r--s 00084000 00:29 44222                      /home/huberst/Downloads/jdk1.8.0_72/jre/lib/jfr.jar
7f1bc8009000-7f1bc801d000 r--p 00000000 00:29 44202                      /home/huberst/Downloads/jdk1.8.0_72/jre/lib/fonts/LucidaBrightItalic.ttf
7f1bc801d000-7f1bc8030000 r--p 00000000 00:29 44206                      /home/huberst/Downloads/jdk1.8.0_72/jre/lib/fonts/LucidaBrightDemiItalic.ttf
7f1bc8030000-7f1bc803b000 r--s 00000000 08:03 721002                     /var/cache/fontconfig/87f5e051180a7a75f16eb6fe7dbd3749-le64.cache-4
7f1bc803b000-7f1bc803e000 ---p 00000000 00:00 0 
7f1bc803e000-7f1bc813c000 rw-p 00000000 00:00 0                          [stack:3144]
7f1bc813c000-7f1bc8161000 r-xp 00000000 08:03 3460285                    /usr/lib64/libglapi.so.0.0.0
7f1bc8161000-7f1bc8361000 ---p 00025000 08:03 3460285                    /usr/lib64/libglapi.so.0.0.0
7f1bc8361000-7f1bc8364000 r--p 00025000 08:03 3460285                    /usr/lib64/libglapi.so.0.0.0
7f1bc8364000-7f1bc8365000 rw-p 00028000 08:03 3460285                    /usr/lib64/libglapi.so.0.0.0
7f1bc8365000-7f1bc8366000 rw-p 00000000 00:00 0 
7f1bc8366000-7f1bc836d000 r-xp 00000000 08:03 3460093                    /usr/lib64/libffi.so.6.0.1
7f1bc836d000-7f1bc856c000 ---p 00007000 08:03 3460093                    /usr/lib64/libffi.so.6.0.1
7f1bc856c000-7f1bc856d000 r--p 00006000 08:03 3460093                    /usr/lib64/libffi.so.6.0.1
7f1bc856d000-7f1bc856e000 rw-p 00007000 08:03 3460093                    /usr/lib64/libffi.so.6.0.1
7f1bc856e000-7f1bc8595000 r-xp 00000000 08:03 3461902                    /usr/lib64/libexpat.so.1.6.0
7f1bc8595000-7f1bc8794000 ---p 00027000 08:03 3461902                    /usr/lib64/libexpat.so.1.6.0
7f1bc8794000-7f1bc8797000 r--p 00026000 08:03 3461902                    /usr/lib64/libexpat.so.1.6.0
7f1bc8797000-7f1bc8798000 rw-p 00029000 08:03 3461902                    /usr/lib64/libexpat.so.1.6.0
7f1bc8798000-7f1bc87a7000 r-xp 00000000 08:03 4112715                    /lib64/libbz2.so.1.0.6
7f1bc87a7000-7f1bc89a6000 ---p 0000f000 08:03 4112715                    /lib64/libbz2.so.1.0.6
7f1bc89a6000-7f1bc89a7000 r--p 0000e000 08:03 4112715                    /lib64/libbz2.so.1.0.6
7f1bc89a7000-7f1bc89a8000 rw-p 0000f000 08:03 4112715                    /lib64/libbz2.so.1.0.6
7f1bc89a8000-7f1bc89c9000 r-xp 00000000 08:03 3460294                    /usr/lib64/libxcb.so.1.1.0
7f1bc89c9000-7f1bc8bc8000 ---p 00021000 08:03 3460294                    /usr/lib64/libxcb.so.1.1.0
7f1bc8bc8000-7f1bc8bc9000 r--p 00020000 08:03 3460294                    /usr/lib64/libxcb.so.1.1.0
7f1bc8bc9000-7f1bc8bca000 rw-p 00021000 08:03 3460294                    /usr/lib64/libxcb.so.1.1.0
7f1bc8bca000-7f1bc8bd3000 r-xp 00000000 08:03 3460814                    /usr/lib64/libxcb-render.so.0.0.0
7f1bc8bd3000-7f1bc8dd2000 ---p 00009000 08:03 3460814                    /usr/lib64/libxcb-render.so.0.0.0
7f1bc8dd2000-7f1bc8dd3000 r--p 00008000 08:03 3460814                    /usr/lib64/libxcb-render.so.0.0.0
7f1bc8dd3000-7f1bc8dd4000 rw-p 00009000 08:03 3460814                    /usr/lib64/libxcb-render.so.0.0.0
7f1bc8dd4000-7f1bc8dd6000 r-xp 00000000 08:03 3460341                    /usr/lib64/libxcb-shm.so.0.0.0
7f1bc8dd6000-7f1bc8fd6000 ---p 00002000 08:03 3460341                    /usr/lib64/libxcb-shm.so.0.0.0
7f1bc8fd6000-7f1bc8fd7000 r--p 00002000 08:03 3460341                    /usr/lib64/libxcb-shm.so.0.0.0
7f1bc8fd7000-7f1bc8fd8000 rw-p 00003000 08:03 3460341                    /usr/lib64/libxcb-shm.so.0.0.0
7f1bc8fd8000-7f1bc900c000 r-xp 00000000 08:03 3458000                    /usr/lib64/libpng16.so.16.18.0
7f1bc900c000-7f1bc920b000 ---p 00034000 08:03 3458000                    /usr/lib64/libpng16.so.16.18.0
7f1bc920b000-7f1bc920c000 r--p 00033000 08:03 3458000                    /usr/lib64/libpng16.so.16.18.0
7f1bc920c000-7f1bc920d000 rw-p 00034000 08:03 3458000                    /usr/lib64/libpng16.so.16.18.0
7f1bc920d000-7f1bc9230000 r-xp 00000000 08:03 3498079                    /usr/lib64/opengl/xorg-x11/lib/libEGL.so.1.0.0
7f1bc9230000-7f1bc9430000 ---p 00023000 08:03 3498079                    /usr/lib64/opengl/xorg-x11/lib/libEGL.so.1.0.0
7f1bc9430000-7f1bc9431000 r--p 00023000 08:03 3498079                    /usr/lib64/opengl/xorg-x11/lib/libEGL.so.1.0.0
7f1bc9431000-7f1bc9432000 rw-p 00024000 08:03 3498079                    /usr/lib64/opengl/xorg-x11/lib/libEGL.so.1.0.0
7f1bc9432000-7f1bc94d7000 r-xp 00000000 08:03 3460699                    /usr/lib64/libpixman-1.so.0.32.8
7f1bc94d7000-7f1bc96d6000 ---p 000a5000 08:03 3460699                    /usr/lib64/libpixman-1.so.0.32.8
7f1bc96d6000-7f1bc96de000 r--p 000a4000 08:03 3460699                    /usr/lib64/libpixman-1.so.0.32.8
7f1bc96de000-7f1bc96df000 rw-p 000ac000 08:03 3460699                    /usr/lib64/libpixman-1.so.0.32.8
7f1bc96df000-7f1bc973a000 r-xp 00000000 08:03 3463431                    /usr/lib64/libharfbuzz.so.0.941.0
7f1bc973a000-7f1bc9939000 ---p 0005b000 08:03 3463431                    /usr/lib64/libharfbuzz.so.0.941.0
7f1bc9939000-7f1bc993b000 r--p 0005a000 08:03 3463431                    /usr/lib64/libharfbuzz.so.0.941.0
7f1bc993b000-7f1bc993c000 rw-p 0005c000 08:03 3463431                    /usr/lib64/libharfbuzz.so.0.941.0
7f1bc993c000-7f1bc994f000 r-xp 00000000 08:03 4112694                    /lib64/libresolv-2.21.so
7f1bc994f000-7f1bc9b4f000 ---p 00013000 08:03 4112694                    /lib64/libresolv-2.21.so
7f1bc9b4f000-7f1bc9b50000 r--p 00013000 08:03 4112694                    /lib64/libresolv-2.21.so
7f1bc9b50000-7f1bc9b51000 rw-p 00014000 08:03 4112694                    /lib64/libresolv-2.21.so
7f1bc9b51000-7f1bc9b53000 rw-p 00000000 00:00 0 
7f1bc9b53000-7f1bc9b68000 r-xp 00000000 08:03 4112815                    /lib64/libz.so.1.2.8
7f1bc9b68000-7f1bc9d67000 ---p 00015000 08:03 4112815                    /lib64/libz.so.1.2.8
7f1bc9d67000-7f1bc9d68000 r--p 00014000 08:03 4112815                    /lib64/libz.so.1.2.8
7f1bc9d68000-7f1bc9d69000 rw-p 00015000 08:03 4112815                    /lib64/libz.so.1.2.8
7f1bc9d69000-7f1bc9d7a000 r-xp 00000000 08:03 3458016                    /usr/lib64/libXext.so.6.4.0
7f1bc9d7a000-7f1bc9f79000 ---p 00011000 08:03 3458016                    /usr/lib64/libXext.so.6.4.0
7f1bc9f79000-7f1bc9f7a000 r--p 00010000 08:03 3458016                    /usr/lib64/libXext.so.6.4.0
7f1bc9f7a000-7f1bc9f7b000 rw-p 00011000 08:03 3458016                    /usr/lib64/libXext.so.6.4.0
7f1bc9f7b000-7f1bc9f7d000 r-xp 00000000 08:03 3463029                    /usr/lib64/libXdamage.so.1.1.0
7f1bc9f7d000-7f1bca17c000 ---p 00002000 08:03 3463029                    /usr/lib64/libXdamage.so.1.1.0
7f1bca17c000-7f1bca17d000 r--p 00001000 08:03 3463029                    /usr/lib64/libXdamage.so.1.1.0
7f1bca17d000-7f1bca17e000 rw-p 00002000 08:03 3463029                    /usr/lib64/libXdamage.so.1.1.0
7f1bca17e000-7f1bca180000 r-xp 00000000 08:03 3461205                    /usr/lib64/libXcomposite.so.1.0.0
7f1bca180000-7f1bca37f000 ---p 00002000 08:03 3461205                    /usr/lib64/libXcomposite.so.1.0.0
7f1bca37f000-7f1bca380000 r--p 00001000 08:03 3461205                    /usr/lib64/libXcomposite.so.1.0.0
7f1bca380000-7f1bca381000 rw-p 00002000 08:03 3461205                    /usr/lib64/libXcomposite.so.1.0.0
7f1bca381000-7f1bca38b000 r-xp 00000000 08:03 3457983                    /usr/lib64/libXcursor.so.1.0.2
7f1bca38b000-7f1bca58a000 ---p 0000a000 08:03 3457983                    /usr/lib64/libXcursor.so.1.0.2
7f1bca58a000-7f1bca58b000 r--p 00009000 08:03 3457983                    /usr/lib64/libXcursor.so.1.0.2
7f1bca58b000-7f1bca58c000 rw-p 0000a000 08:03 3457983                    /usr/lib64/libXcursor.so.1.0.2
7f1bca58c000-7f1bca595000 r-xp 00000000 08:03 3459543                    /usr/lib64/libXrandr.so.2.2.0
7f1bca595000-7f1bca794000 ---p 00009000 08:03 3459543                    /usr/lib64/libXrandr.so.2.2.0
7f1bca794000-7f1bca795000 r--p 00008000 08:03 3459543                    /usr/lib64/libXrandr.so.2.2.0
7f1bca795000-7f1bca796000 rw-p 00009000 08:03 3459543                    /usr/lib64/libXrandr.so.2.2.0
7f1bca796000-7f1bca7a5000 r-xp 00000000 08:03 3461776                    /usr/lib64/libXi.so.6.1.0
7f1bca7a5000-7f1bca9a5000 ---p 0000f000 08:03 3461776                    /usr/lib64/libXi.so.6.1.0
7f1bca9a5000-7f1bca9a6000 r--p 0000f000 08:03 3461776                    /usr/lib64/libXi.so.6.1.0
7f1bca9a6000-7f1bca9a7000 rw-p 00010000 08:03 3461776                    /usr/lib64/libXi.so.6.1.0
7f1bca9a7000-7f1bca9b0000 r-xp 00000000 08:03 3459144                    /usr/lib64/libXrender.so.1.3.0
7f1bca9b0000-7f1bcabaf000 ---p 00009000 08:03 3459144                    /usr/lib64/libXrender.so.1.3.0
7f1bcabaf000-7f1bcabb0000 r--p 00008000 08:03 3459144                    /usr/lib64/libXrender.so.1.3.0
7f1bcabb0000-7f1bcabb1000 rw-p 00009000 08:03 3459144                    /usr/lib64/libXrender.so.1.3.0
7f1bcabb1000-7f1bcabb6000 r-xp 00000000 08:03 3459106                    /usr/lib64/libXfixes.so.3.1.0
7f1bcabb6000-7f1bcadb5000 ---p 00005000 08:03 3459106                    /usr/lib64/libXfixes.so.3.1.0
7f1bcadb5000-7f1bcadb6000 r--p 00004000 08:03 3459106                    /usr/lib64/libXfixes.so.3.1.0
7f1bcadb6000-7f1bcadb7000 rw-p 00005000 08:03 3459106                    /usr/lib64/libXfixes.so.3.1.0
7f1bcadb7000-7f1bcadcd000 r-xp 00000000 08:03 3500028                    /usr/lib64/gcc/x86_64-pc-linux-gnu/4.9.3/libgcc_s.so.1
7f1bcadcd000-7f1bcafcc000 ---p 00016000 08:03 3500028                    /usr/lib64/gcc/x86_64-pc-linux-gnu/4.9.3/libgcc_s.so.1
7f1bcafcc000-7f1bcafcd000 r--p 00015000 08:03 3500028                    /usr/lib64/gcc/x86_64-pc-linux-gnu/4.9.3/libgcc_s.so.1
7f1bcafcd000-7f1bcafce000 rw-p 00016000 08:03 3500028                    /usr/lib64/gcc/x86_64-pc-linux-gnu/4.9.3/libgcc_s.so.1
7f1bcafce000-7f1bcb0be000 r-xp 00000000 08:03 3500151                    /usr/lib64/gcc/x86_64-pc-linux-gnu/4.9.3/libstdc++.so.6.0.20
7f1bcb0be000-7f1bcb2be000 ---p 000f0000 08:03 3500151                    /usr/lib64/gcc/x86_64-pc-linux-gnu/4.9.3/libstdc++.so.6.0.20
7f1bcb2be000-7f1bcb2c6000 r--p 000f0000 08:03 3500151                    /usr/lib64/gcc/x86_64-pc-linux-gnu/4.9.3/libstdc++.so.6.0.20
7f1bcb2c6000-7f1bcb2c8000 rw-p 000f8000 08:03 3500151                    /usr/lib64/gcc/x86_64-pc-linux-gnu/4.9.3/libstdc++.so.6.0.20
7f1bcb2c8000-7f1bcb2dd000 rw-p 00000000 00:00 0 
7f1bcb2dd000-7f1bcb373000 r-xp 00000000 08:03 3498075                    /usr/lib64/opengl/xorg-x11/lib/libGL.so.1.2.0
7f1bcb373000-7f1bcb572000 ---p 00096000 08:03 3498075                    /usr/lib64/opengl/xorg-x11/lib/libGL.so.1.2.0
7f1bcb572000-7f1bcb575000 r--p 00095000 08:03 3498075                    /usr/lib64/opengl/xorg-x11/lib/libGL.so.1.2.0
7f1bcb575000-7f1bcb576000 rw-p 00098000 08:03 3498075                    /usr/lib64/opengl/xorg-x11/lib/libGL.so.1.2.0
7f1bcb576000-7f1bcb577000 rw-p 00000000 00:00 0 
7f1bcb577000-7f1bcb57c000 r-xp 00000000 08:03 3463053                    /usr/lib64/libXxf86vm.so.1.0.0
7f1bcb57c000-7f1bcb77b000 ---p 00005000 08:03 3463053                    /usr/lib64/libXxf86vm.so.1.0.0
7f1bcb77b000-7f1bcb77c000 r--p 00004000 08:03 3463053                    /usr/lib64/libXxf86vm.so.1.0.0
7f1bcb77c000-7f1bcb77d000 rw-p 00005000 08:03 3463053                    /usr/lib64/libXxf86vm.so.1.0.0
7f1bcb77d000-7f1bcb8b9000 r-xp 00000000 08:03 3463261                    /usr/lib64/libX11.so.6.3.0
7f1bcb8b9000-7f1bcbab8000 ---p 0013c000 08:03 3463261                    /usr/lib64/libX11.so.6.3.0
7f1bcbab8000-7f1bcbaba000 r--p 0013b000 08:03 3463261                    /usr/lib64/libX11.so.6.3.0
7f1bcbaba000-7f1bcbabf000 rw-p 0013d000 08:03 3463261                    /usr/lib64/libX11.so.6.3.0
7f1bcbabf000-7f1bcbac0000 rw-p 00000000 00:00 0 
7f1bcbac0000-7f1bcbac5000 r-xp 00000000 08:03 3459241                    /usr/lib64/libXtst.so.6.1.0
7f1bcbac5000-7f1bcbcc4000 ---p 00005000 08:03 3459241                    /usr/lib64/libXtst.so.6.1.0
7f1bcbcc4000-7f1bcbcc5000 r--p 00004000 08:03 3459241                    /usr/lib64/libXtst.so.6.1.0
7f1bcbcc5000-7f1bcbcc6000 rw-p 00005000 08:03 3459241                    /usr/lib64/libXtst.so.6.1.0
7f1bcbcc6000-7f1bcbdfe000 r-xp 00000000 08:03 3457524                    /usr/lib64/libglib-2.0.so.0.4400.1
7f1bcbdfe000-7f1bcbffd000 ---p 00138000 08:03 3457524                    /usr/lib64/libglib-2.0.so.0.4400.1
7f1bcbffd000-7f1bcbffe000 r--p 00137000 08:03 3457524                    /usr/lib64/libglib-2.0.so.0.4400.1
7f1bcbffe000-7f1bcbfff000 rw-p 00138000 08:03 3457524                    /usr/lib64/libglib-2.0.so.0.4400.1
7f1bcbfff000-7f1bcc000000 rw-p 00000000 00:00 0 
7f1bcc000000-7f1bcc021000 rw-p 00000000 00:00 0 
7f1bcc021000-7f1bd0000000 ---p 00000000 00:00 0 
7f1bd0000000-7f1bd0021000 rw-p 00000000 00:00 0 
7f1bd0021000-7f1bd4000000 ---p 00000000 00:00 0 
7f1bd4000000-7f1bd4607000 rw-p 00000000 00:00 0 
7f1bd4607000-7f1bd8000000 ---p 00000000 00:00 0 
7f1bd8000000-7f1bd83bf000 rw-p 00000000 00:00 0 
7f1bd83bf000-7f1bdc000000 ---p 00000000 00:00 0 
7f1bdc000000-7f1bdc021000 rw-p 00000000 00:00 0 
7f1bdc021000-7f1be0000000 ---p 00000000 00:00 0 
7f1be0000000-7f1be04a2000 rw-p 00000000 00:00 0 
7f1be04a2000-7f1be4000000 ---p 00000000 00:00 0 
7f1be4000000-7f1be411d000 rw-p 00000000 00:00 0 
7f1be411d000-7f1be8000000 ---p 00000000 00:00 0 
7f1be8000000-7f1be803f000 rw-p 00000000 00:00 0 
7f1be803f000-7f1bec000000 ---p 00000000 00:00 0 
7f1bec000000-7f1bec021000 rw-p 00000000 00:00 0 
7f1bec021000-7f1bf0000000 ---p 00000000 00:00 0 
7f1bf0000000-7f1bf0021000 rw-p 00000000 00:00 0 
7f1bf0021000-7f1bf4000000 ---p 00000000 00:00 0 
7f1bf4000000-7f1bf4021000 rw-p 00000000 00:00 0 
7f1bf4021000-7f1bf8000000 ---p 00000000 00:00 0 
7f1bf8000000-7f1bf8021000 rw-p 00000000 00:00 0 
7f1bf8021000-7f1bfc000000 ---p 00000000 00:00 0 
7f1bfc000000-7f1bfc021000 rw-p 00000000 00:00 0 
7f1bfc021000-7f1c00000000 ---p 00000000 00:00 0 
7f1c00000000-7f1c00021000 rw-p 00000000 00:00 0 
7f1c00021000-7f1c04000000 ---p 00000000 00:00 0 
7f1c04000000-7f1c04021000 rw-p 00000000 00:00 0 
7f1c04021000-7f1c08000000 ---p 00000000 00:00 0 
7f1c08001000-7f1c0800c000 r--s 00000000 08:03 720930                     /var/cache/fontconfig/acc285bc1956c3c4bc7afb41d537a85a-le64.cache-4
7f1c0800c000-7f1c08017000 r--s 00000000 08:03 720949                     /var/cache/fontconfig/131ab5cc1583381c4f7ce0194912c56d-le64.cache-4
7f1c08017000-7f1c0802b000 r--s 00000000 08:03 720933                     /var/cache/fontconfig/1d528dd27b615845cab98a84ecdbaf45-le64.cache-4
7f1c0802b000-7f1c0802f000 r--s 00000000 08:03 720948                     /var/cache/fontconfig/88854163852d87a9a9866b7080197209-le64.cache-4
7f1c0802f000-7f1c08032000 r--s 00000000 08:03 720901                     /var/cache/fontconfig/3d682a0370ba38df4f20df561979eab7-le64.cache-4
7f1c08032000-7f1c08033000 r-xp 00000000 08:03 3460811                    /usr/lib64/libgthread-2.0.so.0.4400.1
7f1c08033000-7f1c08232000 ---p 00001000 08:03 3460811                    /usr/lib64/libgthread-2.0.so.0.4400.1
7f1c08232000-7f1c08233000 r--p 00000000 08:03 3460811                    /usr/lib64/libgthread-2.0.so.0.4400.1
7f1c08233000-7f1c08234000 rw-p 00001000 08:03 3460811                    /usr/lib64/libgthread-2.0.so.0.4400.1
7f1c08234000-7f1c08237000 r-xp 00000000 08:03 3459164                    /usr/lib64/libgmodule-2.0.so.0.4400.1
7f1c08237000-7f1c08436000 ---p 00003000 08:03 3459164                    /usr/lib64/libgmodule-2.0.so.0.4400.1
7f1c08436000-7f1c08437000 r--p 00002000 08:03 3459164                    /usr/lib64/libgmodule-2.0.so.0.4400.1
7f1c08437000-7f1c08438000 rw-p 00003000 08:03 3459164                    /usr/lib64/libgmodule-2.0.so.0.4400.1
7f1c08438000-7f1c08489000 r-xp 00000000 08:03 3460222                    /usr/lib64/libgobject-2.0.so.0.4400.1
7f1c08489000-7f1c08689000 ---p 00051000 08:03 3460222                    /usr/lib64/libgobject-2.0.so.0.4400.1
7f1c08689000-7f1c0868a000 r--p 00051000 08:03 3460222                    /usr/lib64/libgobject-2.0.so.0.4400.1
7f1c0868a000-7f1c0868b000 rw-p 00052000 08:03 3460222                    /usr/lib64/libgobject-2.0.so.0.4400.1
7f1c0868b000-7f1c086c7000 r-xp 00000000 08:03 3459694                    /usr/lib64/libfontconfig.so.1.8.0
7f1c086c7000-7f1c088c7000 ---p 0003c000 08:03 3459694                    /usr/lib64/libfontconfig.so.1.8.0
7f1c088c7000-7f1c088c9000 r--p 0003c000 08:03 3459694                    /usr/lib64/libfontconfig.so.1.8.0
7f1c088c9000-7f1c088ca000 rw-p 0003e000 08:03 3459694                    /usr/lib64/libfontconfig.so.1.8.0
7f1c088ca000-7f1c08970000 r-xp 00000000 08:03 3462408                    /usr/lib64/libfreetype.so.6.11.4
7f1c08970000-7f1c08b6f000 ---p 000a6000 08:03 3462408                    /usr/lib64/libfreetype.so.6.11.4
7f1c08b6f000-7f1c08b75000 r--p 000a5000 08:03 3462408                    /usr/lib64/libfreetype.so.6.11.4
7f1c08b75000-7f1c08b76000 rw-p 000ab000 08:03 3462408                    /usr/lib64/libfreetype.so.6.11.4
7f1c08b76000-7f1c08bc0000 r-xp 00000000 08:03 3462837                    /usr/lib64/libpango-1.0.so.0.3600.8
7f1c08bc0000-7f1c08dbf000 ---p 0004a000 08:03 3462837                    /usr/lib64/libpango-1.0.so.0.3600.8
7f1c08dbf000-7f1c08dc1000 r--p 00049000 08:03 3462837                    /usr/lib64/libpango-1.0.so.0.3600.8
7f1c08dc1000-7f1c08dc2000 rw-p 0004b000 08:03 3462837                    /usr/lib64/libpango-1.0.so.0.3600.8
7f1c08dc2000-7f1c08ee9000 r-xp 00000000 08:03 3460229                    /usr/lib64/libcairo.so.2.11400.2
7f1c08ee9000-7f1c090e9000 ---p 00127000 08:03 3460229                    /usr/lib64/libcairo.so.2.11400.2
7f1c090e9000-7f1c090ec000 r--p 00127000 08:03 3460229                    /usr/lib64/libcairo.so.2.11400.2
7f1c090ec000-7f1c090ee000 rw-p 0012a000 08:03 3460229                    /usr/lib64/libcairo.so.2.11400.2
7f1c090ee000-7f1c090ef000 rw-p 00000000 00:00 0 
7f1c090ef000-7f1c090fb000 r-xp 00000000 08:03 3463007                    /usr/lib64/libpangocairo-1.0.so.0.3600.8
7f1c090fb000-7f1c092fa000 ---p 0000c000 08:03 3463007                    /usr/lib64/libpangocairo-1.0.so.0.3600.8
7f1c092fa000-7f1c092fb000 r--p 0000b000 08:03 3463007                    /usr/lib64/libpangocairo-1.0.so.0.3600.8
7f1c092fb000-7f1c092fc000 rw-p 0000c000 08:03 3463007                    /usr/lib64/libpangocairo-1.0.so.0.3600.8
7f1c092fc000-7f1c0931d000 r-xp 00000000 08:03 3459244                    /usr/lib64/libgdk_pixbuf-2.0.so.0.3200.1
7f1c0931d000-7f1c0951c000 ---p 00021000 08:03 3459244                    /usr/lib64/libgdk_pixbuf-2.0.so.0.3200.1
7f1c0951c000-7f1c0951d000 r--p 00020000 08:03 3459244                    /usr/lib64/libgdk_pixbuf-2.0.so.0.3200.1
7f1c0951d000-7f1c0951e000 rw-p 00021000 08:03 3459244                    /usr/lib64/libgdk_pixbuf-2.0.so.0.3200.1
7f1c0951e000-7f1c09531000 r-xp 00000000 08:03 3461349                    /usr/lib64/libpangoft2-1.0.so.0.3600.8
7f1c09531000-7f1c09730000 ---p 00013000 08:03 3461349                    /usr/lib64/libpangoft2-1.0.so.0.3600.8
7f1c09730000-7f1c09731000 r--p 00012000 08:03 3461349                    /usr/lib64/libpangoft2-1.0.so.0.3600.8
7f1c09731000-7f1c09732000 rw-p 00013000 08:03 3461349                    /usr/lib64/libpangoft2-1.0.so.0.3600.8
7f1c09732000-7f1c098aa000 r-xp 00000000 08:03 3460392                    /usr/lib64/libgio-2.0.so.0.4400.1
7f1c098aa000-7f1c09aaa000 ---p 00178000 08:03 3460392                    /usr/lib64/libgio-2.0.so.0.4400.1
7f1c09aaa000-7f1c09aae000 r--p 00178000 08:03 3460392                    /usr/lib64/libgio-2.0.so.0.4400.1
7f1c09aae000-7f1c09ab0000 rw-p 0017c000 08:03 3460392                    /usr/lib64/libgio-2.0.so.0.4400.1
7f1c09ab0000-7f1c09ab2000 rw-p 00000000 00:00 0 
7f1c09ab2000-7f1c09ad5000 r-xp 00000000 08:03 3462862                    /usr/lib64/libatk-1.0.so.0.21609.1
7f1c09ad5000-7f1c09cd4000 ---p 00023000 08:03 3462862                    /usr/lib64/libatk-1.0.so.0.21609.1
7f1c09cd4000-7f1c09cd7000 r--p 00022000 08:03 3462862                    /usr/lib64/libatk-1.0.so.0.21609.1
7f1c09cd7000-7f1c09cd8000 rw-p 00025000 08:03 3462862                    /usr/lib64/libatk-1.0.so.0.21609.1
7f1c09cd8000-7f1c09d89000 r-xp 00000000 08:03 3461280                    /usr/lib64/libgdk-x11-2.0.so.0.2400.28
7f1c09d89000-7f1c09f88000 ---p 000b1000 08:03 3461280                    /usr/lib64/libgdk-x11-2.0.so.0.2400.28
7f1c09f88000-7f1c09f8c000 r--p 000b0000 08:03 3461280                    /usr/lib64/libgdk-x11-2.0.so.0.2400.28
7f1c09f8c000-7f1c09f8e000 rw-p 000b4000 08:03 3461280                    /usr/lib64/libgdk-x11-2.0.so.0.2400.28
7f1c09f8e000-7f1c0a3c6000 r-xp 00000000 08:03 3463060                    /usr/lib64/libgtk-x11-2.0.so.0.2400.28
7f1c0a3c6000-7f1c0a5c6000 ---p 00438000 08:03 3463060                    /usr/lib64/libgtk-x11-2.0.so.0.2400.28
7f1c0a5c6000-7f1c0a5cd000 r--p 00438000 08:03 3463060                    /usr/lib64/libgtk-x11-2.0.so.0.2400.28
7f1c0a5cd000-7f1c0a5d1000 rw-p 0043f000 08:03 3463060                    /usr/lib64/libgtk-x11-2.0.so.0.2400.28
7f1c0a5d1000-7f1c0a5d4000 rw-p 00000000 00:00 0 
7f1c0a5d4000-7f1c0a5e0000 r-xp 00000000 00:29 44177                      /home/huberst/Downloads/jdk1.8.0_72/jre/lib/amd64/libprism_es2.so
7f1c0a5e0000-7f1c0a7df000 ---p 0000c000 00:29 44177                      /home/huberst/Downloads/jdk1.8.0_72/jre/lib/amd64/libprism_es2.so
7f1c0a7df000-7f1c0a7e0000 rw-p 0000b000 00:29 44177                      /home/huberst/Downloads/jdk1.8.0_72/jre/lib/amd64/libprism_es2.so
7f1c0a7e0000-7f1c0a7e3000 ---p 00000000 00:00 0 
7f1c0a7e3000-7f1c0a8e1000 rw-p 00000000 00:00 0                          [stack:3143]
7f1c0a8e1000-7f1c0a8e2000 ---p 00000000 00:00 0 
7f1c0a8e2000-7f1c0a9e2000 rw-p 00000000 00:00 0                          [stack:3142]
7f1c0a9e2000-7f1c0a9e5000 ---p 00000000 00:00 0 
7f1c0a9e5000-7f1c0aae3000 rw-p 00000000 00:00 0                          [stack:3141]
7f1c0aae3000-7f1c0aae6000 ---p 00000000 00:00 0 
7f1c0aae6000-7f1c0abe4000 rw-p 00000000 00:00 0                          [stack:3140]
7f1c0abe4000-7f1c0abe7000 ---p 00000000 00:00 0 
7f1c0abe7000-7f1c0ace5000 rw-p 00000000 00:00 0                          [stack:3139]
7f1c0ace5000-7f1c0ace8000 ---p 00000000 00:00 0 
7f1c0ace8000-7f1c0ade6000 rw-p 00000000 00:00 0                          [stack:3138]
7f1c0ade6000-7f1c0ade9000 ---p 00000000 00:00 0 
7f1c0ade9000-7f1c0aee7000 rw-p 00000000 00:00 0                          [stack:3132]
7f1c0aee7000-7f1c0aeea000 ---p 00000000 00:00 0 
7f1c0aeea000-7f1c0afe8000 rw-p 00000000 00:00 0                          [stack:3131]
7f1c0afe8000-7f1c0afeb000 ---p 00000000 00:00 0 
7f1c0afeb000-7f1c0b0e9000 rw-p 00000000 00:00 0                          [stack:3130]
7f1c0b0e9000-7f1c0b0ef000 r-xp 00000000 08:03 4113929                    /lib64/libnss_db-2.21.so
7f1c0b0ef000-7f1c0b2ef000 ---p 00006000 08:03 4113929                    /lib64/libnss_db-2.21.so
7f1c0b2ef000-7f1c0b2f0000 r--p 00006000 08:03 4113929                    /lib64/libnss_db-2.21.so
7f1c0b2f0000-7f1c0b2f1000 rw-p 00007000 08:03 4113929                    /lib64/libnss_db-2.21.so
7f1c0b2f1000-7f1c0b2f5000 r-xp 00000000 00:29 44067                      /home/huberst/Downloads/jdk1.8.0_72/jre/lib/amd64/libdt_socket.so
7f1c0b2f5000-7f1c0b4f4000 ---p 00004000 00:29 44067                      /home/huberst/Downloads/jdk1.8.0_72/jre/lib/amd64/libdt_socket.so
7f1c0b4f4000-7f1c0b4f5000 rw-p 00003000 00:29 44067                      /home/huberst/Downloads/jdk1.8.0_72/jre/lib/amd64/libdt_socket.so
7f1c0b4f5000-7f1c0b4f8000 ---p 00000000 00:00 0 
7f1c0b4f8000-7f1c0b5f6000 rw-p 00000000 00:00 0                          [stack:3127]
7f1c0b5f6000-7f1c0b5f9000 ---p 00000000 00:00 0 
7f1c0b5f9000-7f1c0b6f7000 rw-p 00000000 00:00 0                          [stack:3126]
7f1c0b6f7000-7f1c0b6fa000 ---p 00000000 00:00 0 
7f1c0b6fa000-7f1c0b7f8000 rw-p 00000000 00:00 0                          [stack:3125]
7f1c0b7f8000-7f1c0b7f9000 ---p 00000000 00:00 0 
7f1c0b7f9000-7f1c0c000000 rw-p 00000000 00:00 0                          [stack:3123]
7f1c0c000000-7f1c0c021000 rw-p 00000000 00:00 0 
7f1c0c021000-7f1c10000000 ---p 00000000 00:00 0 
7f1c10000000-7f1c10001000 rw-p 00000000 00:00 0 
7f1c10001000-7f1c10002000 rw-s 00000000 00:05 2698697                    /drm mm object (deleted)
7f1c10002000-7f1c10010000 r--s 00000000 08:03 720919                     /var/cache/fontconfig/ccb2d0786bada64fd4b4887a4949240d-le64.cache-4
7f1c10010000-7f1c10015000 r--s 00000000 08:03 720993                     /var/cache/fontconfig/a595ca43be94766bbfe429f07fba82d0-le64.cache-4
7f1c10015000-7f1c10018000 r--s 00000000 08:03 721007                     /var/cache/fontconfig/1a21276ee10c19eef148b044d48c5704-le64.cache-4
7f1c10018000-7f1c1002e000 r--s 00000000 08:03 720923                     /var/cache/fontconfig/221fd1126b80b777db535aea535e87ba-le64.cache-4
7f1c1002e000-7f1c10052000 r--s 00000000 08:03 720989                     /var/cache/fontconfig/71e44b93d92c4d850a6425411914df5e-le64.cache-4
7f1c10052000-7f1c1005d000 r--s 00000000 08:03 720970                     /var/cache/fontconfig/12b26b760a24f8b4feb03ad48a333a72-le64.cache-4
7f1c1005d000-7f1c1007d000 r--s 00000000 08:03 720961                     /var/cache/fontconfig/4b5cf4386f1cde02a336ba961b4ac82d-le64.cache-4
7f1c1007d000-7f1c10084000 r--s 00000000 08:03 721024                     /var/cache/fontconfig/61c91b4f4892ffae4bc0efef540a1e5d-le64.cache-4
7f1c10084000-7f1c10094000 r--s 00000000 08:03 720984                     /var/cache/fontconfig/f73c51d6200a78c2054c26a5b2398976-le64.cache-4
7f1c10094000-7f1c1009e000 r--s 000e7000 00:29 68796                      /home/huberst/NetBeansProjects/Trachtenverein/Grn2_Mitgliederverwaltung/dist/run1701977913/lib/mysql-connector-java-5.1.38-bin.jar
7f1c1009e000-7f1c100a8000 r--s 00116000 00:29 44230                      /home/huberst/Downloads/jdk1.8.0_72/jre/lib/ext/localedata.jar
7f1c100a8000-7f1c100b0000 rw-s 00000000 00:05 2696471                    /drm mm object (deleted)
7f1c100b0000-7f1c108b8000 rw-p 00000000 00:00 0 
7f1c108b8000-7f1c10a90000 r--s 03d1d000 00:29 44213                      /home/huberst/Downloads/jdk1.8.0_72/jre/lib/rt.jar
7f1c10a90000-7f1c15000000 rw-p 00000000 00:00 0 
7f1c15000000-7f1c15670000 rwxp 00000000 00:00 0 
7f1c15670000-7f1c24000000 ---p 00000000 00:00 0 
7f1c24000000-7f1c244ee000 rw-p 00000000 00:00 0 
7f1c244ee000-7f1c28000000 ---p 00000000 00:00 0 
7f1c28000000-7f1c28001000 r--s 00000000 08:03 721048                     /var/cache/fontconfig/6ef3cb86ec2b94257f34d8aad949be2d-le64.cache-4
7f1c28001000-7f1c28003000 r--s 00000000 08:03 720947                     /var/cache/fontconfig/452f1fac34b224105d7acfae3034bcd5-le64.cache-4
7f1c28003000-7f1c28005000 r--s 00000000 08:03 721012                     /var/cache/fontconfig/5d5eff56e8f1159b1b4589e2943afc55-le64.cache-4
7f1c28005000-7f1c28006000 r--s 00000000 08:03 720988                     /var/cache/fontconfig/6ba42ae0000f58711b5caaf10d690066-le64.cache-4
7f1c28006000-7f1c28033000 r--p 00000000 08:03 5194588                    /usr/share/locale/de/LC_MESSAGES/gtk20-properties.mo
7f1c28033000-7f1c280c9000 r--s 01102000 00:29 44240                      /home/huberst/Downloads/jdk1.8.0_72/jre/lib/ext/jfxrt.jar
7f1c280c9000-7f1c28565000 rw-p 00000000 00:00 0 
7f1c28565000-7f1c28566000 ---p 00000000 00:00 0 
7f1c28566000-7f1c28666000 rw-p 00000000 00:00 0                          [stack:3122]
7f1c28666000-7f1c28667000 ---p 00000000 00:00 0 
7f1c28667000-7f1c28767000 rw-p 00000000 00:00 0                          [stack:3121]
7f1c28767000-7f1c28768000 ---p 00000000 00:00 0 
7f1c28768000-7f1c28868000 rw-p 00000000 00:00 0                          [stack:3120]
7f1c28868000-7f1c28869000 ---p 00000000 00:00 0 
7f1c28869000-7f1c28993000 rw-p 00000000 00:00 0                          [stack:3119]
7f1c28993000-7f1c28bf9000 ---p 00000000 00:00 0 
7f1c28bf9000-7f1c28c23000 rw-p 00000000 00:00 0 
7f1c28c23000-7f1c28e88000 ---p 00000000 00:00 0 
7f1c28e88000-7f1c28e9d000 rw-p 00000000 00:00 0 
7f1c28e9d000-7f1c28fd0000 ---p 00000000 00:00 0 
7f1c28fd0000-7f1c28feb000 rw-p 00000000 00:00 0 
7f1c28feb000-7f1c29391000 ---p 00000000 00:00 0 
7f1c29391000-7f1c293ab000 r-xp 00000000 00:29 44146                      /home/huberst/Downloads/jdk1.8.0_72/jre/lib/amd64/libzip.so
7f1c293ab000-7f1c295ab000 ---p 0001a000 00:29 44146                      /home/huberst/Downloads/jdk1.8.0_72/jre/lib/amd64/libzip.so
7f1c295ab000-7f1c295ac000 rw-p 0001a000 00:29 44146                      /home/huberst/Downloads/jdk1.8.0_72/jre/lib/amd64/libzip.so
7f1c295ac000-7f1c29db1000 r--s 00000000 08:03 839165                     /var/lib/sss/mc/passwd
7f1c29db1000-7f1c29db9000 r-xp 00000000 08:03 4112762                    /lib64/libnss_sss.so.2
7f1c29db9000-7f1c29fb8000 ---p 00008000 08:03 4112762                    /lib64/libnss_sss.so.2
7f1c29fb8000-7f1c29fb9000 r--p 00007000 08:03 4112762                    /lib64/libnss_sss.so.2
7f1c29fb9000-7f1c29fba000 rw-p 00008000 08:03 4112762                    /lib64/libnss_sss.so.2
7f1c29fba000-7f1c29fc5000 r-xp 00000000 08:03 4113956                    /lib64/libnss_files-2.21.so
7f1c29fc5000-7f1c2a1c4000 ---p 0000b000 08:03 4113956                    /lib64/libnss_files-2.21.so
7f1c2a1c4000-7f1c2a1c5000 r--p 0000a000 08:03 4113956                    /lib64/libnss_files-2.21.so
7f1c2a1c5000-7f1c2a1c6000 rw-p 0000b000 08:03 4113956                    /lib64/libnss_files-2.21.so
7f1c2a1c6000-7f1c2a572000 r--p 00000000 08:03 3582028                    /usr/lib64/locale/locale-archive
7f1c2a572000-7f1c2a574000 r-xp 00000000 00:29 44112                      /home/huberst/Downloads/jdk1.8.0_72/jre/lib/amd64/libnpt.so
7f1c2a574000-7f1c2a774000 ---p 00002000 00:29 44112                      /home/huberst/Downloads/jdk1.8.0_72/jre/lib/amd64/libnpt.so
7f1c2a774000-7f1c2a775000 rw-p 00002000 00:29 44112                      /home/huberst/Downloads/jdk1.8.0_72/jre/lib/amd64/libnpt.so
7f1c2a775000-7f1c2a7ae000 r-xp 00000000 00:29 44135                      /home/huberst/Downloads/jdk1.8.0_72/jre/lib/amd64/libjdwp.so
7f1c2a7ae000-7f1c2a9ad000 ---p 00039000 00:29 44135                      /home/huberst/Downloads/jdk1.8.0_72/jre/lib/amd64/libjdwp.so
7f1c2a9ad000-7f1c2a9af000 rw-p 00038000 00:29 44135                      /home/huberst/Downloads/jdk1.8.0_72/jre/lib/amd64/libjdwp.so
7f1c2a9af000-7f1c2a9d9000 r-xp 00000000 00:29 44107                      /home/huberst/Downloads/jdk1.8.0_72/jre/lib/amd64/libjava.so
7f1c2a9d9000-7f1c2abd9000 ---p 0002a000 00:29 44107                      /home/huberst/Downloads/jdk1.8.0_72/jre/lib/amd64/libjava.so
7f1c2abd9000-7f1c2abdb000 rw-p 0002a000 00:29 44107                      /home/huberst/Downloads/jdk1.8.0_72/jre/lib/amd64/libjava.so
7f1c2abdb000-7f1c2abe8000 r-xp 00000000 00:29 44140                      /home/huberst/Downloads/jdk1.8.0_72/jre/lib/amd64/libverify.so
7f1c2abe8000-7f1c2ade8000 ---p 0000d000 00:29 44140                      /home/huberst/Downloads/jdk1.8.0_72/jre/lib/amd64/libverify.so
7f1c2ade8000-7f1c2adea000 rw-p 0000d000 00:29 44140                      /home/huberst/Downloads/jdk1.8.0_72/jre/lib/amd64/libverify.so
7f1c2adea000-7f1c2adf0000 r-xp 00000000 08:03 4112735                    /lib64/librt-2.21.so
7f1c2adf0000-7f1c2aff0000 ---p 00006000 08:03 4112735                    /lib64/librt-2.21.so
7f1c2aff0000-7f1c2aff1000 r--p 00006000 08:03 4112735                    /lib64/librt-2.21.so
7f1c2aff1000-7f1c2aff2000 rw-p 00007000 08:03 4112735                    /lib64/librt-2.21.so
7f1c2aff2000-7f1c2b0f4000 r-xp 00000000 08:03 4112693                    /lib64/libm-2.21.so
7f1c2b0f4000-7f1c2b2f3000 ---p 00102000 08:03 4112693                    /lib64/libm-2.21.so
7f1c2b2f3000-7f1c2b2f4000 r--p 00101000 08:03 4112693                    /lib64/libm-2.21.so
7f1c2b2f4000-7f1c2b2f5000 rw-p 00102000 08:03 4112693                    /lib64/libm-2.21.so
7f1c2b2f5000-7f1c2bfb4000 r-xp 00000000 00:29 44167                      /home/huberst/Downloads/jdk1.8.0_72/jre/lib/amd64/server/libjvm.so
7f1c2bfb4000-7f1c2c1b3000 ---p 00cbf000 00:29 44167                      /home/huberst/Downloads/jdk1.8.0_72/jre/lib/amd64/server/libjvm.so
7f1c2c1b3000-7f1c2c28c000 rw-p 00cbe000 00:29 44167                      /home/huberst/Downloads/jdk1.8.0_72/jre/lib/amd64/server/libjvm.so
7f1c2c28c000-7f1c2c2d5000 rw-p 00000000 00:00 0 
7f1c2c2d5000-7f1c2c46c000 r-xp 00000000 08:03 4114000                    /lib64/libc-2.21.so
7f1c2c46c000-7f1c2c66b000 ---p 00197000 08:03 4114000                    /lib64/libc-2.21.so
7f1c2c66b000-7f1c2c66f000 r--p 00196000 08:03 4114000                    /lib64/libc-2.21.so
7f1c2c66f000-7f1c2c671000 rw-p 0019a000 08:03 4114000                    /lib64/libc-2.21.so
7f1c2c671000-7f1c2c675000 rw-p 00000000 00:00 0 
7f1c2c675000-7f1c2c677000 r-xp 00000000 08:03 4113979                    /lib64/libdl-2.21.so
7f1c2c677000-7f1c2c877000 ---p 00002000 08:03 4113979                    /lib64/libdl-2.21.so
7f1c2c877000-7f1c2c878000 r--p 00002000 08:03 4113979                    /lib64/libdl-2.21.so
7f1c2c878000-7f1c2c879000 rw-p 00003000 08:03 4113979                    /lib64/libdl-2.21.so
7f1c2c879000-7f1c2c88e000 r-xp 00000000 00:29 42574                      /home/huberst/Downloads/jdk1.8.0_72/lib/amd64/jli/libjli.so
7f1c2c88e000-7f1c2ca8e000 ---p 00015000 00:29 42574                      /home/huberst/Downloads/jdk1.8.0_72/lib/amd64/jli/libjli.so
7f1c2ca8e000-7f1c2ca8f000 rw-p 00015000 00:29 42574                      /home/huberst/Downloads/jdk1.8.0_72/lib/amd64/jli/libjli.so
7f1c2ca8f000-7f1c2caa6000 r-xp 00000000 08:03 4112760                    /lib64/libpthread-2.21.so
7f1c2caa6000-7f1c2cca5000 ---p 00017000 08:03 4112760                    /lib64/libpthread-2.21.so
7f1c2cca5000-7f1c2cca6000 r--p 00016000 08:03 4112760                    /lib64/libpthread-2.21.so
7f1c2cca6000-7f1c2cca7000 rw-p 00017000 08:03 4112760                    /lib64/libpthread-2.21.so
7f1c2cca7000-7f1c2ccab000 rw-p 00000000 00:00 0 
7f1c2ccab000-7f1c2cccd000 r-xp 00000000 08:03 4112705                    /lib64/ld-2.21.so
7f1c2cccd000-7f1c2ccd1000 r--s 00040000 00:29 68795                      /home/huberst/NetBeansProjects/Trachtenverein/Grn2_Mitgliederverwaltung/dist/run1701977913/lib/jsch-0.1.53.jar
7f1c2ccd1000-7f1c2ccd9000 rw-s 00000000 00:05 2696467                    /drm mm object (deleted)
7f1c2ccd9000-7f1c2cce8000 r--p 00000000 08:03 5195009                    /usr/share/locale/de/LC_MESSAGES/gtk20.mo
7f1c2cce8000-7f1c2ccf0000 rw-s 00000000 00:05 2693048                    /drm mm object (deleted)
7f1c2ccf0000-7f1c2cd16000 r--p 00000000 08:03 5194872                    /usr/share/locale/de/LC_MESSAGES/libc.mo
7f1c2cd16000-7f1c2cd71000 rw-p 00000000 00:00 0 
7f1c2cd71000-7f1c2cd74000 ---p 00000000 00:00 0 
7f1c2cd74000-7f1c2ce76000 rw-p 00000000 00:00 0                          [stack:3118]
7f1c2ce76000-7f1c2ce79000 r--s 00000000 08:03 721016                     /var/cache/fontconfig/d62e99ef547d1d24cdb1bd22ec1a2976-le64.cache-4
7f1c2ce79000-7f1c2ce7a000 rw-s 00000000 00:05 2696468                    /drm mm object (deleted)
7f1c2ce7a000-7f1c2ce7b000 rw-s 00000000 00:05 2693049                    /drm mm object (deleted)
7f1c2ce7b000-7f1c2ce82000 r--s 00000000 08:03 3557048                    /usr/lib64/gconv/gconv-modules.cache
7f1c2ce82000-7f1c2ce96000 r-xp 00000000 08:03 3457081                    /usr/lib64/libudev.so.1.6.2
7f1c2ce96000-7f1c2ce97000 r--p 00013000 08:03 3457081                    /usr/lib64/libudev.so.1.6.2
7f1c2ce97000-7f1c2ce98000 rw-p 00014000 08:03 3457081                    /usr/lib64/libudev.so.1.6.2
7f1c2ce98000-7f1c2ce9a000 r--s 0000e000 00:29 68792                      /home/huberst/NetBeansProjects/Trachtenverein/Grn2_Mitgliederverwaltung/dist/run1701977913/Grn2_Mitgliederverwaltung.jar
7f1c2ce9a000-7f1c2cec1000 rw-p 00000000 00:00 0 
7f1c2cec1000-7f1c2cec9000 rw-s 00000000 00:17 2693016                    /tmp/hsperfdata_huberst/3114
7f1c2cec9000-7f1c2ceca000 rw-p 00000000 00:00 0 
7f1c2ceca000-7f1c2cecb000 r--p 00000000 00:00 0 
7f1c2cecb000-7f1c2cecc000 rw-p 00000000 00:00 0 
7f1c2cecc000-7f1c2cecd000 r--p 00021000 08:03 4112705                    /lib64/ld-2.21.so
7f1c2cecd000-7f1c2cece000 rw-p 00022000 08:03 4112705                    /lib64/ld-2.21.so
7f1c2cece000-7f1c2cecf000 rw-p 00000000 00:00 0 
7ffe1d988000-7ffe1d9aa000 rw-p 00000000 00:00 0                          [stack]
7ffe1d9c8000-7ffe1d9ca000 r--p 00000000 00:00 0                          [vvar]
7ffe1d9ca000-7ffe1d9cc000 r-xp 00000000 00:00 0                          [vdso]
ffffffffff600000-ffffffffff601000 r-xp 00000000 00:00 0                  [vsyscall]

VM Arguments:
jvm_args: -Xdebug -Xrunjdwp:transport=dt_socket,address=localhost:60045 -Dfile.encoding=UTF-8 
java_command: /home/huberst/NetBeansProjects/Trachtenverein/Grn2_Mitgliederverwaltung/dist/run1701977913/Grn2_Mitgliederverwaltung.jar
java_class_path (initial): /home/huberst/NetBeansProjects/Trachtenverein/Grn2_Mitgliederverwaltung/dist/run1701977913/Grn2_Mitgliederverwaltung.jar
Launcher Type: SUN_STANDARD

Environment Variables:
JAVA_HOME=/home/huberst/.gentoo/java-config-2/current-user-vm
PATH=./:~/bin:/public/bin:/common/bin:/common/hosts:/global/bin:/usr/local/bin:/usr/bin:/bin:/opt/bin:/usr/x86_64-pc-linux-gnu/gcc-bin/4.9.3:/usr/x86_64-pc-linux-gnu/avr/gcc-bin/4.9.3:/usr/lib64/subversion/bin:/usr/games/bin:/sbin
LD_LIBRARY_PATH=/opt/oracle-jdk-bin-1.8.0.66/jre/lib/amd64:/opt/oracle-jdk-bin-1.8.0.66/jre/lib/i386:
SHELL=/public/bin/bash
DISPLAY=:1

Signal Handlers:
SIGSEGV: [libjvm.so+0xabb070], sa_mask[0]=11111111011111111101111111111110, sa_flags=SA_RESTART|SA_SIGINFO
SIGBUS: [libjvm.so+0xabb070], sa_mask[0]=11111111011111111101111111111110, sa_flags=SA_RESTART|SA_SIGINFO
SIGFPE: [libjvm.so+0x918480], sa_mask[0]=11111111011111111101111111111110, sa_flags=SA_RESTART|SA_SIGINFO
SIGPIPE: SIG_IGN, sa_mask[0]=00000000000010000000000000000000, sa_flags=SA_RESTART
SIGXFSZ: [libjvm.so+0x918480], sa_mask[0]=11111111011111111101111111111110, sa_flags=SA_RESTART|SA_SIGINFO
SIGILL: [libjvm.so+0x918480], sa_mask[0]=11111111011111111101111111111110, sa_flags=SA_RESTART|SA_SIGINFO
SIGUSR1: SIG_DFL, sa_mask[0]=00000000000000000000000000000000, sa_flags=none
SIGUSR2: [libjvm.so+0x919ab0], sa_mask[0]=00100000000000000000000000000000, sa_flags=SA_RESTART|SA_SIGINFO
SIGHUP: [libjvm.so+0x91aeb0], sa_mask[0]=11111111011111111101111111111110, sa_flags=SA_RESTART|SA_SIGINFO
SIGINT: SIG_IGN, sa_mask[0]=00000000000000000000000000000000, sa_flags=none
SIGTERM: [libjvm.so+0x91aeb0], sa_mask[0]=11111111011111111101111111111110, sa_flags=SA_RESTART|SA_SIGINFO
SIGQUIT: [libjvm.so+0x91aeb0], sa_mask[0]=11111111011111111101111111111110, sa_flags=SA_RESTART|SA_SIGINFO


---------------  S Y S T E M  ---------------

OS:Gentoo Base System release 2.2

uname:Linux 4.1.12-gentoo #2 SMP Thu Nov 5 10:50:32 CET 2015 x86_64
libc:glibc 2.21 NPTL 2.21 
rlimit: STACK 8192k, CORE 0k, NPROC 1000, NOFILE 4096, AS infinity
load average:0,69 0,41 0,22

/proc/meminfo:
MemTotal:        8045720 kB
MemFree:          787764 kB
MemAvailable:    5176912 kB
Buffers:          451716 kB
Cached:          4067756 kB
SwapCached:         4376 kB
Active:          4649768 kB
Inactive:        2195664 kB
Active(anon):    2070268 kB
Inactive(anon):   605952 kB
Active(file):    2579500 kB
Inactive(file):  1589712 kB
Unevictable:          64 kB
Mlocked:              64 kB
SwapTotal:      10485756 kB
SwapFree:       10443868 kB
Dirty:                88 kB
Writeback:             0 kB
AnonPages:       2322952 kB
Mapped:           532048 kB
Shmem:            350264 kB
Slab:             304104 kB
SReclaimable:     262440 kB
SUnreclaim:        41664 kB
KernelStack:       13088 kB
PageTables:        53736 kB
NFS_Unstable:          4 kB
Bounce:                0 kB
WritebackTmp:          0 kB
CommitLimit:    14508616 kB
Committed_AS:    7385052 kB
VmallocTotal:   34359738367 kB
VmallocUsed:      352844 kB
VmallocChunk:   34358947836 kB
DirectMap4k:       21968 kB
DirectMap2M:     8245248 kB


CPU:total 4 (4 cores per cpu, 1 threads per core) family 6 model 42 stepping 7, cmov, cx8, fxsr, mmx, sse, sse2, sse3, ssse3, sse4.1, sse4.2, popcnt, avx, aes, clmul, tsc, tscinvbit

/proc/cpuinfo:
processor	: 0
vendor_id	: GenuineIntel
cpu family	: 6
model		: 42
model name	: Intel(R) Core(TM) i5-2400 CPU @ 3.10GHz
stepping	: 7
microcode	: 0x14
cpu MHz		: 3101.000
cache size	: 6144 KB
physical id	: 0
siblings	: 4
core id		: 0
cpu cores	: 4
apicid		: 0
initial apicid	: 0
fpu		: yes
fpu_exception	: yes
cpuid level	: 13
wp		: yes
flags		: fpu vme de pse tsc msr pae mce cx8 apic sep mtrr pge mca cmov pat pse36 clflush dts acpi mmx fxsr sse sse2 ss ht tm pbe syscall nx rdtscp lm constant_tsc arch_perfmon pebs bts rep_good nopl xtopology nonstop_tsc aperfmperf eagerfpu pni pclmulqdq dtes64 monitor ds_cpl vmx smx est tm2 ssse3 cx16 xtpr pdcm pcid sse4_1 sse4_2 x2apic popcnt tsc_deadline_timer aes xsave avx lahf_lm ida arat epb pln pts dtherm tpr_shadow vnmi flexpriority ept vpid xsaveopt
bugs		:
bogomips	: 6185.87
clflush size	: 64
cache_alignment	: 64
address sizes	: 36 bits physical, 48 bits virtual
power management:

processor	: 1
vendor_id	: GenuineIntel
cpu family	: 6
model		: 42
model name	: Intel(R) Core(TM) i5-2400 CPU @ 3.10GHz
stepping	: 7
microcode	: 0x14
cpu MHz		: 3101.000
cache size	: 6144 KB
physical id	: 0
siblings	: 4
core id		: 1
cpu cores	: 4
apicid		: 2
initial apicid	: 2
fpu		: yes
fpu_exception	: yes
cpuid level	: 13
wp		: yes
flags		: fpu vme de pse tsc msr pae mce cx8 apic sep mtrr pge mca cmov pat pse36 clflush dts acpi mmx fxsr sse sse2 ss ht tm pbe syscall nx rdtscp lm constant_tsc arch_perfmon pebs bts rep_good nopl xtopology nonstop_tsc aperfmperf eagerfpu pni pclmulqdq dtes64 monitor ds_cpl vmx smx est tm2 ssse3 cx16 xtpr pdcm pcid sse4_1 sse4_2 x2apic popcnt tsc_deadline_timer aes xsave avx lahf_lm ida arat epb pln pts dtherm tpr_shadow vnmi flexpriority ept vpid xsaveopt
bugs		:
bogomips	: 6185.87
clflush size	: 64
cache_alignment	: 64
address sizes	: 36 bits physical, 48 bits virtual
power management:

processor	: 2
vendor_id	: GenuineIntel
cpu family	: 6
model		: 42
model name	: Intel(R) Core(TM) i5-2400 CPU @ 3.10GHz
stepping	: 7
microcode	: 0x14
cpu MHz		: 3101.000
cache size	: 6144 KB
physical id	: 0
siblings	: 4
core id		: 2
cpu cores	: 4
apicid		: 4
initial apicid	: 4
fpu		: yes
fpu_exception	: yes
cpuid level	: 13
wp		: yes
flags		: fpu vme de pse tsc msr pae mce cx8 apic sep mtrr pge mca cmov pat pse36 clflush dts acpi mmx fxsr sse sse2 ss ht tm pbe syscall nx rdtscp lm constant_tsc arch_perfmon pebs bts rep_good nopl xtopology nonstop_tsc aperfmperf eagerfpu pni pclmulqdq dtes64 monitor ds_cpl vmx smx est tm2 ssse3 cx16 xtpr pdcm pcid sse4_1 sse4_2 x2apic popcnt tsc_deadline_timer aes xsave avx lahf_lm ida arat epb pln pts dtherm tpr_shadow vnmi flexpriority ept vpid xsaveopt
bugs		:
bogomips	: 6185.87
clflush size	: 64
cache_alignment	: 64
address sizes	: 36 bits physical, 48 bits virtual
power management:

processor	: 3
vendor_id	: GenuineIntel
cpu family	: 6
model		: 42
model name	: Intel(R) Core(TM) i5-2400 CPU @ 3.10GHz
stepping	: 7
microcode	: 0x14
cpu MHz		: 3101.000
cache size	: 6144 KB
physical id	: 0
siblings	: 4
core id		: 3
cpu cores	: 4
apicid		: 6
initial apicid	: 6
fpu		: yes
fpu_exception	: yes
cpuid level	: 13
wp		: yes
flags		: fpu vme de pse tsc msr pae mce cx8 apic sep mtrr pge mca cmov pat pse36 clflush dts acpi mmx fxsr sse sse2 ss ht tm pbe syscall nx rdtscp lm constant_tsc arch_perfmon pebs bts rep_good nopl xtopology nonstop_tsc aperfmperf eagerfpu pni pclmulqdq dtes64 monitor ds_cpl vmx smx est tm2 ssse3 cx16 xtpr pdcm pcid sse4_1 sse4_2 x2apic popcnt tsc_deadline_timer aes xsave avx lahf_lm ida arat epb pln pts dtherm tpr_shadow vnmi flexpriority ept vpid xsaveopt
bugs		:
bogomips	: 6185.87
clflush size	: 64
cache_alignment	: 64
address sizes	: 36 bits physical, 48 bits virtual
power management:



Memory: 4k page, physical 8045720k(787764k free), swap 10485756k(10443868k free)

vm_info: Java HotSpot(TM) 64-Bit Server VM (25.72-b15) for linux-amd64 JRE (1.8.0_72-b15), built on Dec 22 2015 22:00:07 by "java_re" with gcc 4.3.0 20080428 (Red Hat 4.3.0-8)

time: Tue Feb  2 11:40:50 2016
elapsed time: 16 seconds (0d 0h 0m 16s)

